{
  "C:/Users/Evald/repos/react/react_web_technologies/habit-tracker/cypress/support/commands.js": {
    "path": "C:/Users/Evald/repos/react/react_web_technologies/habit-tracker/cypress/support/commands.js",
    "statementMap": {},
    "fnMap": {},
    "branchMap": {},
    "s": {},
    "f": {},
    "b": {},
    "inputSourceMap": {
      "version": 3,
      "sources": [
        "C:/Users/Evald/repos/react/react_web_technologies/habit-tracker/cypress/support/commands.js"
      ],
      "names": [],
      "mappings": "AAAA,CAAC,CAAC,CAAC,CAAC,CAAC,CAAC,CAAC,CAAC,CAAC,CAAC,CAAC,CAAC,CAAC,CAAC,CAAC,CAAC,CAAC,CAAC,CAAC,CAAC,CAAC,CAAC,CAAC,CAAC,CAAC,CAAC,CAAC,CAAC,CAAC,CAAC,CAAC,CAAC,CAAC,CAAC,CAAC,CAAC,CAAC,CAAC,CAAC,CAAC,CAAC,CAAC,CAAC,CAAC,CAAC,CAAC,CAAC,CAAC,CAAC;AACjD,CAAC,CAAC,CAAC,IAAI,CAAC,OAAO,CAAC,QAAQ,CAAC,EAAE,CAAC,KAAK,CAAC,GAAG,CAAC,GAAG,CAAC;AAC1C,CAAC,CAAC,CAAC,MAAM,CAAC,OAAO,CAAC,MAAM,CAAC,QAAQ,CAAC,GAAG,CAAC;AACtC,CAAC,CAAC,CAAC,QAAQ,CAAC,QAAQ;AACpB,CAAC;AACD,CAAC,CAAC,CAAC,GAAG,CAAC,IAAI,CAAC,aAAa,CAAC,QAAQ,CAAC,EAAE,CAAC;AACtC,CAAC,CAAC,CAAC,QAAQ,CAAC,MAAM,CAAC,IAAI,CAAC,IAAI,CAAC,IAAI;AACjC,CAAC,CAAC,CAAC,KAAK,CAAC,CAAC,CAAC,EAAE,CAAC,OAAO,CAAC,EAAE,CAAC,MAAM,CAAC;AAChC,CAAC,CAAC,CAAC,CAAC,CAAC,CAAC,CAAC,CAAC,CAAC,CAAC,CAAC,CAAC,CAAC,CAAC,CAAC,CAAC,CAAC,CAAC,CAAC,CAAC,CAAC,CAAC,CAAC,CAAC,CAAC,CAAC,CAAC,CAAC,CAAC,CAAC,CAAC,CAAC,CAAC,CAAC,CAAC,CAAC,CAAC,CAAC,CAAC,CAAC,CAAC,CAAC,CAAC,CAAC,CAAC,CAAC,CAAC,CAAC,CAAC;AACjD,CAAC;AACD,CAAC;AACD,CAAC,CAAC,CAAC,CAAC,CAAC,CAAC,IAAI,CAAC,EAAE,CAAC,CAAC,CAAC,MAAM,CAAC,OAAO,CAAC,CAAC;AAChC,CAAC,CAAC,CAAC,OAAO,CAAC,QAAQ,CAAC,GAAG,CAAC,CAAC,KAAK,CAAC,CAAC,CAAC,CAAC,KAAK,CAAC,CAAC,QAAQ,CAAC,CAAC,CAAC,CAAC,CAAC,CAAC,CAAC,CAAC,CAAC,CAAC,CAAC,CAAC;AAC7D,CAAC;AACD,CAAC;AACD,CAAC,CAAC,CAAC,CAAC,CAAC,CAAC,IAAI,CAAC,EAAE,CAAC,CAAC,CAAC,KAAK,CAAC,OAAO,CAAC,CAAC;AAC/B,CAAC,CAAC,CAAC,OAAO,CAAC,QAAQ,CAAC,GAAG,CAAC,CAAC,IAAI,CAAC,CAAC,CAAC,CAAC,CAAC,WAAW,CAAC,CAAC,CAAC,OAAO,CAAC,CAAC,CAAC,CAAC,CAAC,OAAO,CAAC,CAAC,OAAO,CAAC,CAAC,CAAC,CAAC,CAAC,CAAC,CAAC,CAAC,CAAC,CAAC,CAAC,CAAC;AACxF,CAAC;AACD,CAAC;AACD,CAAC,CAAC,CAAC,CAAC,CAAC,CAAC,IAAI,CAAC,EAAE,CAAC,CAAC,CAAC,IAAI,CAAC,OAAO,CAAC,CAAC;AAC9B,CAAC,CAAC,CAAC,OAAO,CAAC,QAAQ,CAAC,GAAG,CAAC,CAAC,OAAO,CAAC,CAAC,CAAC,CAAC,CAAC,WAAW,CAAC,CAAC,CAAC,QAAQ,CAAC,CAAC,CAAC,CAAC,CAAC,OAAO,CAAC,CAAC,OAAO,CAAC,CAAC,CAAC,CAAC,CAAC,CAAC,CAAC,CAAC,CAAC,CAAC,CAAC,CAAC;AAC5F,CAAC;AACD,CAAC;AACD,CAAC,CAAC,CAAC,CAAC,CAAC,CAAC,IAAI,CAAC,IAAI,CAAC,SAAS,CAAC,EAAE,CAAC,QAAQ,CAAC,OAAO,CAAC,CAAC;AAC/C,CAAC,CAAC,CAAC,OAAO,CAAC,QAAQ,CAAC,SAAS,CAAC,CAAC,KAAK,CAAC,CAAC,CAAC,CAAC,UAAU,CAAC,CAAC,GAAG,CAAC,CAAC,OAAO,CAAC,CAAC,CAAC,CAAC,CAAC,CAAC,CAAC,CAAC,CAAC,CAAC,CAAC,CAAC;"
    },
    "_coverageSchema": "1a1c01bbd47fc00a2c39e90264f33305004495a9",
    "hash": "296502774c23db15dadc5ae67802e4d80254b50f"
  },
  "C:/Users/Evald/repos/react/react_web_technologies/habit-tracker/cypress/support/component.js": {
    "path": "C:/Users/Evald/repos/react/react_web_technologies/habit-tracker/cypress/support/component.js",
    "statementMap": {
      "0": {
        "start": {
          "line": 22,
          "column": 0
        },
        "end": {
          "line": 22,
          "column": 37
        }
      }
    },
    "fnMap": {},
    "branchMap": {},
    "s": {
      "0": 2
    },
    "f": {},
    "b": {},
    "inputSourceMap": {
      "version": 3,
      "sources": [
        "C:/Users/Evald/repos/react/react_web_technologies/habit-tracker/cypress/support/component.js"
      ],
      "names": [],
      "mappings": "AAAA,CAAC,CAAC,CAAC,CAAC,CAAC,CAAC,CAAC,CAAC,CAAC,CAAC,CAAC,CAAC,CAAC,CAAC,CAAC,CAAC,CAAC,CAAC,CAAC,CAAC,CAAC,CAAC,CAAC,CAAC,CAAC,CAAC,CAAC,CAAC,CAAC,CAAC,CAAC,CAAC,CAAC,CAAC,CAAC,CAAC,CAAC,CAAC,CAAC,CAAC,CAAC,CAAC,CAAC,CAAC,CAAC,CAAC,CAAC,CAAC,CAAC,CAAC,CAAC,CAAC,CAAC,CAAC,CAAC,CAAC,CAAC,CAAC,CAAC,CAAC,CAAC;AAC7D,CAAC,CAAC,CAAC,IAAI,CAAC,OAAO,CAAC,OAAO,CAAC,SAAS,CAAC,EAAE,CAAC,EAAE,CAAC,SAAS,CAAC;AAClD,CAAC,CAAC,CAAC,MAAM,CAAC,aAAa,CAAC,MAAM,CAAC,IAAI,CAAC,IAAI,CAAC,KAAK;AAC9C,CAAC;AACD,CAAC,CAAC,CAAC,IAAI,CAAC,EAAE,CAAC,CAAC,CAAC,KAAK,CAAC,KAAK,CAAC,EAAE,CAAC,GAAG,CAAC,MAAM,CAAC,aAAa,CAAC;AACrD,CAAC,CAAC,CAAC,QAAQ,CAAC,IAAI,CAAC,QAAQ,CAAC,OAAO;AACjC,CAAC;AACD,CAAC,CAAC,CAAC,GAAG,CAAC,GAAG,CAAC,MAAM,CAAC,GAAG,CAAC,QAAQ,CAAC,EAAE,CAAC,IAAI,CAAC,IAAI,CAAC,EAAE,CAAC,IAAI,CAAC;AACpD,CAAC,CAAC,CAAC,aAAa,CAAC,OAAO,CAAC,OAAO,CAAC,KAAK,CAAC,IAAI,CAAC;AAC5C,CAAC,CAAC,CAAC,CAAC,WAAW,CAAC,CAAC,aAAa,CAAC,MAAM;AACrC,CAAC;AACD,CAAC,CAAC,CAAC,GAAG,CAAC,GAAG,CAAC,IAAI,CAAC,IAAI,CAAC,IAAI;AACzB,CAAC,CAAC,CAAC,KAAK,CAAC,CAAC,CAAC,EAAE,CAAC,OAAO,CAAC,EAAE,CAAC;AACzB,CAAC,CAAC,CAAC,CAAC,CAAC,CAAC,CAAC,CAAC,CAAC,CAAC,CAAC,CAAC,CAAC,CAAC,CAAC,CAAC,CAAC,CAAC,CAAC,CAAC,CAAC,CAAC,CAAC,CAAC,CAAC,CAAC,CAAC,CAAC,CAAC,CAAC,CAAC,CAAC,CAAC,CAAC,CAAC,CAAC,CAAC,CAAC,CAAC,CAAC,CAAC,CAAC,CAAC,CAAC,CAAC,CAAC,CAAC,CAAC,CAAC,CAAC,CAAC,CAAC,CAAC,CAAC,CAAC,CAAC,CAAC,CAAC,CAAC,CAAC,CAAC;;AAE7D,CAAC,CAAC,CAAC,MAAM,CAAC,QAAQ,CAAC,EAAE,CAAC,KAAK,CAAC,MAAM,CAAC,MAAM;AACzC,MAAM,CAAC,CAAC,CAAC,CAAC,QAAQ,CAAC;AACnB,MAAM,CAAC,CAAC,CAAC,CAAC,CAAC,CAAC,CAAC,CAAC,GAAG,CAAC,MAAM,CAAC,GAAG,CAAC,GAAG,CAAC;AACjC,MAAM,CAAC,CAAC,CAAC,OAAO,CAAC,IAAI,CAAC,QAAQ,CAAC,OAAO,CAAC;AACvC,MAAM,CAAC,CAAC,CAAC,KAAK,CAAC,CAAC,CAAC,IAAI,CAAC,CAAC,OAAO,CAAC,KAAK,CAAC;;AAErC,OAAO,CAAC,QAAQ,CAAC,GAAG,CAAC,CAAC,KAAK,CAAC,CAAC,CAAC,KAAK,CAAC;;AAEpC,CAAC,CAAC,CAAC,OAAO,CAAC,GAAG;AACd,CAAC,CAAC,CAAC,EAAE,CAAC,KAAK,CAAC,CAAC,WAAW,CAAC,CAAC,CAAC;"
    },
    "_coverageSchema": "1a1c01bbd47fc00a2c39e90264f33305004495a9",
    "hash": "c7ffdb41e73f66ab0909890153ad73f93e908027"
  },
  "C:/Users/Evald/repos/react/react_web_technologies/habit-tracker/src/components/layout/BottomNav.jsx": {
    "path": "C:/Users/Evald/repos/react/react_web_technologies/habit-tracker/src/components/layout/BottomNav.jsx",
    "statementMap": {
      "0": {
        "start": {
          "line": 3,
          "column": 18
        },
        "end": {
          "line": 44,
          "column": 1
        }
      },
      "1": {
        "start": {
          "line": 4,
          "column": 2
        },
        "end": {
          "line": 43,
          "column": 11
        }
      },
      "2": {
        "start": {
          "line": 10,
          "column": 23
        },
        "end": {
          "line": 10,
          "column": 41
        }
      },
      "3": {
        "start": {
          "line": 27,
          "column": 23
        },
        "end": {
          "line": 27,
          "column": 46
        }
      },
      "4": {
        "start": {
          "line": 45,
          "column": 0
        },
        "end": {
          "line": 45,
          "column": 15
        }
      },
      "5": {
        "start": {
          "line": 48,
          "column": 0
        },
        "end": {
          "line": 48,
          "column": 30
        }
      },
      "6": {
        "start": {
          "line": 50,
          "column": 20
        },
        "end": {
          "line": 50,
          "column": 97
        }
      },
      "7": {
        "start": {
          "line": 51,
          "column": 0
        },
        "end": {
          "line": 65,
          "column": 1
        }
      },
      "8": {
        "start": {
          "line": 52,
          "column": 2
        },
        "end": {
          "line": 56,
          "column": 3
        }
      },
      "9": {
        "start": {
          "line": 53,
          "column": 4
        },
        "end": {
          "line": 55,
          "column": 6
        }
      },
      "10": {
        "start": {
          "line": 57,
          "column": 2
        },
        "end": {
          "line": 64,
          "column": 5
        }
      },
      "11": {
        "start": {
          "line": 58,
          "column": 4
        },
        "end": {
          "line": 58,
          "column": 169
        }
      },
      "12": {
        "start": {
          "line": 59,
          "column": 4
        },
        "end": {
          "line": 63,
          "column": 7
        }
      },
      "13": {
        "start": {
          "line": 60,
          "column": 6
        },
        "end": {
          "line": 60,
          "column": 31
        }
      },
      "14": {
        "start": {
          "line": 60,
          "column": 24
        },
        "end": {
          "line": 60,
          "column": 31
        }
      },
      "15": {
        "start": {
          "line": 61,
          "column": 32
        },
        "end": {
          "line": 61,
          "column": 218
        }
      },
      "16": {
        "start": {
          "line": 62,
          "column": 6
        },
        "end": {
          "line": 62,
          "column": 75
        }
      },
      "17": {
        "start": {
          "line": 62,
          "column": 29
        },
        "end": {
          "line": 62,
          "column": 75
        }
      },
      "18": {
        "start": {
          "line": 67,
          "column": 2
        },
        "end": {
          "line": 67,
          "column": 148
        }
      },
      "19": {
        "start": {
          "line": 70,
          "column": 2
        },
        "end": {
          "line": 70,
          "column": 62
        }
      }
    },
    "fnMap": {
      "0": {
        "name": "(anonymous_0)",
        "decl": {
          "start": {
            "line": 3,
            "column": 18
          },
          "end": {
            "line": 3,
            "column": 19
          }
        },
        "loc": {
          "start": {
            "line": 3,
            "column": 75
          },
          "end": {
            "line": 44,
            "column": 1
          }
        },
        "line": 3
      },
      "1": {
        "name": "(anonymous_1)",
        "decl": {
          "start": {
            "line": 10,
            "column": 17
          },
          "end": {
            "line": 10,
            "column": 18
          }
        },
        "loc": {
          "start": {
            "line": 10,
            "column": 23
          },
          "end": {
            "line": 10,
            "column": 41
          }
        },
        "line": 10
      },
      "2": {
        "name": "(anonymous_2)",
        "decl": {
          "start": {
            "line": 27,
            "column": 17
          },
          "end": {
            "line": 27,
            "column": 18
          }
        },
        "loc": {
          "start": {
            "line": 27,
            "column": 23
          },
          "end": {
            "line": 27,
            "column": 46
          }
        },
        "line": 27
      },
      "3": {
        "name": "(anonymous_3)",
        "decl": {
          "start": {
            "line": 57,
            "column": 52
          },
          "end": {
            "line": 57,
            "column": 53
          }
        },
        "loc": {
          "start": {
            "line": 57,
            "column": 72
          },
          "end": {
            "line": 64,
            "column": 3
          }
        },
        "line": 57
      },
      "4": {
        "name": "(anonymous_4)",
        "decl": {
          "start": {
            "line": 59,
            "column": 27
          },
          "end": {
            "line": 59,
            "column": 28
          }
        },
        "loc": {
          "start": {
            "line": 59,
            "column": 44
          },
          "end": {
            "line": 63,
            "column": 5
          }
        },
        "line": 59
      },
      "5": {
        "name": "$RefreshReg$",
        "decl": {
          "start": {
            "line": 66,
            "column": 9
          },
          "end": {
            "line": 66,
            "column": 21
          }
        },
        "loc": {
          "start": {
            "line": 66,
            "column": 32
          },
          "end": {
            "line": 68,
            "column": 1
          }
        },
        "line": 66
      },
      "6": {
        "name": "$RefreshSig$",
        "decl": {
          "start": {
            "line": 69,
            "column": 9
          },
          "end": {
            "line": 69,
            "column": 21
          }
        },
        "loc": {
          "start": {
            "line": 69,
            "column": 24
          },
          "end": {
            "line": 71,
            "column": 1
          }
        },
        "line": 69
      }
    },
    "branchMap": {
      "0": {
        "loc": {
          "start": {
            "line": 9,
            "column": 37
          },
          "end": {
            "line": 9,
            "column": 83
          }
        },
        "type": "cond-expr",
        "locations": [
          {
            "start": {
              "line": 9,
              "column": 61
            },
            "end": {
              "line": 9,
              "column": 78
            }
          },
          {
            "start": {
              "line": 9,
              "column": 81
            },
            "end": {
              "line": 9,
              "column": 83
            }
          }
        ],
        "line": 9
      },
      "1": {
        "loc": {
          "start": {
            "line": 11,
            "column": 18
          },
          "end": {
            "line": 11,
            "column": 36
          }
        },
        "type": "binary-expr",
        "locations": [
          {
            "start": {
              "line": 11,
              "column": 18
            },
            "end": {
              "line": 11,
              "column": 26
            }
          },
          {
            "start": {
              "line": 11,
              "column": 30
            },
            "end": {
              "line": 11,
              "column": 36
            }
          }
        ],
        "line": 11
      },
      "2": {
        "loc": {
          "start": {
            "line": 26,
            "column": 37
          },
          "end": {
            "line": 26,
            "column": 88
          }
        },
        "type": "cond-expr",
        "locations": [
          {
            "start": {
              "line": 26,
              "column": 66
            },
            "end": {
              "line": 26,
              "column": 83
            }
          },
          {
            "start": {
              "line": 26,
              "column": 86
            },
            "end": {
              "line": 26,
              "column": 88
            }
          }
        ],
        "line": 26
      },
      "3": {
        "loc": {
          "start": {
            "line": 28,
            "column": 18
          },
          "end": {
            "line": 28,
            "column": 45
          }
        },
        "type": "binary-expr",
        "locations": [
          {
            "start": {
              "line": 28,
              "column": 18
            },
            "end": {
              "line": 28,
              "column": 31
            }
          },
          {
            "start": {
              "line": 28,
              "column": 35
            },
            "end": {
              "line": 28,
              "column": 45
            }
          }
        ],
        "line": 28
      },
      "4": {
        "loc": {
          "start": {
            "line": 50,
            "column": 20
          },
          "end": {
            "line": 50,
            "column": 97
          }
        },
        "type": "binary-expr",
        "locations": [
          {
            "start": {
              "line": 50,
              "column": 20
            },
            "end": {
              "line": 50,
              "column": 60
            }
          },
          {
            "start": {
              "line": 50,
              "column": 64
            },
            "end": {
              "line": 50,
              "column": 97
            }
          }
        ],
        "line": 50
      },
      "5": {
        "loc": {
          "start": {
            "line": 51,
            "column": 0
          },
          "end": {
            "line": 65,
            "column": 1
          }
        },
        "type": "if",
        "locations": [
          {
            "start": {
              "line": 51,
              "column": 0
            },
            "end": {
              "line": 65,
              "column": 1
            }
          },
          {
            "start": {},
            "end": {}
          }
        ],
        "line": 51
      },
      "6": {
        "loc": {
          "start": {
            "line": 51,
            "column": 4
          },
          "end": {
            "line": 51,
            "column": 35
          }
        },
        "type": "binary-expr",
        "locations": [
          {
            "start": {
              "line": 51,
              "column": 4
            },
            "end": {
              "line": 51,
              "column": 19
            }
          },
          {
            "start": {
              "line": 51,
              "column": 23
            },
            "end": {
              "line": 51,
              "column": 35
            }
          }
        ],
        "line": 51
      },
      "7": {
        "loc": {
          "start": {
            "line": 52,
            "column": 2
          },
          "end": {
            "line": 56,
            "column": 3
          }
        },
        "type": "if",
        "locations": [
          {
            "start": {
              "line": 52,
              "column": 2
            },
            "end": {
              "line": 56,
              "column": 3
            }
          },
          {
            "start": {},
            "end": {}
          }
        ],
        "line": 52
      },
      "8": {
        "loc": {
          "start": {
            "line": 60,
            "column": 6
          },
          "end": {
            "line": 60,
            "column": 31
          }
        },
        "type": "if",
        "locations": [
          {
            "start": {
              "line": 60,
              "column": 6
            },
            "end": {
              "line": 60,
              "column": 31
            }
          },
          {
            "start": {},
            "end": {}
          }
        ],
        "line": 60
      },
      "9": {
        "loc": {
          "start": {
            "line": 62,
            "column": 6
          },
          "end": {
            "line": 62,
            "column": 75
          }
        },
        "type": "if",
        "locations": [
          {
            "start": {
              "line": 62,
              "column": 6
            },
            "end": {
              "line": 62,
              "column": 75
            }
          },
          {
            "start": {},
            "end": {}
          }
        ],
        "line": 62
      }
    },
    "s": {
      "0": 2,
      "1": 6,
      "2": 2,
      "3": 2,
      "4": 2,
      "5": 2,
      "6": 2,
      "7": 2,
      "8": 2,
      "9": 0,
      "10": 2,
      "11": 2,
      "12": 2,
      "13": 0,
      "14": 0,
      "15": 0,
      "16": 0,
      "17": 0,
      "18": 2,
      "19": 0
    },
    "f": {
      "0": 6,
      "1": 2,
      "2": 2,
      "3": 2,
      "4": 0,
      "5": 2,
      "6": 0
    },
    "b": {
      "0": [4, 2],
      "1": [6, 6],
      "2": [2, 4],
      "3": [6, 6],
      "4": [2, 0],
      "5": [2, 0],
      "6": [2, 2],
      "7": [0, 2],
      "8": [0, 0],
      "9": [0, 0]
    },
    "inputSourceMap": {
      "version": 3,
      "mappings": "AAKM;AALN,OAAOA,YAAY;AAEnB,MAAMC,YAAYA,CAAC,EAAEC,YAAYC,YAAYC,UAAUC,cAAc,MAAM;AACzE,SACE,uBAAC,SAAI,WAAWL,OAAOM,cACrB;AAAA;AAAA,MAAC;AAAA;AAAA,QACC,MAAK;AAAA,QACL,WAAW,GAAGN,OAAOO,IAAI,IACvBL,eAAe,SAASF,OAAOQ,aAAa,EAAE;AAAA,QAEhD,SAAS,MAAML,WAAW,MAAM;AAAA,QAE/BC,sBAAY;AAAA;AAAA,MAPf;AAAA;AAAA;AAAA;AAAA;AAAA;AAAA;AAAA;AAAA,IAQA;AAAA,IACA;AAAA,MAAC;AAAA;AAAA,QACC,MAAK;AAAA,QACL,WAAW,GAAGJ,OAAOO,IAAI,IACvBL,eAAe,cAAcF,OAAOQ,aAAa,EAAE;AAAA,QAErD,SAAS,MAAML,WAAW,WAAW;AAAA,QAEpCE,2BAAiB;AAAA;AAAA,MAPpB;AAAA;AAAA;AAAA;AAAA;AAAA;AAAA;AAAA;AAAA,IAQA;AAAA,OAlBF;AAAA;AAAA;AAAA;AAAA,SAmBA;AAEJ;AAAEI,KAvBIR;AAyBN,eAAeA;AAAU,IAAAQ;AAAAC,aAAAD,IAAA",
      "names": [
        "styles",
        "BottomNav",
        "activeView",
        "onNavClick",
        "mainText",
        "secondaryText",
        "navContainer",
        "link",
        "activeLink",
        "_c",
        "$RefreshReg$"
      ],
      "ignoreList": [],
      "sources": [
        "C:/Users/Evald/repos/react/react_web_technologies/habit-tracker/src/components/layout/BottomNav.jsx"
      ],
      "file": "C:/Users/Evald/repos/react/react_web_technologies/habit-tracker/src/components/layout/BottomNav.jsx"
    },
    "_coverageSchema": "1a1c01bbd47fc00a2c39e90264f33305004495a9",
    "hash": "fbe23c4e888ec7514954d66242f0a3a4d6c233d5"
  },
  "C:/Users/Evald/repos/react/react_web_technologies/habit-tracker/src/services/api.js": {
    "path": "C:/Users/Evald/repos/react/react_web_technologies/habit-tracker/src/services/api.js",
    "statementMap": {
      "0": {
        "start": {
          "line": 3,
          "column": 18
        },
        "end": {
          "line": 5,
          "column": 2
        }
      },
      "1": {
        "start": {
          "line": 7,
          "column": 0
        },
        "end": {
          "line": 18,
          "column": 2
        }
      },
      "2": {
        "start": {
          "line": 9,
          "column": 18
        },
        "end": {
          "line": 9,
          "column": 53
        }
      },
      "3": {
        "start": {
          "line": 10,
          "column": 4
        },
        "end": {
          "line": 12,
          "column": 5
        }
      },
      "4": {
        "start": {
          "line": 11,
          "column": 6
        },
        "end": {
          "line": 11,
          "column": 55
        }
      },
      "5": {
        "start": {
          "line": 13,
          "column": 4
        },
        "end": {
          "line": 13,
          "column": 18
        }
      },
      "6": {
        "start": {
          "line": 16,
          "column": 4
        },
        "end": {
          "line": 16,
          "column": 33
        }
      }
    },
    "fnMap": {
      "0": {
        "name": "(anonymous_0)",
        "decl": {
          "start": {
            "line": 8,
            "column": 2
          },
          "end": {
            "line": 8,
            "column": 3
          }
        },
        "loc": {
          "start": {
            "line": 8,
            "column": 14
          },
          "end": {
            "line": 14,
            "column": 3
          }
        },
        "line": 8
      },
      "1": {
        "name": "(anonymous_1)",
        "decl": {
          "start": {
            "line": 15,
            "column": 2
          },
          "end": {
            "line": 15,
            "column": 3
          }
        },
        "loc": {
          "start": {
            "line": 15,
            "column": 13
          },
          "end": {
            "line": 17,
            "column": 3
          }
        },
        "line": 15
      }
    },
    "branchMap": {
      "0": {
        "loc": {
          "start": {
            "line": 10,
            "column": 4
          },
          "end": {
            "line": 12,
            "column": 5
          }
        },
        "type": "if",
        "locations": [
          {
            "start": {
              "line": 10,
              "column": 4
            },
            "end": {
              "line": 12,
              "column": 5
            }
          },
          {
            "start": {},
            "end": {}
          }
        ],
        "line": 10
      }
    },
    "s": {
      "0": 2,
      "1": 2,
      "2": 22,
      "3": 22,
      "4": 0,
      "5": 22,
      "6": 0
    },
    "f": {
      "0": 22,
      "1": 0
    },
    "b": {
      "0": [0, 22]
    },
    "inputSourceMap": {
      "version": 3,
      "sources": [
        "C:/Users/Evald/repos/react/react_web_technologies/habit-tracker/src/services/api.js"
      ],
      "names": [],
      "mappings": "AAAA,MAAM,CAAC,KAAK,CAAC,IAAI,CAAC,CAAC,KAAK,CAAC;;AAEzB,KAAK,CAAC,SAAS,CAAC,CAAC,CAAC,KAAK,CAAC,MAAM,CAAC;AAC/B,CAAC,CAAC,OAAO,CAAC,CAAC,CAAC,IAAI,CAAC,CAAC,CAAC,SAAS,CAAC,IAAI,CAAC;AAClC,CAAC,CAAC;;AAEF,SAAS,CAAC,YAAY,CAAC,OAAO,CAAC,GAAG;AAClC,CAAC,CAAC,CAAC,MAAM,CAAC,CAAC,CAAC,CAAC,CAAC;AACd,CAAC,CAAC,CAAC,CAAC,KAAK,CAAC,KAAK,CAAC,CAAC,CAAC,YAAY,CAAC,OAAO,CAAC,CAAC,WAAW,CAAC,CAAC;AACrD,CAAC,CAAC,CAAC,CAAC,EAAE,CAAC,CAAC,KAAK,CAAC,CAAC;AACf,CAAC,CAAC,CAAC,CAAC,CAAC,CAAC,MAAM,CAAC,OAAO,CAAC,aAAa,CAAC,CAAC,CAAC,CAAC,MAAM,CAAC,CAAC,CAAC,KAAK,CAAC,CAAC;AACtD,CAAC,CAAC,CAAC,CAAC;AACJ,CAAC,CAAC,CAAC,CAAC,MAAM,CAAC,MAAM;AACjB,CAAC,CAAC,CAAC;AACH,CAAC,CAAC,CAAC,KAAK,CAAC,CAAC,CAAC,CAAC,CAAC;AACb,CAAC,CAAC,CAAC,CAAC,MAAM,CAAC,OAAO,CAAC,MAAM,CAAC,KAAK,CAAC;AAChC,CAAC,CAAC,CAAC;AACH,CAAC;;AAED,MAAM,CAAC,OAAO,CAAC,SAAS;"
    },
    "_coverageSchema": "1a1c01bbd47fc00a2c39e90264f33305004495a9",
    "hash": "4c98ddc48666272bd96acd0e6b823ba3447540e6"
  },
  "C:/Users/Evald/repos/react/react_web_technologies/habit-tracker/src/hooks/useAuth.jsx": {
    "path": "C:/Users/Evald/repos/react/react_web_technologies/habit-tracker/src/hooks/useAuth.jsx",
    "statementMap": {
      "0": {
        "start": {
          "line": 2,
          "column": 9
        },
        "end": {
          "line": 2,
          "column": 23
        }
      },
      "1": {
        "start": {
          "line": 2,
          "column": 31
        },
        "end": {
          "line": 2,
          "column": 45
        }
      },
      "2": {
        "start": {
          "line": 5,
          "column": 27
        },
        "end": {
          "line": 5,
          "column": 42
        }
      },
      "3": {
        "start": {
          "line": 6,
          "column": 28
        },
        "end": {
          "line": 70,
          "column": 1
        }
      },
      "4": {
        "start": {
          "line": 7,
          "column": 2
        },
        "end": {
          "line": 7,
          "column": 7
        }
      },
      "5": {
        "start": {
          "line": 8,
          "column": 28
        },
        "end": {
          "line": 10,
          "column": 3
        }
      },
      "6": {
        "start": {
          "line": 9,
          "column": 10
        },
        "end": {
          "line": 9,
          "column": 53
        }
      },
      "7": {
        "start": {
          "line": 11,
          "column": 30
        },
        "end": {
          "line": 13,
          "column": 3
        }
      },
      "8": {
        "start": {
          "line": 12,
          "column": 10
        },
        "end": {
          "line": 12,
          "column": 48
        }
      },
      "9": {
        "start": {
          "line": 14,
          "column": 2
        },
        "end": {
          "line": 18,
          "column": 14
        }
      },
      "10": {
        "start": {
          "line": 15,
          "column": 4
        },
        "end": {
          "line": 17,
          "column": 5
        }
      },
      "11": {
        "start": {
          "line": 16,
          "column": 6
        },
        "end": {
          "line": 16,
          "column": 77
        }
      },
      "12": {
        "start": {
          "line": 19,
          "column": 16
        },
        "end": {
          "line": 31,
          "column": 3
        }
      },
      "13": {
        "start": {
          "line": 20,
          "column": 4
        },
        "end": {
          "line": 30,
          "column": 5
        }
      },
      "14": {
        "start": {
          "line": 21,
          "column": 23
        },
        "end": {
          "line": 21,
          "column": 74
        }
      },
      "15": {
        "start": {
          "line": 22,
          "column": 6
        },
        "end": {
          "line": 22,
          "column": 33
        }
      },
      "16": {
        "start": {
          "line": 23,
          "column": 6
        },
        "end": {
          "line": 23,
          "column": 31
        }
      },
      "17": {
        "start": {
          "line": 24,
          "column": 6
        },
        "end": {
          "line": 24,
          "column": 88
        }
      },
      "18": {
        "start": {
          "line": 25,
          "column": 6
        },
        "end": {
          "line": 25,
          "column": 60
        }
      },
      "19": {
        "start": {
          "line": 26,
          "column": 6
        },
        "end": {
          "line": 26,
          "column": 52
        }
      },
      "20": {
        "start": {
          "line": 28,
          "column": 6
        },
        "end": {
          "line": 28,
          "column": 43
        }
      },
      "21": {
        "start": {
          "line": 29,
          "column": 6
        },
        "end": {
          "line": 29,
          "column": 18
        }
      },
      "22": {
        "start": {
          "line": 32,
          "column": 19
        },
        "end": {
          "line": 48,
          "column": 3
        }
      },
      "23": {
        "start": {
          "line": 33,
          "column": 4
        },
        "end": {
          "line": 47,
          "column": 5
        }
      },
      "24": {
        "start": {
          "line": 34,
          "column": 23
        },
        "end": {
          "line": 38,
          "column": 8
        }
      },
      "25": {
        "start": {
          "line": 39,
          "column": 6
        },
        "end": {
          "line": 39,
          "column": 33
        }
      },
      "26": {
        "start": {
          "line": 40,
          "column": 6
        },
        "end": {
          "line": 40,
          "column": 31
        }
      },
      "27": {
        "start": {
          "line": 41,
          "column": 6
        },
        "end": {
          "line": 41,
          "column": 88
        }
      },
      "28": {
        "start": {
          "line": 42,
          "column": 6
        },
        "end": {
          "line": 42,
          "column": 60
        }
      },
      "29": {
        "start": {
          "line": 43,
          "column": 6
        },
        "end": {
          "line": 43,
          "column": 52
        }
      },
      "30": {
        "start": {
          "line": 45,
          "column": 6
        },
        "end": {
          "line": 45,
          "column": 46
        }
      },
      "31": {
        "start": {
          "line": 46,
          "column": 6
        },
        "end": {
          "line": 46,
          "column": 18
        }
      },
      "32": {
        "start": {
          "line": 49,
          "column": 17
        },
        "end": {
          "line": 55,
          "column": 3
        }
      },
      "33": {
        "start": {
          "line": 50,
          "column": 4
        },
        "end": {
          "line": 50,
          "column": 19
        }
      },
      "34": {
        "start": {
          "line": 51,
          "column": 4
        },
        "end": {
          "line": 51,
          "column": 20
        }
      },
      "35": {
        "start": {
          "line": 52,
          "column": 4
        },
        "end": {
          "line": 52,
          "column": 43
        }
      },
      "36": {
        "start": {
          "line": 53,
          "column": 4
        },
        "end": {
          "line": 53,
          "column": 38
        }
      },
      "37": {
        "start": {
          "line": 54,
          "column": 4
        },
        "end": {
          "line": 54,
          "column": 62
        }
      },
      "38": {
        "start": {
          "line": 56,
          "column": 26
        },
        "end": {
          "line": 56,
          "column": 33
        }
      },
      "39": {
        "start": {
          "line": 57,
          "column": 16
        },
        "end": {
          "line": 64,
          "column": 3
        }
      },
      "40": {
        "start": {
          "line": 65,
          "column": 2
        },
        "end": {
          "line": 69,
          "column": 11
        }
      },
      "41": {
        "start": {
          "line": 71,
          "column": 0
        },
        "end": {
          "line": 71,
          "column": 49
        }
      },
      "42": {
        "start": {
          "line": 72,
          "column": 0
        },
        "end": {
          "line": 72,
          "column": 18
        }
      },
      "43": {
        "start": {
          "line": 73,
          "column": 23
        },
        "end": {
          "line": 76,
          "column": 1
        }
      },
      "44": {
        "start": {
          "line": 74,
          "column": 2
        },
        "end": {
          "line": 74,
          "column": 8
        }
      },
      "45": {
        "start": {
          "line": 75,
          "column": 2
        },
        "end": {
          "line": 75,
          "column": 33
        }
      },
      "46": {
        "start": {
          "line": 77,
          "column": 0
        },
        "end": {
          "line": 77,
          "column": 45
        }
      },
      "47": {
        "start": {
          "line": 79,
          "column": 0
        },
        "end": {
          "line": 79,
          "column": 33
        }
      },
      "48": {
        "start": {
          "line": 81,
          "column": 20
        },
        "end": {
          "line": 81,
          "column": 97
        }
      },
      "49": {
        "start": {
          "line": 82,
          "column": 0
        },
        "end": {
          "line": 96,
          "column": 1
        }
      },
      "50": {
        "start": {
          "line": 83,
          "column": 2
        },
        "end": {
          "line": 87,
          "column": 3
        }
      },
      "51": {
        "start": {
          "line": 84,
          "column": 4
        },
        "end": {
          "line": 86,
          "column": 6
        }
      },
      "52": {
        "start": {
          "line": 88,
          "column": 2
        },
        "end": {
          "line": 95,
          "column": 5
        }
      },
      "53": {
        "start": {
          "line": 89,
          "column": 4
        },
        "end": {
          "line": 89,
          "column": 155
        }
      },
      "54": {
        "start": {
          "line": 90,
          "column": 4
        },
        "end": {
          "line": 94,
          "column": 7
        }
      },
      "55": {
        "start": {
          "line": 91,
          "column": 6
        },
        "end": {
          "line": 91,
          "column": 31
        }
      },
      "56": {
        "start": {
          "line": 91,
          "column": 24
        },
        "end": {
          "line": 91,
          "column": 31
        }
      },
      "57": {
        "start": {
          "line": 92,
          "column": 32
        },
        "end": {
          "line": 92,
          "column": 204
        }
      },
      "58": {
        "start": {
          "line": 93,
          "column": 6
        },
        "end": {
          "line": 93,
          "column": 75
        }
      },
      "59": {
        "start": {
          "line": 93,
          "column": 29
        },
        "end": {
          "line": 93,
          "column": 75
        }
      },
      "60": {
        "start": {
          "line": 98,
          "column": 2
        },
        "end": {
          "line": 98,
          "column": 134
        }
      },
      "61": {
        "start": {
          "line": 101,
          "column": 2
        },
        "end": {
          "line": 101,
          "column": 62
        }
      }
    },
    "fnMap": {
      "0": {
        "name": "(anonymous_0)",
        "decl": {
          "start": {
            "line": 6,
            "column": 28
          },
          "end": {
            "line": 6,
            "column": 29
          }
        },
        "loc": {
          "start": {
            "line": 6,
            "column": 46
          },
          "end": {
            "line": 70,
            "column": 1
          }
        },
        "line": 6
      },
      "1": {
        "name": "(anonymous_1)",
        "decl": {
          "start": {
            "line": 9,
            "column": 4
          },
          "end": {
            "line": 9,
            "column": 5
          }
        },
        "loc": {
          "start": {
            "line": 9,
            "column": 10
          },
          "end": {
            "line": 9,
            "column": 53
          }
        },
        "line": 9
      },
      "2": {
        "name": "(anonymous_2)",
        "decl": {
          "start": {
            "line": 12,
            "column": 4
          },
          "end": {
            "line": 12,
            "column": 5
          }
        },
        "loc": {
          "start": {
            "line": 12,
            "column": 10
          },
          "end": {
            "line": 12,
            "column": 48
          }
        },
        "line": 12
      },
      "3": {
        "name": "(anonymous_3)",
        "decl": {
          "start": {
            "line": 14,
            "column": 12
          },
          "end": {
            "line": 14,
            "column": 13
          }
        },
        "loc": {
          "start": {
            "line": 14,
            "column": 18
          },
          "end": {
            "line": 18,
            "column": 3
          }
        },
        "line": 14
      },
      "4": {
        "name": "(anonymous_4)",
        "decl": {
          "start": {
            "line": 19,
            "column": 16
          },
          "end": {
            "line": 19,
            "column": 17
          }
        },
        "loc": {
          "start": {
            "line": 19,
            "column": 43
          },
          "end": {
            "line": 31,
            "column": 3
          }
        },
        "line": 19
      },
      "5": {
        "name": "(anonymous_5)",
        "decl": {
          "start": {
            "line": 32,
            "column": 19
          },
          "end": {
            "line": 32,
            "column": 20
          }
        },
        "loc": {
          "start": {
            "line": 32,
            "column": 52
          },
          "end": {
            "line": 48,
            "column": 3
          }
        },
        "line": 32
      },
      "6": {
        "name": "(anonymous_6)",
        "decl": {
          "start": {
            "line": 49,
            "column": 17
          },
          "end": {
            "line": 49,
            "column": 18
          }
        },
        "loc": {
          "start": {
            "line": 49,
            "column": 23
          },
          "end": {
            "line": 55,
            "column": 3
          }
        },
        "line": 49
      },
      "7": {
        "name": "(anonymous_7)",
        "decl": {
          "start": {
            "line": 73,
            "column": 23
          },
          "end": {
            "line": 73,
            "column": 24
          }
        },
        "loc": {
          "start": {
            "line": 73,
            "column": 29
          },
          "end": {
            "line": 76,
            "column": 1
          }
        },
        "line": 73
      },
      "8": {
        "name": "(anonymous_8)",
        "decl": {
          "start": {
            "line": 88,
            "column": 52
          },
          "end": {
            "line": 88,
            "column": 53
          }
        },
        "loc": {
          "start": {
            "line": 88,
            "column": 72
          },
          "end": {
            "line": 95,
            "column": 3
          }
        },
        "line": 88
      },
      "9": {
        "name": "(anonymous_9)",
        "decl": {
          "start": {
            "line": 90,
            "column": 27
          },
          "end": {
            "line": 90,
            "column": 28
          }
        },
        "loc": {
          "start": {
            "line": 90,
            "column": 44
          },
          "end": {
            "line": 94,
            "column": 5
          }
        },
        "line": 90
      },
      "10": {
        "name": "$RefreshReg$",
        "decl": {
          "start": {
            "line": 97,
            "column": 9
          },
          "end": {
            "line": 97,
            "column": 21
          }
        },
        "loc": {
          "start": {
            "line": 97,
            "column": 32
          },
          "end": {
            "line": 99,
            "column": 1
          }
        },
        "line": 97
      },
      "11": {
        "name": "$RefreshSig$",
        "decl": {
          "start": {
            "line": 100,
            "column": 9
          },
          "end": {
            "line": 100,
            "column": 21
          }
        },
        "loc": {
          "start": {
            "line": 100,
            "column": 24
          },
          "end": {
            "line": 102,
            "column": 1
          }
        },
        "line": 100
      }
    },
    "branchMap": {
      "0": {
        "loc": {
          "start": {
            "line": 9,
            "column": 10
          },
          "end": {
            "line": 9,
            "column": 53
          }
        },
        "type": "binary-expr",
        "locations": [
          {
            "start": {
              "line": 9,
              "column": 10
            },
            "end": {
              "line": 9,
              "column": 45
            }
          },
          {
            "start": {
              "line": 9,
              "column": 49
            },
            "end": {
              "line": 9,
              "column": 53
            }
          }
        ],
        "line": 9
      },
      "1": {
        "loc": {
          "start": {
            "line": 12,
            "column": 10
          },
          "end": {
            "line": 12,
            "column": 48
          }
        },
        "type": "binary-expr",
        "locations": [
          {
            "start": {
              "line": 12,
              "column": 10
            },
            "end": {
              "line": 12,
              "column": 40
            }
          },
          {
            "start": {
              "line": 12,
              "column": 44
            },
            "end": {
              "line": 12,
              "column": 48
            }
          }
        ],
        "line": 12
      },
      "2": {
        "loc": {
          "start": {
            "line": 15,
            "column": 4
          },
          "end": {
            "line": 17,
            "column": 5
          }
        },
        "type": "if",
        "locations": [
          {
            "start": {
              "line": 15,
              "column": 4
            },
            "end": {
              "line": 17,
              "column": 5
            }
          },
          {
            "start": {},
            "end": {}
          }
        ],
        "line": 15
      },
      "3": {
        "loc": {
          "start": {
            "line": 81,
            "column": 20
          },
          "end": {
            "line": 81,
            "column": 97
          }
        },
        "type": "binary-expr",
        "locations": [
          {
            "start": {
              "line": 81,
              "column": 20
            },
            "end": {
              "line": 81,
              "column": 60
            }
          },
          {
            "start": {
              "line": 81,
              "column": 64
            },
            "end": {
              "line": 81,
              "column": 97
            }
          }
        ],
        "line": 81
      },
      "4": {
        "loc": {
          "start": {
            "line": 82,
            "column": 0
          },
          "end": {
            "line": 96,
            "column": 1
          }
        },
        "type": "if",
        "locations": [
          {
            "start": {
              "line": 82,
              "column": 0
            },
            "end": {
              "line": 96,
              "column": 1
            }
          },
          {
            "start": {},
            "end": {}
          }
        ],
        "line": 82
      },
      "5": {
        "loc": {
          "start": {
            "line": 82,
            "column": 4
          },
          "end": {
            "line": 82,
            "column": 35
          }
        },
        "type": "binary-expr",
        "locations": [
          {
            "start": {
              "line": 82,
              "column": 4
            },
            "end": {
              "line": 82,
              "column": 19
            }
          },
          {
            "start": {
              "line": 82,
              "column": 23
            },
            "end": {
              "line": 82,
              "column": 35
            }
          }
        ],
        "line": 82
      },
      "6": {
        "loc": {
          "start": {
            "line": 83,
            "column": 2
          },
          "end": {
            "line": 87,
            "column": 3
          }
        },
        "type": "if",
        "locations": [
          {
            "start": {
              "line": 83,
              "column": 2
            },
            "end": {
              "line": 87,
              "column": 3
            }
          },
          {
            "start": {},
            "end": {}
          }
        ],
        "line": 83
      },
      "7": {
        "loc": {
          "start": {
            "line": 91,
            "column": 6
          },
          "end": {
            "line": 91,
            "column": 31
          }
        },
        "type": "if",
        "locations": [
          {
            "start": {
              "line": 91,
              "column": 6
            },
            "end": {
              "line": 91,
              "column": 31
            }
          },
          {
            "start": {},
            "end": {}
          }
        ],
        "line": 91
      },
      "8": {
        "loc": {
          "start": {
            "line": 93,
            "column": 6
          },
          "end": {
            "line": 93,
            "column": 75
          }
        },
        "type": "if",
        "locations": [
          {
            "start": {
              "line": 93,
              "column": 6
            },
            "end": {
              "line": 93,
              "column": 75
            }
          },
          {
            "start": {},
            "end": {}
          }
        ],
        "line": 93
      }
    },
    "s": {
      "0": 2,
      "1": 2,
      "2": 2,
      "3": 2,
      "4": 0,
      "5": 0,
      "6": 0,
      "7": 0,
      "8": 0,
      "9": 0,
      "10": 0,
      "11": 0,
      "12": 0,
      "13": 0,
      "14": 0,
      "15": 0,
      "16": 0,
      "17": 0,
      "18": 0,
      "19": 0,
      "20": 0,
      "21": 0,
      "22": 0,
      "23": 0,
      "24": 0,
      "25": 0,
      "26": 0,
      "27": 0,
      "28": 0,
      "29": 0,
      "30": 0,
      "31": 0,
      "32": 0,
      "33": 0,
      "34": 0,
      "35": 0,
      "36": 0,
      "37": 0,
      "38": 0,
      "39": 0,
      "40": 0,
      "41": 2,
      "42": 2,
      "43": 2,
      "44": 58,
      "45": 58,
      "46": 2,
      "47": 2,
      "48": 2,
      "49": 2,
      "50": 2,
      "51": 0,
      "52": 2,
      "53": 2,
      "54": 2,
      "55": 0,
      "56": 0,
      "57": 0,
      "58": 0,
      "59": 0,
      "60": 2,
      "61": 4
    },
    "f": {
      "0": 0,
      "1": 0,
      "2": 0,
      "3": 0,
      "4": 0,
      "5": 0,
      "6": 0,
      "7": 58,
      "8": 2,
      "9": 0,
      "10": 2,
      "11": 4
    },
    "b": {
      "0": [0, 0],
      "1": [0, 0],
      "2": [0, 0],
      "3": [2, 0],
      "4": [2, 0],
      "5": [2, 2],
      "6": [0, 2],
      "7": [0, 0],
      "8": [0, 0]
    },
    "inputSourceMap": {
      "version": 3,
      "mappings": "AA8ES;;AA9ET,OAAOA,SAASC,eAAeC,YAAYC,UAAUC,iBAAiB;AACtE,OAAOC,eAAe;AAEf,aAAMC,cAAcL,cAAc;AAElC,aAAMM,eAAeA,CAAC,EAAEC,SAAS,MAAM;AAAAC,KAAA;AAC5C,QAAM,CAACC,OAAOC,QAAQ,IAAIR;AAAAA,IACxB,MAAMS,aAAaC,QAAQ,aAAa,KAAK;AAAA,EAC/C;AACA,QAAM,CAACC,QAAQC,SAAS,IAAIZ;AAAAA,IAC1B,MAAMS,aAAaC,QAAQ,QAAQ,KAAK;AAAA,EAC1C;AAEAT,YAAU,MAAM;AACd,QAAIM,OAAO;AACTL,gBAAUW,SAASC,QAAQC,OAAO,eAAe,IAAI,UAAUR,KAAK;AAAA,IACtE;AAAA,EACF,GAAG,CAACA,KAAK,CAAC;AAEV,QAAMS,QAAQ,OAAOC,OAAOC,aAAa;AACvC,QAAI;AACF,YAAM,EAAEC,KAAK,IAAI,MAAMjB,UAAUkB,KAAK,UAAU,EAAEH,OAAOC,SAAS,CAAC;AAEnEV,eAASW,KAAKE,WAAW;AACzBT,gBAAUO,KAAKG,KAAKC,GAAG;AAEvBrB,gBAAUW,SAASC,QAAQC,OAAO,eAAe,IAC/C,UAAUI,KAAKE,WAAW;AAE5BZ,mBAAae,QAAQ,eAAeL,KAAKE,WAAW;AACpDZ,mBAAae,QAAQ,UAAUL,KAAKG,KAAKC,GAAG;AAAA,IAC9C,SAASE,OAAO;AACdC,cAAQD,MAAM,gBAAgBA,KAAK;AACnC,YAAMA;AAAAA,IACR;AAAA,EACF;AAEA,QAAME,WAAW,OAAOV,OAAOC,UAAUU,SAAS;AAChD,QAAI;AACF,YAAM,EAAET,KAAK,IAAI,MAAMjB,UAAUkB,KAAK,aAAa;AAAA,QACjDH;AAAAA,QACAC;AAAAA,QACAU;AAAAA,MACF,CAAC;AAEDpB,eAASW,KAAKE,WAAW;AACzBT,gBAAUO,KAAKG,KAAKC,GAAG;AACvBrB,gBAAUW,SAASC,QAAQC,OAAO,eAAe,IAC/C,UAAUI,KAAKE,WAAW;AAC5BZ,mBAAae,QAAQ,eAAeL,KAAKE,WAAW;AACpDZ,mBAAae,QAAQ,UAAUL,KAAKG,KAAKC,GAAG;AAAA,IAC9C,SAASE,OAAO;AACdC,cAAQD,MAAM,mBAAmBA,KAAK;AACtC,YAAMA;AAAAA,IACR;AAAA,EACF;AAEA,QAAMI,SAASA,MAAM;AACnBrB,aAAS,IAAI;AACbI,cAAU,IAAI;AAEdH,iBAAaqB,WAAW,aAAa;AACrCrB,iBAAaqB,WAAW,QAAQ;AAEhC,WAAO5B,UAAUW,SAASC,QAAQC,OAAO,eAAe;AAAA,EAC1D;AAEA,QAAMgB,kBAAkB,CAAC,CAACxB;AAE1B,QAAMyB,QAAQ;AAAA,IACZzB;AAAAA,IACAI;AAAAA,IACAoB;AAAAA,IACAf;AAAAA,IACAW;AAAAA,IACAE;AAAAA,EACF;AAEA,SAAO,uBAAC,YAAY,UAAZ,EAAqB,OAAexB,YAArC;AAAA;AAAA;AAAA;AAAA,SAA8C;AACvD;AAEAC,GA5EaF,cAAY;AAAA6B,KAAZ7B;AA6EN,aAAM8B,UAAUA,MAAM;AAAAC,MAAA;AAC3B,SAAOpC,WAAWI,WAAW;AAC/B;AAAEgC,IAFWD,SAAO;AAAA,IAAAD;AAAAG,aAAAH,IAAA",
      "names": [
        "React",
        "createContext",
        "useContext",
        "useState",
        "useEffect",
        "apiClient",
        "AuthContext",
        "AuthProvider",
        "children",
        "_s",
        "token",
        "setToken",
        "localStorage",
        "getItem",
        "userId",
        "setUserId",
        "defaults",
        "headers",
        "common",
        "login",
        "email",
        "password",
        "data",
        "post",
        "accessToken",
        "user",
        "_id",
        "setItem",
        "error",
        "console",
        "register",
        "name",
        "logout",
        "removeItem",
        "isAuthenticated",
        "value",
        "_c",
        "useAuth",
        "_s2",
        "$RefreshReg$"
      ],
      "ignoreList": [],
      "sources": [
        "C:/Users/Evald/repos/react/react_web_technologies/habit-tracker/src/hooks/useAuth.jsx"
      ],
      "file": "C:/Users/Evald/repos/react/react_web_technologies/habit-tracker/src/hooks/useAuth.jsx"
    },
    "_coverageSchema": "1a1c01bbd47fc00a2c39e90264f33305004495a9",
    "hash": "ec45f1e0121d5dee4f2c960871f6083758234eb3"
  },
  "C:/Users/Evald/repos/react/react_web_technologies/habit-tracker/src/hooks/useUser.jsx": {
    "path": "C:/Users/Evald/repos/react/react_web_technologies/habit-tracker/src/hooks/useUser.jsx",
    "statementMap": {
      "0": {
        "start": {
          "line": 1,
          "column": 9
        },
        "end": {
          "line": 1,
          "column": 23
        }
      },
      "1": {
        "start": {
          "line": 5,
          "column": 18
        },
        "end": {
          "line": 8,
          "column": 1
        }
      },
      "2": {
        "start": {
          "line": 6,
          "column": 19
        },
        "end": {
          "line": 6,
          "column": 58
        }
      },
      "3": {
        "start": {
          "line": 7,
          "column": 2
        },
        "end": {
          "line": 7,
          "column": 14
        }
      },
      "4": {
        "start": {
          "line": 9,
          "column": 23
        },
        "end": {
          "line": 17,
          "column": 1
        }
      },
      "5": {
        "start": {
          "line": 10,
          "column": 2
        },
        "end": {
          "line": 10,
          "column": 7
        }
      },
      "6": {
        "start": {
          "line": 11,
          "column": 38
        },
        "end": {
          "line": 11,
          "column": 47
        }
      },
      "7": {
        "start": {
          "line": 12,
          "column": 2
        },
        "end": {
          "line": 16,
          "column": 5
        }
      },
      "8": {
        "start": {
          "line": 14,
          "column": 19
        },
        "end": {
          "line": 14,
          "column": 36
        }
      },
      "9": {
        "start": {
          "line": 18,
          "column": 0
        },
        "end": {
          "line": 20,
          "column": 3
        }
      },
      "10": {
        "start": {
          "line": 19,
          "column": 2
        },
        "end": {
          "line": 19,
          "column": 29
        }
      }
    },
    "fnMap": {
      "0": {
        "name": "(anonymous_0)",
        "decl": {
          "start": {
            "line": 5,
            "column": 18
          },
          "end": {
            "line": 5,
            "column": 19
          }
        },
        "loc": {
          "start": {
            "line": 5,
            "column": 36
          },
          "end": {
            "line": 8,
            "column": 1
          }
        },
        "line": 5
      },
      "1": {
        "name": "(anonymous_1)",
        "decl": {
          "start": {
            "line": 9,
            "column": 23
          },
          "end": {
            "line": 9,
            "column": 24
          }
        },
        "loc": {
          "start": {
            "line": 9,
            "column": 29
          },
          "end": {
            "line": 17,
            "column": 1
          }
        },
        "line": 9
      },
      "2": {
        "name": "(anonymous_2)",
        "decl": {
          "start": {
            "line": 14,
            "column": 13
          },
          "end": {
            "line": 14,
            "column": 14
          }
        },
        "loc": {
          "start": {
            "line": 14,
            "column": 19
          },
          "end": {
            "line": 14,
            "column": 36
          }
        },
        "line": 14
      },
      "3": {
        "name": "(anonymous_3)",
        "decl": {
          "start": {
            "line": 18,
            "column": 51
          },
          "end": {
            "line": 18,
            "column": 52
          }
        },
        "loc": {
          "start": {
            "line": 18,
            "column": 62
          },
          "end": {
            "line": 20,
            "column": 1
          }
        },
        "line": 18
      }
    },
    "branchMap": {},
    "s": {
      "0": 2,
      "1": 2,
      "2": 4,
      "3": 4,
      "4": 2,
      "5": 16,
      "6": 16,
      "7": 16,
      "8": 4,
      "9": 2,
      "10": 0
    },
    "f": {
      "0": 4,
      "1": 16,
      "2": 4,
      "3": 0
    },
    "b": {},
    "inputSourceMap": {
      "version": 3,
      "mappings": ";AAAA,SAASA,gBAAgB;AACzB,OAAOC,eAAe;AACtB,SAASC,eAAe;AAExB,MAAMC,YAAY,OAAOC,WAAW;AAClC,QAAM,EAAEC,KAAK,IAAI,MAAMJ,UAAUK,IAAI,UAAUF,MAAM,EAAE;AACvD,SAAOC;AACT;AAEO,aAAME,UAAUA,MAAM;AAAAC,KAAA;AAC3B,QAAM,EAAEJ,QAAQK,gBAAgB,IAAIP,QAAQ;AAE5C,SAAOF,SAAS;AAAA,IACdU,UAAU,CAAC,QAAQN,MAAM;AAAA,IAEzBO,SAASA,MAAMR,UAAUC,MAAM;AAAA,IAE/BQ,SAASH;AAAAA,EACX,CAAC;AACH;AAAED,GAVWD,SAAO;AAAA,UACkBL,SAE7BF,QAAQ;AAAA",
      "names": [
        "useQuery",
        "apiClient",
        "useAuth",
        "fetchUser",
        "userId",
        "data",
        "get",
        "useUser",
        "_s",
        "isAuthenticated",
        "queryKey",
        "queryFn",
        "enabled"
      ],
      "ignoreList": [],
      "sources": [
        "C:/Users/Evald/repos/react/react_web_technologies/habit-tracker/src/hooks/useUser.jsx"
      ],
      "file": "C:/Users/Evald/repos/react/react_web_technologies/habit-tracker/src/hooks/useUser.jsx"
    },
    "_coverageSchema": "1a1c01bbd47fc00a2c39e90264f33305004495a9",
    "hash": "71bf1489079cb6737db5843d98865784621f072e"
  },
  "C:/Users/Evald/repos/react/react_web_technologies/habit-tracker/src/components/layout/ProfileMenu.jsx": {
    "path": "C:/Users/Evald/repos/react/react_web_technologies/habit-tracker/src/components/layout/ProfileMenu.jsx",
    "statementMap": {
      "0": {
        "start": {
          "line": 2,
          "column": 9
        },
        "end": {
          "line": 2,
          "column": 23
        }
      },
      "1": {
        "start": {
          "line": 7,
          "column": 20
        },
        "end": {
          "line": 37,
          "column": 1
        }
      },
      "2": {
        "start": {
          "line": 8,
          "column": 2
        },
        "end": {
          "line": 8,
          "column": 7
        }
      },
      "3": {
        "start": {
          "line": 9,
          "column": 21
        },
        "end": {
          "line": 9,
          "column": 30
        }
      },
      "4": {
        "start": {
          "line": 10,
          "column": 2
        },
        "end": {
          "line": 36,
          "column": 11
        }
      },
      "5": {
        "start": {
          "line": 38,
          "column": 0
        },
        "end": {
          "line": 40,
          "column": 3
        }
      },
      "6": {
        "start": {
          "line": 39,
          "column": 2
        },
        "end": {
          "line": 39,
          "column": 19
        }
      },
      "7": {
        "start": {
          "line": 41,
          "column": 0
        },
        "end": {
          "line": 41,
          "column": 17
        }
      },
      "8": {
        "start": {
          "line": 44,
          "column": 0
        },
        "end": {
          "line": 44,
          "column": 32
        }
      },
      "9": {
        "start": {
          "line": 46,
          "column": 20
        },
        "end": {
          "line": 46,
          "column": 97
        }
      },
      "10": {
        "start": {
          "line": 47,
          "column": 0
        },
        "end": {
          "line": 61,
          "column": 1
        }
      },
      "11": {
        "start": {
          "line": 48,
          "column": 2
        },
        "end": {
          "line": 52,
          "column": 3
        }
      },
      "12": {
        "start": {
          "line": 49,
          "column": 4
        },
        "end": {
          "line": 51,
          "column": 6
        }
      },
      "13": {
        "start": {
          "line": 53,
          "column": 2
        },
        "end": {
          "line": 60,
          "column": 5
        }
      },
      "14": {
        "start": {
          "line": 54,
          "column": 4
        },
        "end": {
          "line": 54,
          "column": 171
        }
      },
      "15": {
        "start": {
          "line": 55,
          "column": 4
        },
        "end": {
          "line": 59,
          "column": 7
        }
      },
      "16": {
        "start": {
          "line": 56,
          "column": 6
        },
        "end": {
          "line": 56,
          "column": 31
        }
      },
      "17": {
        "start": {
          "line": 56,
          "column": 24
        },
        "end": {
          "line": 56,
          "column": 31
        }
      },
      "18": {
        "start": {
          "line": 57,
          "column": 32
        },
        "end": {
          "line": 57,
          "column": 220
        }
      },
      "19": {
        "start": {
          "line": 58,
          "column": 6
        },
        "end": {
          "line": 58,
          "column": 75
        }
      },
      "20": {
        "start": {
          "line": 58,
          "column": 29
        },
        "end": {
          "line": 58,
          "column": 75
        }
      },
      "21": {
        "start": {
          "line": 63,
          "column": 2
        },
        "end": {
          "line": 63,
          "column": 150
        }
      },
      "22": {
        "start": {
          "line": 66,
          "column": 2
        },
        "end": {
          "line": 66,
          "column": 62
        }
      }
    },
    "fnMap": {
      "0": {
        "name": "(anonymous_0)",
        "decl": {
          "start": {
            "line": 7,
            "column": 20
          },
          "end": {
            "line": 7,
            "column": 21
          }
        },
        "loc": {
          "start": {
            "line": 7,
            "column": 26
          },
          "end": {
            "line": 37,
            "column": 1
          }
        },
        "line": 7
      },
      "1": {
        "name": "(anonymous_1)",
        "decl": {
          "start": {
            "line": 38,
            "column": 55
          },
          "end": {
            "line": 38,
            "column": 56
          }
        },
        "loc": {
          "start": {
            "line": 38,
            "column": 66
          },
          "end": {
            "line": 40,
            "column": 1
          }
        },
        "line": 38
      },
      "2": {
        "name": "(anonymous_2)",
        "decl": {
          "start": {
            "line": 53,
            "column": 52
          },
          "end": {
            "line": 53,
            "column": 53
          }
        },
        "loc": {
          "start": {
            "line": 53,
            "column": 72
          },
          "end": {
            "line": 60,
            "column": 3
          }
        },
        "line": 53
      },
      "3": {
        "name": "(anonymous_3)",
        "decl": {
          "start": {
            "line": 55,
            "column": 27
          },
          "end": {
            "line": 55,
            "column": 28
          }
        },
        "loc": {
          "start": {
            "line": 55,
            "column": 44
          },
          "end": {
            "line": 59,
            "column": 5
          }
        },
        "line": 55
      },
      "4": {
        "name": "$RefreshReg$",
        "decl": {
          "start": {
            "line": 62,
            "column": 9
          },
          "end": {
            "line": 62,
            "column": 21
          }
        },
        "loc": {
          "start": {
            "line": 62,
            "column": 32
          },
          "end": {
            "line": 64,
            "column": 1
          }
        },
        "line": 62
      },
      "5": {
        "name": "$RefreshSig$",
        "decl": {
          "start": {
            "line": 65,
            "column": 9
          },
          "end": {
            "line": 65,
            "column": 21
          }
        },
        "loc": {
          "start": {
            "line": 65,
            "column": 24
          },
          "end": {
            "line": 67,
            "column": 1
          }
        },
        "line": 65
      }
    },
    "branchMap": {
      "0": {
        "loc": {
          "start": {
            "line": 46,
            "column": 20
          },
          "end": {
            "line": 46,
            "column": 97
          }
        },
        "type": "binary-expr",
        "locations": [
          {
            "start": {
              "line": 46,
              "column": 20
            },
            "end": {
              "line": 46,
              "column": 60
            }
          },
          {
            "start": {
              "line": 46,
              "column": 64
            },
            "end": {
              "line": 46,
              "column": 97
            }
          }
        ],
        "line": 46
      },
      "1": {
        "loc": {
          "start": {
            "line": 47,
            "column": 0
          },
          "end": {
            "line": 61,
            "column": 1
          }
        },
        "type": "if",
        "locations": [
          {
            "start": {
              "line": 47,
              "column": 0
            },
            "end": {
              "line": 61,
              "column": 1
            }
          },
          {
            "start": {},
            "end": {}
          }
        ],
        "line": 47
      },
      "2": {
        "loc": {
          "start": {
            "line": 47,
            "column": 4
          },
          "end": {
            "line": 47,
            "column": 35
          }
        },
        "type": "binary-expr",
        "locations": [
          {
            "start": {
              "line": 47,
              "column": 4
            },
            "end": {
              "line": 47,
              "column": 19
            }
          },
          {
            "start": {
              "line": 47,
              "column": 23
            },
            "end": {
              "line": 47,
              "column": 35
            }
          }
        ],
        "line": 47
      },
      "3": {
        "loc": {
          "start": {
            "line": 48,
            "column": 2
          },
          "end": {
            "line": 52,
            "column": 3
          }
        },
        "type": "if",
        "locations": [
          {
            "start": {
              "line": 48,
              "column": 2
            },
            "end": {
              "line": 52,
              "column": 3
            }
          },
          {
            "start": {},
            "end": {}
          }
        ],
        "line": 48
      },
      "4": {
        "loc": {
          "start": {
            "line": 56,
            "column": 6
          },
          "end": {
            "line": 56,
            "column": 31
          }
        },
        "type": "if",
        "locations": [
          {
            "start": {
              "line": 56,
              "column": 6
            },
            "end": {
              "line": 56,
              "column": 31
            }
          },
          {
            "start": {},
            "end": {}
          }
        ],
        "line": 56
      },
      "5": {
        "loc": {
          "start": {
            "line": 58,
            "column": 6
          },
          "end": {
            "line": 58,
            "column": 75
          }
        },
        "type": "if",
        "locations": [
          {
            "start": {
              "line": 58,
              "column": 6
            },
            "end": {
              "line": 58,
              "column": 75
            }
          },
          {
            "start": {},
            "end": {}
          }
        ],
        "line": 58
      }
    },
    "s": {
      "0": 2,
      "1": 2,
      "2": 0,
      "3": 0,
      "4": 0,
      "5": 2,
      "6": 0,
      "7": 2,
      "8": 2,
      "9": 2,
      "10": 2,
      "11": 2,
      "12": 0,
      "13": 2,
      "14": 2,
      "15": 2,
      "16": 0,
      "17": 0,
      "18": 0,
      "19": 0,
      "20": 0,
      "21": 2,
      "22": 2
    },
    "f": {
      "0": 0,
      "1": 0,
      "2": 2,
      "3": 0,
      "4": 2,
      "5": 2
    },
    "b": {
      "0": [2, 0],
      "1": [2, 0],
      "2": [2, 2],
      "3": [0, 2],
      "4": [0, 0],
      "5": [0, 0]
    },
    "inputSourceMap": {
      "version": 3,
      "mappings": "AAUM;;AAVN,OAAOA,WAAW;AAClB,SAASC,YAAY;AACrB,SAASC,eAAe;AACxB,OAAOC,YAAY;AAEnB,MAAMC,cAAcA,MAAM;AAAAC,KAAA;AACxB,QAAM,EAAEC,OAAO,IAAIJ,QAAQ;AAE3B,SACE,uBAAC,SAAI,WAAWC,OAAOI,MACrB;AAAA,2BAAC,QAAK,IAAG,OAAM,WAAWJ,OAAOK,UAAS,uBAA1C;AAAA;AAAA;AAAA;AAAA,WAEA;AAAA,IACA;AAAA,MAAC;AAAA;AAAA,QACC,SAASF;AAAAA,QACT,WAAW,GAAGH,OAAOK,QAAQ,IAAIL,OAAOM,YAAY;AAAA,QAAG;AAAA;AAAA,MAFzD;AAAA;AAAA;AAAA;AAAA;AAAA;AAAA;AAAA;AAAA,IAKA;AAAA,OATF;AAAA;AAAA;AAAA;AAAA,SAUA;AAEJ;AAAEJ,GAhBID,aAAW;AAAA,UACIF,OAAO;AAAA;AAAAQ,KADtBN;AAkBN,eAAeA;AAAY,IAAAM;AAAAC,aAAAD,IAAA",
      "names": [
        "React",
        "Link",
        "useAuth",
        "styles",
        "ProfileMenu",
        "_s",
        "logout",
        "menu",
        "menuItem",
        "logoutButton",
        "_c",
        "$RefreshReg$"
      ],
      "ignoreList": [],
      "sources": [
        "C:/Users/Evald/repos/react/react_web_technologies/habit-tracker/src/components/layout/ProfileMenu.jsx"
      ],
      "file": "C:/Users/Evald/repos/react/react_web_technologies/habit-tracker/src/components/layout/ProfileMenu.jsx"
    },
    "_coverageSchema": "1a1c01bbd47fc00a2c39e90264f33305004495a9",
    "hash": "698c017b2889244d41f5803be075576dc5d00c9d"
  },
  "C:/Users/Evald/repos/react/react_web_technologies/habit-tracker/src/components/common/UserMenu.jsx": {
    "path": "C:/Users/Evald/repos/react/react_web_technologies/habit-tracker/src/components/common/UserMenu.jsx",
    "statementMap": {
      "0": {
        "start": {
          "line": 2,
          "column": 9
        },
        "end": {
          "line": 2,
          "column": 23
        }
      },
      "1": {
        "start": {
          "line": 7,
          "column": 17
        },
        "end": {
          "line": 72,
          "column": 1
        }
      },
      "2": {
        "start": {
          "line": 8,
          "column": 2
        },
        "end": {
          "line": 8,
          "column": 7
        }
      },
      "3": {
        "start": {
          "line": 9,
          "column": 38
        },
        "end": {
          "line": 9,
          "column": 53
        }
      },
      "4": {
        "start": {
          "line": 10,
          "column": 36
        },
        "end": {
          "line": 10,
          "column": 45
        }
      },
      "5": {
        "start": {
          "line": 11,
          "column": 27
        },
        "end": {
          "line": 13,
          "column": 3
        }
      },
      "6": {
        "start": {
          "line": 12,
          "column": 4
        },
        "end": {
          "line": 12,
          "column": 35
        }
      },
      "7": {
        "start": {
          "line": 12,
          "column": 28
        },
        "end": {
          "line": 12,
          "column": 33
        }
      },
      "8": {
        "start": {
          "line": 14,
          "column": 29
        },
        "end": {
          "line": 18,
          "column": 3
        }
      },
      "9": {
        "start": {
          "line": 15,
          "column": 4
        },
        "end": {
          "line": 15,
          "column": 39
        }
      },
      "10": {
        "start": {
          "line": 15,
          "column": 19
        },
        "end": {
          "line": 15,
          "column": 39
        }
      },
      "11": {
        "start": {
          "line": 16,
          "column": 4
        },
        "end": {
          "line": 16,
          "column": 29
        }
      },
      "12": {
        "start": {
          "line": 16,
          "column": 15
        },
        "end": {
          "line": 16,
          "column": 29
        }
      },
      "13": {
        "start": {
          "line": 17,
          "column": 4
        },
        "end": {
          "line": 17,
          "column": 35
        }
      },
      "14": {
        "start": {
          "line": 19,
          "column": 2
        },
        "end": {
          "line": 71,
          "column": 11
        }
      },
      "15": {
        "start": {
          "line": 27,
          "column": 26
        },
        "end": {
          "line": 27,
          "column": 71
        }
      },
      "16": {
        "start": {
          "line": 73,
          "column": 0
        },
        "end": {
          "line": 75,
          "column": 3
        }
      },
      "17": {
        "start": {
          "line": 74,
          "column": 2
        },
        "end": {
          "line": 74,
          "column": 19
        }
      },
      "18": {
        "start": {
          "line": 76,
          "column": 0
        },
        "end": {
          "line": 76,
          "column": 14
        }
      },
      "19": {
        "start": {
          "line": 79,
          "column": 0
        },
        "end": {
          "line": 79,
          "column": 29
        }
      },
      "20": {
        "start": {
          "line": 81,
          "column": 20
        },
        "end": {
          "line": 81,
          "column": 97
        }
      },
      "21": {
        "start": {
          "line": 82,
          "column": 0
        },
        "end": {
          "line": 96,
          "column": 1
        }
      },
      "22": {
        "start": {
          "line": 83,
          "column": 2
        },
        "end": {
          "line": 87,
          "column": 3
        }
      },
      "23": {
        "start": {
          "line": 84,
          "column": 4
        },
        "end": {
          "line": 86,
          "column": 6
        }
      },
      "24": {
        "start": {
          "line": 88,
          "column": 2
        },
        "end": {
          "line": 95,
          "column": 5
        }
      },
      "25": {
        "start": {
          "line": 89,
          "column": 4
        },
        "end": {
          "line": 89,
          "column": 168
        }
      },
      "26": {
        "start": {
          "line": 90,
          "column": 4
        },
        "end": {
          "line": 94,
          "column": 7
        }
      },
      "27": {
        "start": {
          "line": 91,
          "column": 6
        },
        "end": {
          "line": 91,
          "column": 31
        }
      },
      "28": {
        "start": {
          "line": 91,
          "column": 24
        },
        "end": {
          "line": 91,
          "column": 31
        }
      },
      "29": {
        "start": {
          "line": 92,
          "column": 32
        },
        "end": {
          "line": 92,
          "column": 217
        }
      },
      "30": {
        "start": {
          "line": 93,
          "column": 6
        },
        "end": {
          "line": 93,
          "column": 75
        }
      },
      "31": {
        "start": {
          "line": 93,
          "column": 29
        },
        "end": {
          "line": 93,
          "column": 75
        }
      },
      "32": {
        "start": {
          "line": 98,
          "column": 2
        },
        "end": {
          "line": 98,
          "column": 147
        }
      },
      "33": {
        "start": {
          "line": 101,
          "column": 2
        },
        "end": {
          "line": 101,
          "column": 62
        }
      }
    },
    "fnMap": {
      "0": {
        "name": "(anonymous_0)",
        "decl": {
          "start": {
            "line": 7,
            "column": 17
          },
          "end": {
            "line": 7,
            "column": 18
          }
        },
        "loc": {
          "start": {
            "line": 7,
            "column": 23
          },
          "end": {
            "line": 72,
            "column": 1
          }
        },
        "line": 7
      },
      "1": {
        "name": "(anonymous_1)",
        "decl": {
          "start": {
            "line": 11,
            "column": 27
          },
          "end": {
            "line": 11,
            "column": 28
          }
        },
        "loc": {
          "start": {
            "line": 11,
            "column": 33
          },
          "end": {
            "line": 13,
            "column": 3
          }
        },
        "line": 11
      },
      "2": {
        "name": "(anonymous_2)",
        "decl": {
          "start": {
            "line": 12,
            "column": 18
          },
          "end": {
            "line": 12,
            "column": 19
          }
        },
        "loc": {
          "start": {
            "line": 12,
            "column": 28
          },
          "end": {
            "line": 12,
            "column": 33
          }
        },
        "line": 12
      },
      "3": {
        "name": "(anonymous_3)",
        "decl": {
          "start": {
            "line": 14,
            "column": 29
          },
          "end": {
            "line": 14,
            "column": 30
          }
        },
        "loc": {
          "start": {
            "line": 14,
            "column": 35
          },
          "end": {
            "line": 18,
            "column": 3
          }
        },
        "line": 14
      },
      "4": {
        "name": "(anonymous_4)",
        "decl": {
          "start": {
            "line": 27,
            "column": 19
          },
          "end": {
            "line": 27,
            "column": 20
          }
        },
        "loc": {
          "start": {
            "line": 27,
            "column": 26
          },
          "end": {
            "line": 27,
            "column": 71
          }
        },
        "line": 27
      },
      "5": {
        "name": "(anonymous_5)",
        "decl": {
          "start": {
            "line": 73,
            "column": 52
          },
          "end": {
            "line": 73,
            "column": 53
          }
        },
        "loc": {
          "start": {
            "line": 73,
            "column": 63
          },
          "end": {
            "line": 75,
            "column": 1
          }
        },
        "line": 73
      },
      "6": {
        "name": "(anonymous_6)",
        "decl": {
          "start": {
            "line": 88,
            "column": 52
          },
          "end": {
            "line": 88,
            "column": 53
          }
        },
        "loc": {
          "start": {
            "line": 88,
            "column": 72
          },
          "end": {
            "line": 95,
            "column": 3
          }
        },
        "line": 88
      },
      "7": {
        "name": "(anonymous_7)",
        "decl": {
          "start": {
            "line": 90,
            "column": 27
          },
          "end": {
            "line": 90,
            "column": 28
          }
        },
        "loc": {
          "start": {
            "line": 90,
            "column": 44
          },
          "end": {
            "line": 94,
            "column": 5
          }
        },
        "line": 90
      },
      "8": {
        "name": "$RefreshReg$",
        "decl": {
          "start": {
            "line": 97,
            "column": 9
          },
          "end": {
            "line": 97,
            "column": 21
          }
        },
        "loc": {
          "start": {
            "line": 97,
            "column": 32
          },
          "end": {
            "line": 99,
            "column": 1
          }
        },
        "line": 97
      },
      "9": {
        "name": "$RefreshSig$",
        "decl": {
          "start": {
            "line": 100,
            "column": 9
          },
          "end": {
            "line": 100,
            "column": 21
          }
        },
        "loc": {
          "start": {
            "line": 100,
            "column": 24
          },
          "end": {
            "line": 102,
            "column": 1
          }
        },
        "line": 100
      }
    },
    "branchMap": {
      "0": {
        "loc": {
          "start": {
            "line": 15,
            "column": 4
          },
          "end": {
            "line": 15,
            "column": 39
          }
        },
        "type": "if",
        "locations": [
          {
            "start": {
              "line": 15,
              "column": 4
            },
            "end": {
              "line": 15,
              "column": 39
            }
          },
[...]
        "end": {
          "line": 70,
          "column": 210
        }
      },
      "28": {
        "start": {
          "line": 71,
          "column": 6
        },
        "end": {
          "line": 71,
          "column": 75
        }
      },
      "29": {
        "start": {
          "line": 71,
          "column": 29
        },
        "end": {
          "line": 71,
          "column": 75
        }
      },
      "30": {
        "start": {
          "line": 76,
          "column": 2
        },
        "end": {
          "line": 76,
          "column": 140
        }
      },
      "31": {
        "start": {
          "line": 79,
          "column": 2
        },
        "end": {
          "line": 79,
          "column": 62
        }
      }
    },
    "fnMap": {
      "0": {
        "name": "(anonymous_0)",
        "decl": {
          "start": {
            "line": 9,
            "column": 22
          },
          "end": {
            "line": 9,
            "column": 23
          }
        },
        "loc": {
          "start": {
            "line": 9,
            "column": 28
          },
          "end": {
            "line": 52,
            "column": 1
          }
        },
        "line": 9
      },
      "1": {
        "name": "(anonymous_1)",
        "decl": {
          "start": {
            "line": 13,
            "column": 28
          },
          "end": {
            "line": 13,
            "column": 29
          }
        },
        "loc": {
          "start": {
            "line": 13,
            "column": 34
          },
          "end": {
            "line": 13,
            "column": 57
          }
        },
        "line": 13
      },
      "2": {
        "name": "(anonymous_2)",
        "decl": {
          "start": {
            "line": 14,
            "column": 29
          },
          "end": {
            "line": 14,
            "column": 30
          }
        },
        "loc": {
          "start": {
            "line": 14,
            "column": 35
          },
          "end": {
            "line": 14,
            "column": 59
          }
        },
        "line": 14
      },
      "3": {
        "name": "(anonymous_3)",
        "decl": {
          "start": {
            "line": 15,
            "column": 21
          },
          "end": {
            "line": 15,
            "column": 22
          }
        },
        "loc": {
          "start": {
            "line": 15,
            "column": 27
          },
          "end": {
            "line": 30,
            "column": 3
          }
        },
        "line": 15
      },
      "4": {
        "name": "(anonymous_4)",
        "decl": {
          "start": {
            "line": 66,
            "column": 52
          },
          "end": {
            "line": 66,
            "column": 53
          }
        },
        "loc": {
          "start": {
            "line": 66,
            "column": 72
          },
          "end": {
            "line": 73,
            "column": 3
          }
        },
        "line": 66
      },
      "5": {
        "name": "(anonymous_5)",
        "decl": {
          "start": {
            "line": 68,
            "column": 27
          },
          "end": {
            "line": 68,
            "column": 28
          }
        },
        "loc": {
          "start": {
            "line": 68,
            "column": 44
          },
          "end": {
            "line": 72,
            "column": 5
          }
        },
        "line": 68
      },
      "6": {
        "name": "$RefreshReg$",
        "decl": {
          "start": {
            "line": 75,
            "column": 9
          },
          "end": {
            "line": 75,
            "column": 21
          }
        },
        "loc": {
          "start": {
            "line": 75,
            "column": 32
          },
          "end": {
            "line": 77,
            "column": 1
          }
        },
        "line": 75
      },
      "7": {
        "name": "$RefreshSig$",
        "decl": {
          "start": {
            "line": 78,
            "column": 9
          },
          "end": {
            "line": 78,
            "column": 21
          }
        },
        "loc": {
          "start": {
            "line": 78,
            "column": 24
          },
          "end": {
            "line": 80,
            "column": 1
          }
        },
        "line": 78
      }
    },
    "branchMap": {
      "0": {
        "loc": {
          "start": {
            "line": 16,
            "column": 4
          },
          "end": {
            "line": 22,
            "column": 5
          }
        },
        "type": "if",
        "locations": [
          {
            "start": {
              "line": 16,
              "column": 4
            },
            "end": {
              "line": 22,
              "column": 5
            }
          },
          {
            "start": {},
            "end": {}
          }
        ],
        "line": 16
      },
      "1": {
        "loc": {
          "start": {
            "line": 23,
            "column": 4
          },
          "end": {
            "line": 29,
            "column": 5
          }
        },
        "type": "if",
        "locations": [
          {
            "start": {
              "line": 23,
              "column": 4
            },
            "end": {
              "line": 29,
              "column": 5
            }
          },
          {
            "start": {},
            "end": {}
          }
        ],
        "line": 23
      },
      "2": {
        "loc": {
          "start": {
            "line": 42,
            "column": 4
          },
          "end": {
            "line": 46,
            "column": 12
          }
        },
        "type": "binary-expr",
        "locations": [
          {
            "start": {
              "line": 42,
              "column": 4
            },
            "end": {
              "line": 42,
              "column": 18
            }
          },
          {
            "start": {
              "line": 42,
              "column": 38
            },
            "end": {
              "line": 46,
              "column": 12
            }
          }
        ],
        "line": 42
      },
      "3": {
        "loc": {
          "start": {
            "line": 59,
            "column": 20
          },
          "end": {
            "line": 59,
            "column": 97
          }
        },
        "type": "binary-expr",
        "locations": [
          {
            "start": {
              "line": 59,
              "column": 20
            },
            "end": {
              "line": 59,
              "column": 60
            }
          },
          {
            "start": {
              "line": 59,
              "column": 64
            },
            "end": {
              "line": 59,
              "column": 97
            }
          }
        ],
        "line": 59
      },
      "4": {
        "loc": {
          "start": {
            "line": 60,
            "column": 0
          },
          "end": {
            "line": 74,
            "column": 1
          }
        },
        "type": "if",
        "locations": [
          {
            "start": {
              "line": 60,
              "column": 0
            },
            "end": {
              "line": 74,
              "column": 1
            }
          },
          {
            "start": {},
            "end": {}
          }
        ],
        "line": 60
      },
      "5": {
        "loc": {
          "start": {
            "line": 60,
            "column": 4
          },
          "end": {
            "line": 60,
            "column": 35
          }
        },
        "type": "binary-expr",
        "locations": [
          {
            "start": {
              "line": 60,
              "column": 4
            },
            "end": {
              "line": 60,
              "column": 19
            }
          },
          {
            "start": {
              "line": 60,
              "column": 23
            },
            "end": {
              "line": 60,
              "column": 35
            }
          }
        ],
        "line": 60
      },
      "6": {
        "loc": {
          "start": {
            "line": 61,
            "column": 2
          },
          "end": {
            "line": 65,
            "column": 3
          }
        },
        "type": "if",
        "locations": [
          {
            "start": {
              "line": 61,
              "column": 2
            },
            "end": {
              "line": 65,
              "column": 3
            }
          },
          {
            "start": {},
            "end": {}
          }
        ],
        "line": 61
      },
      "7": {
        "loc": {
          "start": {
            "line": 69,
            "column": 6
          },
          "end": {
            "line": 69,
            "column": 31
          }
        },
        "type": "if",
        "locations": [
          {
            "start": {
              "line": 69,
              "column": 6
            },
            "end": {
              "line": 69,
              "column": 31
            }
          },
          {
            "start": {},
            "end": {}
          }
        ],
        "line": 69
      },
      "8": {
        "loc": {
          "start": {
            "line": 71,
            "column": 6
          },
          "end": {
            "line": 71,
            "column": 75
          }
        },
        "type": "if",
        "locations": [
          {
            "start": {
              "line": 71,
              "column": 6
            },
            "end": {
              "line": 71,
              "column": 75
            }
          },
          {
            "start": {},
            "end": {}
          }
        ],
        "line": 71
      }
    },
    "s": {
      "0": 2,
      "1": 2,
      "2": 6,
      "3": 6,
      "4": 6,
      "5": 6,
      "6": 0,
      "7": 6,
      "8": 0,
      "9": 6,
      "10": 6,
      "11": 4,
      "12": 2,
      "13": 2,
      "14": 6,
      "15": 2,
      "16": 2,
      "17": 2,
      "18": 2,
      "19": 2,
      "20": 2,
      "21": 0,
      "22": 2,
      "23": 2,
      "24": 2,
      "25": 0,
      "26": 0,
      "27": 0,
      "28": 0,
      "29": 0,
      "30": 2,
      "31": 2
    },
    "f": {
      "0": 6,
      "1": 0,
      "2": 0,
      "3": 6,
      "4": 2,
      "5": 0,
      "6": 2,
      "7": 2
    },
    "b": {
      "0": [4, 2],
      "1": [2, 0],
      "2": [6, 0],
      "3": [2, 0],
      "4": [2, 0],
      "5": [2, 2],
      "6": [0, 2],
      "7": [0, 0],
      "8": [0, 0]
    },
    "inputSourceMap": {
      "version": 3,
      "mappings": "AAiBa;;AAjBb,OAAOA,SAASC,gBAAgB;AAChC,OAAOC,eAAe;AACtB,OAAOC,cAAc;AACrB,OAAOC,kBAAkB;AACzB,OAAOC,mBAAmB;AAC1B,OAAOC,YAAY;AAEnB,MAAMC,gBAAgBA,MAAM;AAAAC,KAAA;AAC1B,QAAM,CAACC,aAAaC,cAAc,IAAIT,SAAS,MAAM;AAErD,QAAM,CAACU,gBAAgBC,iBAAiB,IAAIX,SAAS,KAAK;AAE1D,QAAMY,oBAAoBA,MAAMD,kBAAkB,IAAI;AACtD,QAAME,qBAAqBA,MAAMF,kBAAkB,KAAK;AAExD,QAAMG,aAAaA,MAAM;AACvB,QAAIN,gBAAgB,QAAQ;AAC1B,aAAO,uBAAC,YAAS,qBAAqBI,qBAA/B;AAAA;AAAA;AAAA;AAAA,aAAiD;AAAA,IAC1D;AACA,QAAIJ,gBAAgB,aAAa;AAC/B,aAAO,uBAAC,gBAAa,qBAAqBI,qBAAnC;AAAA;AAAA;AAAA;AAAA,aAAqD;AAAA,IAC9D;AAAA,EACF;AAEA,SACE,uBAAC,SAAI,WAAWP,OAAOU,oBACrB;AAAA,2BAAC,UAAMD,qBAAW,KAAlB;AAAA;AAAA;AAAA;AAAA,WAAoB;AAAA,IAEpB,uBAAC,aAAU,YAAYN,aAAa,YAAYC,kBAAhD;AAAA;AAAA;AAAA;AAAA,WAA+D;AAAA,IAE9DC,kBAAkB,uBAAC,iBAAc,SAASG,sBAAxB;AAAA;AAAA;AAAA;AAAA,WAA2C;AAAA,OALhE;AAAA;AAAA;AAAA;AAAA,SAMA;AAEJ;AAAEN,GA1BID,eAAa;AAAAU,KAAbV;AA4BN,eAAeA;AAAc,IAAAU;AAAAC,aAAAD,IAAA",
      "names": [
        "React",
        "useState",
        "BottomNav",
        "MainPage",
        "CalendarPage",
        "AddHabitModal",
        "styles",
        "DashboardPage",
        "_s",
        "currentView",
        "setCurrentView",
        "isAddModalOpen",
        "setIsAddModalOpen",
        "openAddHabitModal",
        "closeAddHabitModal",
        "renderView",
        "dashboardContainer",
        "_c",
        "$RefreshReg$"
      ],
      "ignoreList": [],
      "sources": [
        "C:/Users/Evald/repos/react/react_web_technologies/habit-tracker/src/pages/DashboardPage.jsx"
      ],
      "file": "C:/Users/Evald/repos/react/react_web_technologies/habit-tracker/src/pages/DashboardPage.jsx"
    },
    "_coverageSchema": "1a1c01bbd47fc00a2c39e90264f33305004495a9",
    "hash": "0f4c7e16ccbcf3dfc0d0d30817a6a42e3e9e27f9"
  },
  "C:/Users/Evald/repos/react/react_web_technologies/habit-tracker/src/pages/DashboardPage.cy.jsx": {
    "path": "C:/Users/Evald/repos/react/react_web_technologies/habit-tracker/src/pages/DashboardPage.cy.jsx",
    "statementMap": {
      "0": {
        "start": {
          "line": 7,
          "column": 20
        },
        "end": {
          "line": 7,
          "column": 37
        }
      },
      "1": {
        "start": {
          "line": 8,
          "column": 0
        },
        "end": {
          "line": 50,
          "column": 3
        }
      },
      "2": {
        "start": {
          "line": 9,
          "column": 2
        },
        "end": {
          "line": 18,
          "column": 5
        }
      },
      "3": {
        "start": {
          "line": 10,
          "column": 4
        },
        "end": {
          "line": 10,
          "column": 30
        }
      },
      "4": {
        "start": {
          "line": 11,
          "column": 4
        },
        "end": {
          "line": 13,
          "column": 6
        }
      },
      "5": {
        "start": {
          "line": 14,
          "column": 4
        },
        "end": {
          "line": 16,
          "column": 23
        }
      },
      "6": {
        "start": {
          "line": 17,
          "column": 4
        },
        "end": {
          "line": 17,
          "column": 78
        }
      },
      "7": {
        "start": {
          "line": 19,
          "column": 2
        },
        "end": {
          "line": 49,
          "column": 5
        }
      },
      "8": {
        "start": {
          "line": 20,
          "column": 21
        },
        "end": {
          "line": 20,
          "column": 75
        }
      },
      "9": {
        "start": {
          "line": 21,
          "column": 4
        },
        "end": {
          "line": 39,
          "column": 6
        }
      },
      "10": {
        "start": {
          "line": 40,
          "column": 4
        },
        "end": {
          "line": 40,
          "column": 40
        }
      },
      "11": {
        "start": {
          "line": 41,
          "column": 4
        },
        "end": {
          "line": 41,
          "column": 49
        }
      },
      "12": {
        "start": {
          "line": 42,
          "column": 4
        },
        "end": {
          "line": 42,
          "column": 51
        }
      },
      "13": {
        "start": {
          "line": 43,
          "column": 4
        },
        "end": {
          "line": 43,
          "column": 46
        }
      },
      "14": {
        "start": {
          "line": 44,
          "column": 4
        },
        "end": {
          "line": 44,
          "column": 43
        }
      },
      "15": {
        "start": {
          "line": 45,
          "column": 4
        },
        "end": {
          "line": 45,
          "column": 43
        }
      },
      "16": {
        "start": {
          "line": 46,
          "column": 4
        },
        "end": {
          "line": 46,
          "column": 54
        }
      },
      "17": {
        "start": {
          "line": 47,
          "column": 4
        },
        "end": {
          "line": 47,
          "column": 42
        }
      },
      "18": {
        "start": {
          "line": 48,
          "column": 4
        },
        "end": {
          "line": 48,
          "column": 55
        }
      }
    },
    "fnMap": {
      "0": {
        "name": "(anonymous_0)",
        "decl": {
          "start": {
            "line": 8,
            "column": 30
          },
          "end": {
            "line": 8,
            "column": 31
          }
        },
        "loc": {
          "start": {
            "line": 8,
            "column": 36
          },
          "end": {
            "line": 50,
            "column": 1
          }
        },
        "line": 8
      },
      "1": {
        "name": "(anonymous_1)",
        "decl": {
          "start": {
            "line": 9,
            "column": 13
          },
          "end": {
            "line": 9,
            "column": 14
          }
        },
        "loc": {
          "start": {
            "line": 9,
            "column": 19
          },
          "end": {
            "line": 18,
            "column": 3
          }
        },
        "line": 9
      },
      "2": {
        "name": "(anonymous_2)",
        "decl": {
          "start": {
            "line": 19,
            "column": 50
          },
          "end": {
            "line": 19,
            "column": 51
          }
        },
        "loc": {
          "start": {
            "line": 19,
            "column": 56
          },
          "end": {
            "line": 49,
            "column": 3
          }
        },
        "line": 19
      }
    },
    "branchMap": {},
    "s": {
      "0": 2,
      "1": 2,
      "2": 2,
      "3": 2,
      "4": 2,
      "5": 2,
      "6": 2,
      "7": 2,
      "8": 2,
      "9": 2,
      "10": 2,
      "11": 2,
      "12": 2,
      "13": 2,
      "14": 2,
      "15": 2,
      "16": 2,
      "17": 2,
      "18": 2
    },
    "f": {
      "0": 2,
      "1": 2,
      "2": 2
    },
    "b": {},
    "inputSourceMap": {
      "version": 3,
      "mappings": "AA6BY;AA7BZ,OAAOA,WAAW;AAClB,SAASC,aAAaC,2BAA2B;AACjD,SAASC,qBAAqB;AAC9B,OAAOC,mBAAmB;AAC1B,SAASC,mBAAmB;AAE5B,MAAMC,cAAc,IAAIL,YAAY;AAEpCM,SAAS,qBAAqB,MAAM;AAClCC,aAAW,MAAM;AACfC,OAAGC,SAAS,YAAY;AACxBD,OAAGE,UAAU,OAAO,cAAc,EAAEC,MAAM,EAAEC,IAAI,GAAGC,MAAM,SAAS,EAAE,CAAC,EAAEC;AAAAA,MACrE;AAAA,IACF;AAEAN,OAAGE,UAAU,OAAO,sBAAsB;AAAA,MACxCC,MAAM,CAAC,EAAEC,IAAI,GAAGC,MAAM,cAAcE,QAAQ,EAAE,CAAC;AAAA,IACjD,CAAC,EAAED,GAAG,WAAW;AAEjBN,OAAGE,UAAU,OAAO,mBAAmB,EAAEC,MAAM,GAAG,CAAC,EAAEG,GAAG,gBAAgB;AAAA,EAC1E,CAAC;AAEDE,KAAG,6CAA6C,MAAM;AACpD,UAAMC,WAAW,EAAEF,QAAQ,GAAGG,iBAAiB,MAAMC,QAAQX,GAAGY,IAAI,EAAE;AAEtEZ,OAAGa;AAAAA,MACD,uBAAC,uBAAoB,QAAQhB,aAC3B,iCAAC,YAAY,UAAZ,EAAqB,OAAOY,UAC3B,iCAAC,iBACC,iCAAC,mBAAD;AAAA;AAAA;AAAA;AAAA,aAAc,KADhB;AAAA;AAAA;AAAA;AAAA,aAEA,KAHF;AAAA;AAAA;AAAA;AAAA,aAIA,KALF;AAAA;AAAA;AAAA;AAAA,aAMA;AAAA,IACF;AAEAT,OAAGc,KAAK,CAAC,YAAY,YAAY,CAAC;AAClCd,OAAGe,SAAS,UAAU,EAAEC,OAAO,YAAY;AAC3ChB,OAAGe,SAAS,YAAY,EAAEC,OAAO,YAAY;AAE7ChB,OAAGe,SAAS,UAAU,UAAU,EAAEE,MAAM;AAExCjB,OAAGe,SAAS,IAAI,EAAEC,OAAO,YAAY;AACrChB,OAAGe,SAAS,IAAI,EAAEC,OAAO,YAAY;AAErChB,OAAGe,SAAS,MAAM,UAAU,EAAEC,OAAO,WAAW;AAEhDhB,OAAGe,SAAS,UAAU,MAAM,EAAEE,MAAM;AACpCjB,OAAGe,SAAS,MAAM,UAAU,EAAEC,OAAO,YAAY;AAAA,EACnD,CAAC;AACH,CAAC",
      "names": [
        "React",
        "QueryClient",
        "QueryClientProvider",
        "BrowserRouter",
        "DashboardPage",
        "AuthContext",
        "queryClient",
        "describe",
        "beforeEach",
        "cy",
        "viewport",
        "intercept",
        "body",
        "id",
        "name",
        "as",
        "userId",
        "it",
        "mockAuth",
        "isAuthenticated",
        "logout",
        "spy",
        "mount",
        "wait",
        "contains",
        "should",
        "click"
      ],
      "ignoreList": [],
      "sources": [
        "C:/Users/Evald/repos/react/react_web_technologies/habit-tracker/src/pages/DashboardPage.cy.jsx"
      ],
      "file": "C:/Users/Evald/repos/react/react_web_technologies/habit-tracker/src/pages/DashboardPage.cy.jsx"
    },
    "_coverageSchema": "1a1c01bbd47fc00a2c39e90264f33305004495a9",
    "hash": "4f77250b54c1d4c909841a2c5b3c07b4596b78e7"
  }
}
