{"C:/Users/Evald/repos/react/react_web_technologies/habit-tracker/cypress/support/component.js": {"path":"C:/Users/Evald/repos/react/react_web_technologies/habit-tracker/cypress/support/component.js","statementMap":{"0":{"start":{"line":22,"column":0},"end":{"line":22,"column":null}}},"fnMap":{},"branchMap":{},"s":{"0":2},"f":{},"b":{}}
,"C:/Users/Evald/repos/react/react_web_technologies/habit-tracker/src/components/AddHabitModal.jsx": {"path":"C:/Users/Evald/repos/react/react_web_technologies/habit-tracker/src/components/AddHabitModal.jsx","statementMap":{"0":{"start":{"line":7,"column":22},"end":{"line":60,"column":2}},"1":{"start":{"line":7,"column":39},"end":{"line":7,"column":null}},"2":{"start":{"line":8,"column":36},"end":{"line":8,"column":null}},"3":{"start":{"line":9,"column":38},"end":{"line":9,"column":null}},"4":{"start":{"line":10,"column":21},"end":{"line":10,"column":null}},"5":{"start":{"line":12,"column":34},"end":{"line":14,"column":null}},"6":{"start":{"line":13,"column":4},"end":{"line":13,"column":null}},"7":{"start":{"line":16,"column":21},"end":{"line":38,"column":null}},"8":{"start":{"line":17,"column":4},"end":{"line":20,"column":null}},"9":{"start":{"line":18,"column":6},"end":{"line":18,"column":null}},"10":{"start":{"line":19,"column":6},"end":{"line":19,"column":null}},"11":{"start":{"line":22,"column":4},"end":{"line":37,"column":null}},"12":{"start":{"line":23,"column":6},"end":{"line":33,"column":null}},"13":{"start":{"line":30,"column":12},"end":{"line":30,"column":null}},"14":{"start":{"line":35,"column":6},"end":{"line":35,"column":null}},"15":{"start":{"line":36,"column":6},"end":{"line":36,"column":null}},"16":{"start":{"line":40,"column":2},"end":{"line":58,"column":null}},"17":{"start":{"line":50,"column":27},"end":{"line":50,"column":null}},"18":{"start":{"line":60,"column":2},"end":{"line":10,"column":29}},"19":{"start":{"line":7,"column":19},"end":{"line":10,"column":29}},"20":{"start":{"line":10,"column":28},"end":{"line":7,"column":19}},"21":{"start":{"line":62,"column":29},"end":{"line":62,"column":null}}},"fnMap":{"0":{"name":"(anonymous_0)","decl":{"start":{"line":7,"column":22},"end":{"line":7,"column":23}},"loc":{"start":{"line":7,"column":39},"end":{"line":60,"column":2}}},"1":{"name":"(anonymous_1)","decl":{"start":{"line":12,"column":34},"end":{"line":12,"column":35}},"loc":{"start":{"line":12,"column":41},"end":{"line":14,"column":null}}},"2":{"name":"(anonymous_2)","decl":{"start":{"line":16,"column":21},"end":{"line":16,"column":33}},"loc":{"start":{"line":16,"column":33},"end":{"line":38,"column":null}}},"3":{"name":"(anonymous_3)","decl":{"start":{"line":29,"column":21},"end":{"line":29,"column":27}},"loc":{"start":{"line":29,"column":27},"end":{"line":31,"column":null}}},"4":{"name":"(anonymous_4)","decl":{"start":{"line":50,"column":20},"end":{"line":50,"column":21}},"loc":{"start":{"line":50,"column":27},"end":{"line":50,"column":null}}},"5":{"name":"(anonymous_5)","decl":{"start":{"line":7,"column":19},"end":{"line":7,"column":22}},"loc":{"start":{"line":7,"column":19},"end":{"line":10,"column":29}}}},"branchMap":{"0":{"loc":{"start":{"line":17,"column":4},"end":{"line":20,"column":null}},"type":"if","locations":[{"start":{"line":17,"column":4},"end":{"line":20,"column":null}}]},"1":{"loc":{"start":{"line":55,"column":11},"end":{"line":55,"column":null}},"type":"cond-expr","locations":[{"start":{"line":55,"column":27},"end":{"line":55,"column":41}},{"start":{"line":55,"column":41},"end":{"line":55,"column":null}}]}},"s":{"0":2,"1":0,"2":0,"3":0,"4":0,"5":0,"6":0,"7":0,"8":0,"9":0,"10":0,"11":0,"12":0,"13":0,"14":0,"15":0,"16":0,"17":0,"18":2,"19":0,"20":2,"21":2},"f":{"0":0,"1":0,"2":0,"3":0,"4":0,"5":0},"b":{"0":[0],"1":[0,0]}}
,"C:/Users/Evald/repos/react/react_web_technologies/habit-tracker/src/components/CalendarWidget.jsx": {"path":"C:/Users/Evald/repos/react/react_web_technologies/habit-tracker/src/components/CalendarWidget.jsx","statementMap":{"0":{"start":{"line":4,"column":18},"end":{"line":4,"column":null}},"1":{"start":{"line":6,"column":27},"end":{"line":8,"column":null}},"2":{"start":{"line":7,"column":2},"end":{"line":7,"column":null}},"3":{"start":{"line":10,"column":24},"end":{"line":31,"column":null}},"4":{"start":{"line":11,"column":15},"end":{"line":11,"column":null}},"5":{"start":{"line":12,"column":16},"end":{"line":12,"column":null}},"6":{"start":{"line":14,"column":26},"end":{"line":14,"column":null}},"7":{"start":{"line":16,"column":24},"end":{"line":16,"column":null}},"8":{"start":{"line":18,"column":22},"end":{"line":18,"column":null}},"9":{"start":{"line":20,"column":15},"end":{"line":20,"column":null}},"10":{"start":{"line":22,"column":2},"end":{"line":24,"column":null}},"11":{"start":{"line":22,"column":15},"end":{"line":22,"column":18}},"12":{"start":{"line":23,"column":4},"end":{"line":23,"column":null}},"13":{"start":{"line":26,"column":2},"end":{"line":28,"column":null}},"14":{"start":{"line":26,"column":15},"end":{"line":26,"column":18}},"15":{"start":{"line":27,"column":4},"end":{"line":27,"column":null}},"16":{"start":{"line":30,"column":2},"end":{"line":30,"column":null}},"17":{"start":{"line":33,"column":23},"end":{"line":119,"column":2}},"18":{"start":{"line":39,"column":15},"end":{"line":39,"column":null}},"19":{"start":{"line":40,"column":16},"end":{"line":40,"column":null}},"20":{"start":{"line":42,"column":20},"end":{"line":48,"column":null}},"21":{"start":{"line":43,"column":4},"end":{"line":46,"column":null}},"22":{"start":{"line":50,"column":26},"end":{"line":54,"column":null}},"23":{"start":{"line":51,"column":4},"end":{"line":53,"column":null}},"24":{"start":{"line":52,"column":16},"end":{"line":52,"column":null}},"25":{"start":{"line":56,"column":26},"end":{"line":60,"column":null}},"26":{"start":{"line":57,"column":4},"end":{"line":59,"column":null}},"27":{"start":{"line":58,"column":16},"end":{"line":58,"column":null}},"28":{"start":{"line":62,"column":2},"end":{"line":117,"column":null}},"29":{"start":{"line":78,"column":10},"end":{"line":80,"column":null}},"30":{"start":{"line":87,"column":10},"end":{"line":91,"column":null}},"31":{"start":{"line":88,"column":12},"end":{"line":89,"column":null}},"32":{"start":{"line":93,"column":26},"end":{"line":97,"column":null}},"33":{"start":{"line":99,"column":29},"end":{"line":99,"column":null}},"34":{"start":{"line":100,"column":26},"end":{"line":100,"column":null}},"35":{"start":{"line":102,"column":26},"end":{"line":102,"column":null}},"36":{"start":{"line":103,"column":10},"end":{"line":103,"column":null}},"37":{"start":{"line":103,"column":26},"end":{"line":103,"column":null}},"38":{"start":{"line":104,"column":10},"end":{"line":104,"column":null}},"39":{"start":{"line":104,"column":23},"end":{"line":104,"column":null}},"40":{"start":{"line":106,"column":10},"end":{"line":113,"column":null}},"41":{"start":{"line":110,"column":29},"end":{"line":110,"column":null}},"42":{"start":{"line":119,"column":2},"end":{"line":33,"column":23}},"43":{"start":{"line":121,"column":30},"end":{"line":121,"column":null}}},"fnMap":{"0":{"name":"(anonymous_0)","decl":{"start":{"line":6,"column":27},"end":{"line":6,"column":28}},"loc":{"start":{"line":6,"column":37},"end":{"line":8,"column":null}}},"1":{"name":"(anonymous_1)","decl":{"start":{"line":10,"column":24},"end":{"line":10,"column":25}},"loc":{"start":{"line":10,"column":34},"end":{"line":31,"column":null}}},"2":{"name":"(anonymous_2)","decl":{"start":{"line":33,"column":23},"end":{"line":33,"column":24}},"loc":{"start":{"line":38,"column":6},"end":{"line":119,"column":2}}},"3":{"name":"(anonymous_3)","decl":{"start":{"line":42,"column":20},"end":{"line":42,"column":21}},"loc":{"start":{"line":42,"column":32},"end":{"line":48,"column":null}}},"4":{"name":"(anonymous_4)","decl":{"start":{"line":50,"column":26},"end":{"line":50,"column":32}},"loc":{"start":{"line":50,"column":32},"end":{"line":54,"column":null}}},"5":{"name":"(anonymous_5)","decl":{"start":{"line":52,"column":6},"end":{"line":52,"column":7}},"loc":{"start":{"line":52,"column":16},"end":{"line":52,"column":null}}},"6":{"name":"(anonymous_6)","decl":{"start":{"line":56,"column":26},"end":{"line":56,"column":32}},"loc":{"start":{"line":56,"column":32},"end":{"line":60,"column":null}}},"7":{"name":"(anonymous_7)","decl":{"start":{"line":58,"column":6},"end":{"line":58,"column":7}},"loc":{"start":{"line":58,"column":16},"end":{"line":58,"column":null}}},"8":{"name":"(anonymous_8)","decl":{"start":{"line":77,"column":23},"end":{"line":77,"column":24}},"loc":{"start":{"line":78,"column":10},"end":{"line":80,"column":null}}},"9":{"name":"(anonymous_9)","decl":{"start":{"line":86,"column":18},"end":{"line":86,"column":19}},"loc":{"start":{"line":86,"column":34},"end":{"line":115,"column":9}}},"10":{"name":"(anonymous_10)","decl":{"start":{"line":110,"column":23},"end":{"line":110,"column":29}},"loc":{"start":{"line":110,"column":29},"end":{"line":110,"column":null}}}},"branchMap":{"0":{"loc":{"start":{"line":16,"column":24},"end":{"line":16,"column":null}},"type":"cond-expr","locations":[{"start":{"line":16,"column":48},"end":{"line":16,"column":52}},{"start":{"line":16,"column":52},"end":{"line":16,"column":null}}]},"1":{"loc":{"start":{"line":44,"column":6},"end":{"line":46,"column":null}},"type":"binary-expr","locations":[{"start":{"line":44,"column":6},"end":{"line":44,"column":null}},{"start":{"line":45,"column":6},"end":{"line":45,"column":null}},{"start":{"line":46,"column":6},"end":{"line":46,"column":null}}]},"2":{"loc":{"start":{"line":87,"column":10},"end":{"line":91,"column":null}},"type":"if","locations":[{"start":{"line":87,"column":10},"end":{"line":91,"column":null}}]},"3":{"loc":{"start":{"line":103,"column":10},"end":{"line":103,"column":null}},"type":"if","locations":[{"start":{"line":103,"column":10},"end":{"line":103,"column":null}}]},"4":{"loc":{"start":{"line":104,"column":10},"end":{"line":104,"column":null}},"type":"if","locations":[{"start":{"line":104,"column":10},"end":{"line":104,"column":null}}]}},"s":{"0":2,"1":2,"2":2,"3":2,"4":2,"5":2,"6":2,"7":2,"8":2,"9":2,"10":2,"11":2,"12":0,"13":2,"14":2,"15":62,"16":2,"17":2,"18":2,"19":2,"20":2,"21":124,"22":2,"23":0,"24":0,"25":2,"26":0,"27":0,"28":2,"29":14,"30":62,"31":0,"32":62,"33":62,"34":62,"35":62,"36":62,"37":2,"38":62,"39":2,"40":62,"41":0,"42":2,"43":2},"f":{"0":2,"1":2,"2":2,"3":124,"4":0,"5":0,"6":0,"7":0,"8":14,"9":62,"10":0},"b":{"0":[0,2],"1":[124,4,4],"2":[0],"3":[2],"4":[2]}}
,"C:/Users/Evald/repos/react/react_web_technologies/habit-tracker/src/components/DailyHabitList.jsx": {"path":"C:/Users/Evald/repos/react/react_web_technologies/habit-tracker/src/components/DailyHabitList.jsx","statementMap":{"0":{"start":{"line":7,"column":19},"end":{"line":9,"column":null}},"1":{"start":{"line":8,"column":2},"end":{"line":8,"column":null}},"2":{"start":{"line":11,"column":23},"end":{"line":43,"column":2}},"3":{"start":{"line":19,"column":2},"end":{"line":41,"column":null}},"4":{"start":{"line":29,"column":12},"end":{"line":34,"column":null}},"5":{"start":{"line":33,"column":30},"end":{"line":33,"column":null}},"6":{"start":{"line":34,"column":30},"end":{"line":34,"column":66}},"7":{"start":{"line":43,"column":2},"end":{"line":11,"column":23}},"8":{"start":{"line":45,"column":30},"end":{"line":45,"column":null}}},"fnMap":{"0":{"name":"(anonymous_0)","decl":{"start":{"line":7,"column":19},"end":{"line":7,"column":20}},"loc":{"start":{"line":7,"column":29},"end":{"line":9,"column":null}}},"1":{"name":"(anonymous_1)","decl":{"start":{"line":11,"column":23},"end":{"line":11,"column":24}},"loc":{"start":{"line":18,"column":6},"end":{"line":43,"column":2}}},"2":{"name":"(anonymous_2)","decl":{"start":{"line":28,"column":21},"end":{"line":28,"column":22}},"loc":{"start":{"line":29,"column":12},"end":{"line":34,"column":null}}},"3":{"name":"(anonymous_3)","decl":{"start":{"line":33,"column":24},"end":{"line":33,"column":30}},"loc":{"start":{"line":33,"column":30},"end":{"line":33,"column":null}}},"4":{"name":"(anonymous_4)","decl":{"start":{"line":34,"column":24},"end":{"line":34,"column":30}},"loc":{"start":{"line":34,"column":30},"end":{"line":34,"column":66}}}},"branchMap":{"0":{"loc":{"start":{"line":25,"column":9},"end":{"line":36,"column":null}},"type":"cond-expr","locations":[{"start":{"line":26,"column":10},"end":{"line":26,"column":null}},{"start":{"line":28,"column":10},"end":{"line":36,"column":null}}]}},"s":{"0":2,"1":2,"2":2,"3":2,"4":2,"5":0,"6":0,"7":2,"8":2},"f":{"0":2,"1":2,"2":2,"3":0,"4":0},"b":{"0":[0,2]}}
,"C:/Users/Evald/repos/react/react_web_technologies/habit-tracker/src/components/HabitModal.jsx": {"path":"C:/Users/Evald/repos/react/react_web_technologies/habit-tracker/src/components/HabitModal.jsx","statementMap":{"0":{"start":{"line":6,"column":19},"end":{"line":39,"column":2}},"1":{"start":{"line":13,"column":34},"end":{"line":15,"column":null}},"2":{"start":{"line":14,"column":4},"end":{"line":14,"column":null}},"3":{"start":{"line":17,"column":2},"end":{"line":37,"column":null}},"4":{"start":{"line":25,"column":12},"end":{"line":30,"column":null}},"5":{"start":{"line":29,"column":30},"end":{"line":29,"column":null}},"6":{"start":{"line":30,"column":30},"end":{"line":30,"column":66}},"7":{"start":{"line":39,"column":2},"end":{"line":6,"column":19}},"8":{"start":{"line":41,"column":26},"end":{"line":41,"column":null}}},"fnMap":{"0":{"name":"(anonymous_0)","decl":{"start":{"line":6,"column":19},"end":{"line":6,"column":20}},"loc":{"start":{"line":12,"column":6},"end":{"line":39,"column":2}}},"1":{"name":"(anonymous_1)","decl":{"start":{"line":13,"column":34},"end":{"line":13,"column":35}},"loc":{"start":{"line":13,"column":41},"end":{"line":15,"column":null}}},"2":{"name":"(anonymous_2)","decl":{"start":{"line":24,"column":22},"end":{"line":24,"column":23}},"loc":{"start":{"line":25,"column":12},"end":{"line":30,"column":null}}},"3":{"name":"(anonymous_3)","decl":{"start":{"line":29,"column":24},"end":{"line":29,"column":30}},"loc":{"start":{"line":29,"column":30},"end":{"line":29,"column":null}}},"4":{"name":"(anonymous_4)","decl":{"start":{"line":30,"column":24},"end":{"line":30,"column":30}},"loc":{"start":{"line":30,"column":30},"end":{"line":30,"column":66}}}},"branchMap":{},"s":{"0":2,"1":0,"2":0,"3":0,"4":0,"5":0,"6":0,"7":2,"8":2},"f":{"0":0,"1":0,"2":0,"3":0,"4":0},"b":{}}
,"C:/Users/Evald/repos/react/react_web_technologies/habit-tracker/src/components/ProgressChart.jsx": {"path":"C:/Users/Evald/repos/react/react_web_technologies/habit-tracker/src/components/ProgressChart.jsx","statementMap":{"0":{"start":{"line":5,"column":6},"end":{"line":5,"column":null}},"1":{"start":{"line":6,"column":17},"end":{"line":6,"column":null}},"2":{"start":{"line":7,"column":16},"end":{"line":10,"column":null}},"3":{"start":{"line":9,"column":12},"end":{"line":9,"column":null}},"4":{"start":{"line":12,"column":22},"end":{"line":49,"column":2}},"5":{"start":{"line":12,"column":28},"end":{"line":12,"column":null}},"6":{"start":{"line":13,"column":38},"end":{"line":13,"column":null}},"7":{"start":{"line":15,"column":2},"end":{"line":22,"column":null}},"8":{"start":{"line":16,"column":4},"end":{"line":20,"column":null}},"9":{"start":{"line":23,"column":2},"end":{"line":47,"column":null}},"10":{"start":{"line":30,"column":12},"end":{"line":35,"column":null}},"11":{"start":{"line":42,"column":10},"end":{"line":44,"column":null}},"12":{"start":{"line":49,"column":2},"end":{"line":13,"column":54}},"13":{"start":{"line":12,"column":19},"end":{"line":13,"column":54}},"14":{"start":{"line":13,"column":53},"end":{"line":12,"column":19}},"15":{"start":{"line":51,"column":29},"end":{"line":51,"column":null}}},"fnMap":{"0":{"name":"(anonymous_0)","decl":{"start":{"line":9,"column":2},"end":{"line":9,"column":3}},"loc":{"start":{"line":9,"column":12},"end":{"line":9,"column":null}}},"1":{"name":"(anonymous_1)","decl":{"start":{"line":12,"column":22},"end":{"line":12,"column":28}},"loc":{"start":{"line":12,"column":28},"end":{"line":49,"column":2}}},"2":{"name":"(anonymous_2)","decl":{"start":{"line":29,"column":28},"end":{"line":29,"column":29}},"loc":{"start":{"line":30,"column":12},"end":{"line":35,"column":null}}},"3":{"name":"(anonymous_3)","decl":{"start":{"line":41,"column":21},"end":{"line":41,"column":22}},"loc":{"start":{"line":42,"column":10},"end":{"line":44,"column":null}}},"4":{"name":"(anonymous_4)","decl":{"start":{"line":12,"column":19},"end":{"line":12,"column":22}},"loc":{"start":{"line":12,"column":19},"end":{"line":13,"column":54}}}},"branchMap":{"0":{"loc":{"start":{"line":6,"column":17},"end":{"line":6,"column":null}},"type":"cond-expr","locations":[{"start":{"line":6,"column":36},"end":{"line":6,"column":51}},{"start":{"line":6,"column":51},"end":{"line":6,"column":null}}]},"1":{"loc":{"start":{"line":8,"column":12},"end":{"line":8,"column":40}},"type":"cond-expr","locations":[{"start":{"line":8,"column":27},"end":{"line":8,"column":32}},{"start":{"line":8,"column":32},"end":{"line":8,"column":40}}]},"2":{"loc":{"start":{"line":15,"column":2},"end":{"line":22,"column":null}},"type":"if","locations":[{"start":{"line":15,"column":2},"end":{"line":22,"column":null}}]}},"s":{"0":2,"1":2,"2":2,"3":6,"4":2,"5":6,"6":6,"7":6,"8":4,"9":2,"10":30,"11":6,"12":2,"13":2,"14":2,"15":2},"f":{"0":6,"1":6,"2":30,"3":6,"4":2},"b":{"0":[0,2],"1":[0,2],"2":[4]}}
,"C:/Users/Evald/repos/react/react_web_technologies/habit-tracker/src/components/TodaySummary.jsx": {"path":"C:/Users/Evald/repos/react/react_web_technologies/habit-tracker/src/components/TodaySummary.jsx","statementMap":{"0":{"start":{"line":6,"column":26},"end":{"line":6,"column":null}},"1":{"start":{"line":8,"column":21},"end":{"line":38,"column":2}},"2":{"start":{"line":15,"column":23},"end":{"line":15,"column":null}},"3":{"start":{"line":16,"column":18},"end":{"line":16,"column":null}},"4":{"start":{"line":18,"column":2},"end":{"line":36,"column":null}},"5":{"start":{"line":24,"column":10},"end":{"line":29,"column":null}},"6":{"start":{"line":28,"column":28},"end":{"line":28,"column":null}},"7":{"start":{"line":29,"column":28},"end":{"line":29,"column":64}},"8":{"start":{"line":38,"column":2},"end":{"line":8,"column":21}},"9":{"start":{"line":40,"column":28},"end":{"line":40,"column":null}}},"fnMap":{"0":{"name":"(anonymous_0)","decl":{"start":{"line":8,"column":21},"end":{"line":8,"column":22}},"loc":{"start":{"line":14,"column":6},"end":{"line":38,"column":2}}},"1":{"name":"(anonymous_1)","decl":{"start":{"line":23,"column":26},"end":{"line":23,"column":27}},"loc":{"start":{"line":24,"column":10},"end":{"line":29,"column":null}}},"2":{"name":"(anonymous_2)","decl":{"start":{"line":28,"column":22},"end":{"line":28,"column":28}},"loc":{"start":{"line":28,"column":28},"end":{"line":28,"column":null}}},"3":{"name":"(anonymous_3)","decl":{"start":{"line":29,"column":22},"end":{"line":29,"column":28}},"loc":{"start":{"line":29,"column":28},"end":{"line":29,"column":64}}}},"branchMap":{"0":{"loc":{"start":{"line":32,"column":9},"end":{"line":32,"column":null}},"type":"binary-expr","locations":[{"start":{"line":32,"column":9},"end":{"line":32,"column":20}},{"start":{"line":32,"column":20},"end":{"line":32,"column":null}}]}},"s":{"0":2,"1":2,"2":6,"3":6,"4":6,"5":6,"6":0,"7":0,"8":2,"9":2},"f":{"0":6,"1":6,"2":0,"3":0},"b":{"0":[6,0]}}
,"C:/Users/Evald/repos/react/react_web_technologies/habit-tracker/src/components/common/AddHabitButton.jsx": {"path":"C:/Users/Evald/repos/react/react_web_technologies/habit-tracker/src/components/common/AddHabitButton.jsx","statementMap":{"0":{"start":{"line":4,"column":23},"end":{"line":10,"column":2}},"1":{"start":{"line":5,"column":2},"end":{"line":8,"column":null}},"2":{"start":{"line":10,"column":2},"end":{"line":4,"column":23}},"3":{"start":{"line":12,"column":30},"end":{"line":12,"column":null}}},"fnMap":{"0":{"name":"(anonymous_0)","decl":{"start":{"line":4,"column":23},"end":{"line":4,"column":24}},"loc":{"start":{"line":4,"column":51},"end":{"line":10,"column":2}}}},"branchMap":{},"s":{"0":2,"1":8,"2":2,"3":2},"f":{"0":8},"b":{}}
,"C:/Users/Evald/repos/react/react_web_technologies/habit-tracker/src/components/common/Button.jsx": {"path":"C:/Users/Evald/repos/react/react_web_technologies/habit-tracker/src/components/common/Button.jsx","statementMap":{"0":{"start":{"line":3,"column":15},"end":{"line":17,"column":2}},"1":{"start":{"line":4,"column":22},"end":{"line":10,"column":null}},"2":{"start":{"line":5,"column":4},"end":{"line":5,"column":null}},"3":{"start":{"line":7,"column":4},"end":{"line":9,"column":null}},"4":{"start":{"line":8,"column":6},"end":{"line":8,"column":null}},"5":{"start":{"line":12,"column":2},"end":{"line":15,"column":null}},"6":{"start":{"line":17,"column":2},"end":{"line":3,"column":15}},"7":{"start":{"line":19,"column":22},"end":{"line":19,"column":null}}},"fnMap":{"0":{"name":"(anonymous_0)","decl":{"start":{"line":3,"column":15},"end":{"line":3,"column":16}},"loc":{"start":{"line":3,"column":51},"end":{"line":17,"column":2}}},"1":{"name":"(anonymous_1)","decl":{"start":{"line":4,"column":22},"end":{"line":4,"column":23}},"loc":{"start":{"line":4,"column":29},"end":{"line":10,"column":null}}}},"branchMap":{"0":{"loc":{"start":{"line":7,"column":4},"end":{"line":9,"column":null}},"type":"if","locations":[{"start":{"line":7,"column":4},"end":{"line":9,"column":null}}]}},"s":{"0":2,"1":8,"2":0,"3":0,"4":0,"5":8,"6":2,"7":2},"f":{"0":8,"1":0},"b":{"0":[0]}}
,"C:/Users/Evald/repos/react/react_web_technologies/habit-tracker/src/components/common/Checkbox.jsx": {"path":"C:/Users/Evald/repos/react/react_web_technologies/habit-tracker/src/components/common/Checkbox.jsx","statementMap":{"0":{"start":{"line":3,"column":17},"end":{"line":33,"column":2}},"1":{"start":{"line":4,"column":27},"end":{"line":6,"column":null}},"2":{"start":{"line":5,"column":4},"end":{"line":5,"column":null}},"3":{"start":{"line":7,"column":28},"end":{"line":13,"column":null}},"4":{"start":{"line":8,"column":4},"end":{"line":8,"column":null}},"5":{"start":{"line":10,"column":4},"end":{"line":12,"column":null}},"6":{"start":{"line":11,"column":6},"end":{"line":11,"column":null}},"7":{"start":{"line":15,"column":2},"end":{"line":31,"column":null}},"8":{"start":{"line":33,"column":2},"end":{"line":3,"column":17}},"9":{"start":{"line":35,"column":24},"end":{"line":35,"column":null}}},"fnMap":{"0":{"name":"(anonymous_0)","decl":{"start":{"line":3,"column":17},"end":{"line":3,"column":18}},"loc":{"start":{"line":3,"column":61},"end":{"line":33,"column":2}}},"1":{"name":"(anonymous_1)","decl":{"start":{"line":4,"column":27},"end":{"line":4,"column":28}},"loc":{"start":{"line":4,"column":34},"end":{"line":6,"column":null}}},"2":{"name":"(anonymous_2)","decl":{"start":{"line":7,"column":28},"end":{"line":7,"column":29}},"loc":{"start":{"line":7,"column":35},"end":{"line":13,"column":null}}}},"branchMap":{"0":{"loc":{"start":{"line":10,"column":4},"end":{"line":12,"column":null}},"type":"if","locations":[{"start":{"line":10,"column":4},"end":{"line":12,"column":null}}]},"1":{"loc":{"start":{"line":22,"column":7},"end":{"line":29,"column":null}},"type":"binary-expr","locations":[{"start":{"line":22,"column":7},"end":{"line":22,"column":null}},{"start":{"line":23,"column":8},"end":{"line":29,"column":null}}]}},"s":{"0":2,"1":8,"2":0,"3":8,"4":0,"5":0,"6":0,"7":8,"8":2,"9":2},"f":{"0":8,"1":0,"2":0},"b":{"0":[0],"1":[8,8]}}
,"C:/Users/Evald/repos/react/react_web_technologies/habit-tracker/src/components/common/UserMenu.jsx": {"path":"C:/Users/Evald/repos/react/react_web_technologies/habit-tracker/src/components/common/UserMenu.jsx","statementMap":{"0":{"start":{"line":6,"column":17},"end":{"line":43,"column":2}},"1":{"start":{"line":6,"column":23},"end":{"line":6,"column":null}},"2":{"start":{"line":7,"column":38},"end":{"line":7,"column":null}},"3":{"start":{"line":9,"column":36},"end":{"line":9,"column":null}},"4":{"start":{"line":11,"column":27},"end":{"line":13,"column":null}},"5":{"start":{"line":12,"column":4},"end":{"line":12,"column":null}},"6":{"start":{"line":12,"column":28},"end":{"line":12,"column":33}},"7":{"start":{"line":15,"column":29},"end":{"line":19,"column":null}},"8":{"start":{"line":16,"column":4},"end":{"line":16,"column":null}},"9":{"start":{"line":16,"column":19},"end":{"line":16,"column":null}},"10":{"start":{"line":17,"column":4},"end":{"line":17,"column":null}},"11":{"start":{"line":17,"column":15},"end":{"line":17,"column":null}},"12":{"start":{"line":18,"column":4},"end":{"line":18,"column":null}},"13":{"start":{"line":21,"column":2},"end":{"line":41,"column":null}},"14":{"start":{"line":28,"column":27},"end":{"line":28,"column":null}},"15":{"start":{"line":43,"column":2},"end":{"line":9,"column":44}},"16":{"start":{"line":6,"column":14},"end":{"line":9,"column":44}},"17":{"start":{"line":9,"column":43},"end":{"line":6,"column":14}},"18":{"start":{"line":45,"column":24},"end":{"line":45,"column":null}}},"fnMap":{"0":{"name":"(anonymous_0)","decl":{"start":{"line":6,"column":17},"end":{"line":6,"column":23}},"loc":{"start":{"line":6,"column":23},"end":{"line":43,"column":2}}},"1":{"name":"(anonymous_1)","decl":{"start":{"line":11,"column":27},"end":{"line":11,"column":33}},"loc":{"start":{"line":11,"column":33},"end":{"line":13,"column":null}}},"2":{"name":"(anonymous_2)","decl":{"start":{"line":12,"column":18},"end":{"line":12,"column":19}},"loc":{"start":{"line":12,"column":28},"end":{"line":12,"column":33}}},"3":{"name":"(anonymous_3)","decl":{"start":{"line":15,"column":29},"end":{"line":15,"column":35}},"loc":{"start":{"line":15,"column":35},"end":{"line":19,"column":null}}},"4":{"name":"(anonymous_4)","decl":{"start":{"line":28,"column":19},"end":{"line":28,"column":20}},"loc":{"start":{"line":28,"column":27},"end":{"line":28,"column":null}}},"5":{"name":"(anonymous_5)","decl":{"start":{"line":6,"column":14},"end":{"line":6,"column":17}},"loc":{"start":{"line":6,"column":14},"end":{"line":9,"column":44}}}},"branchMap":{"0":{"loc":{"start":{"line":16,"column":4},"end":{"line":16,"column":null}},"type":"if","locations":[{"start":{"line":16,"column":4},"end":{"line":16,"column":null}}]},"1":{"loc":{"start":{"line":17,"column":4},"end":{"line":17,"column":null}},"type":"if","locations":[{"start":{"line":17,"column":4},"end":{"line":17,"column":null}}]},"2":{"loc":{"start":{"line":18,"column":11},"end":{"line":18,"column":null}},"type":"binary-expr","locations":[{"start":{"line":18,"column":11},"end":{"line":18,"column":24}},{"start":{"line":18,"column":24},"end":{"line":18,"column":null}}]},"3":{"loc":{"start":{"line":28,"column":27},"end":{"line":28,"column":null}},"type":"cond-expr","locations":[{"start":{"line":28,"column":47},"end":{"line":28,"column":68}},{"start":{"line":28,"column":68},"end":{"line":28,"column":null}}]},"4":{"loc":{"start":{"line":40,"column":7},"end":{"line":40,"column":null}},"type":"binary-expr","locations":[{"start":{"line":40,"column":7},"end":{"line":40,"column":21}},{"start":{"line":40,"column":21},"end":{"line":40,"column":null}}]}},"s":{"0":2,"1":8,"2":8,"3":8,"4":8,"5":0,"6":0,"7":8,"8":8,"9":4,"10":4,"11":0,"12":4,"13":8,"14":0,"15":2,"16":2,"17":2,"18":2},"f":{"0":8,"1":0,"2":0,"3":8,"4":0,"5":2},"b":{"0":[4],"1":[0],"2":[4,0],"3":[0,0],"4":[8,0]}}
,"C:/Users/Evald/repos/react/react_web_technologies/habit-tracker/src/components/layout/BottomNav.jsx": {"path":"C:/Users/Evald/repos/react/react_web_technologies/habit-tracker/src/components/layout/BottomNav.jsx","statementMap":{"0":{"start":{"line":3,"column":18},"end":{"line":26,"column":2}},"1":{"start":{"line":4,"column":2},"end":{"line":24,"column":null}},"2":{"start":{"line":11,"column":23},"end":{"line":11,"column":null}},"3":{"start":{"line":20,"column":23},"end":{"line":20,"column":null}},"4":{"start":{"line":26,"column":2},"end":{"line":3,"column":18}},"5":{"start":{"line":28,"column":25},"end":{"line":28,"column":null}}},"fnMap":{"0":{"name":"(anonymous_0)","decl":{"start":{"line":3,"column":18},"end":{"line":3,"column":19}},"loc":{"start":{"line":3,"column":75},"end":{"line":26,"column":2}}},"1":{"name":"(anonymous_1)","decl":{"start":{"line":11,"column":17},"end":{"line":11,"column":23}},"loc":{"start":{"line":11,"column":23},"end":{"line":11,"column":null}}},"2":{"name":"(anonymous_2)","decl":{"start":{"line":20,"column":17},"end":{"line":20,"column":23}},"loc":{"start":{"line":20,"column":23},"end":{"line":20,"column":null}}}},"branchMap":{"0":{"loc":{"start":{"line":9,"column":10},"end":{"line":9,"column":56}},"type":"cond-expr","locations":[{"start":{"line":9,"column":34},"end":{"line":9,"column":54}},{"start":{"line":9,"column":54},"end":{"line":9,"column":56}}]},"1":{"loc":{"start":{"line":13,"column":9},"end":{"line":13,"column":null}},"type":"binary-expr","locations":[{"start":{"line":13,"column":9},"end":{"line":13,"column":21}},{"start":{"line":13,"column":21},"end":{"line":13,"column":null}}]},"2":{"loc":{"start":{"line":18,"column":10},"end":{"line":18,"column":61}},"type":"cond-expr","locations":[{"start":{"line":18,"column":39},"end":{"line":18,"column":59}},{"start":{"line":18,"column":59},"end":{"line":18,"column":61}}]},"3":{"loc":{"start":{"line":22,"column":9},"end":{"line":22,"column":null}},"type":"binary-expr","locations":[{"start":{"line":22,"column":9},"end":{"line":22,"column":26}},{"start":{"line":22,"column":26},"end":{"line":22,"column":null}}]}},"s":{"0":2,"1":6,"2":2,"3":2,"4":2,"5":2},"f":{"0":6,"1":2,"2":2},"b":{"0":[4,2],"1":[6,6],"2":[2,4],"3":[6,6]}}
,"C:/Users/Evald/repos/react/react_web_technologies/habit-tracker/src/components/layout/Header.jsx": {"path":"C:/Users/Evald/repos/react/react_web_technologies/habit-tracker/src/components/layout/Header.jsx","statementMap":{"0":{"start":{"line":7,"column":15},"end":{"line":28,"column":2}},"1":{"start":{"line":7,"column":44},"end":{"line":7,"column":null}},"2":{"start":{"line":8,"column":16},"end":{"line":8,"column":null}},"3":{"start":{"line":10,"column":2},"end":{"line":26,"column":null}},"4":{"start":{"line":28,"column":2},"end":{"line":8,"column":24}},"5":{"start":{"line":7,"column":12},"end":{"line":8,"column":24}},"6":{"start":{"line":8,"column":23},"end":{"line":7,"column":12}},"7":{"start":{"line":30,"column":22},"end":{"line":30,"column":null}}},"fnMap":{"0":{"name":"(anonymous_0)","decl":{"start":{"line":7,"column":15},"end":{"line":7,"column":16}},"loc":{"start":{"line":7,"column":44},"end":{"line":28,"column":2}}},"1":{"name":"(anonymous_1)","decl":{"start":{"line":7,"column":12},"end":{"line":7,"column":15}},"loc":{"start":{"line":7,"column":12},"end":{"line":8,"column":24}}}},"branchMap":{},"s":{"0":2,"1":8,"2":8,"3":8,"4":2,"5":2,"6":2,"7":2},"f":{"0":8,"1":2},"b":{}}
,"C:/Users/Evald/repos/react/react_web_technologies/habit-tracker/src/components/layout/ProfileMenu.jsx": {"path":"C:/Users/Evald/repos/react/react_web_technologies/habit-tracker/src/components/layout/ProfileMenu.jsx","statementMap":{"0":{"start":{"line":6,"column":20},"end":{"line":22,"column":2}},"1":{"start":{"line":6,"column":26},"end":{"line":6,"column":null}},"2":{"start":{"line":7,"column":21},"end":{"line":7,"column":null}},"3":{"start":{"line":9,"column":2},"end":{"line":20,"column":null}},"4":{"start":{"line":22,"column":2},"end":{"line":7,"column":29}},"5":{"start":{"line":6,"column":17},"end":{"line":7,"column":29}},"6":{"start":{"line":7,"column":28},"end":{"line":6,"column":17}},"7":{"start":{"line":24,"column":27},"end":{"line":24,"column":null}}},"fnMap":{"0":{"name":"(anonymous_0)","decl":{"start":{"line":6,"column":20},"end":{"line":6,"column":26}},"loc":{"start":{"line":6,"column":26},"end":{"line":22,"column":2}}},"1":{"name":"(anonymous_1)","decl":{"start":{"line":6,"column":17},"end":{"line":6,"column":20}},"loc":{"start":{"line":6,"column":17},"end":{"line":7,"column":29}}}},"branchMap":{},"s":{"0":2,"1":0,"2":0,"3":0,"4":2,"5":0,"6":2,"7":2},"f":{"0":0,"1":0},"b":{}}
,"C:/Users/Evald/repos/react/react_web_technologies/habit-tracker/src/hooks/useAuth.jsx": {"path":"C:/Users/Evald/repos/react/react_web_technologies/habit-tracker/src/hooks/useAuth.jsx","statementMap":{"0":{"start":{"line":4,"column":27},"end":{"line":4,"column":null}},"1":{"start":{"line":6,"column":28},"end":{"line":80,"column":null}},"2":{"start":{"line":6,"column":46},"end":{"line":6,"column":null}},"3":{"start":{"line":7,"column":28},"end":{"line":9,"column":null}},"4":{"start":{"line":8,"column":10},"end":{"line":8,"column":null}},"5":{"start":{"line":10,"column":30},"end":{"line":12,"column":null}},"6":{"start":{"line":11,"column":10},"end":{"line":11,"column":null}},"7":{"start":{"line":14,"column":2},"end":{"line":18,"column":null}},"8":{"start":{"line":15,"column":4},"end":{"line":17,"column":null}},"9":{"start":{"line":16,"column":6},"end":{"line":16,"column":null}},"10":{"start":{"line":20,"column":16},"end":{"line":36,"column":null}},"11":{"start":{"line":21,"column":4},"end":{"line":35,"column":null}},"12":{"start":{"line":22,"column":23},"end":{"line":22,"column":null}},"13":{"start":{"line":24,"column":6},"end":{"line":24,"column":null}},"14":{"start":{"line":25,"column":6},"end":{"line":25,"column":null}},"15":{"start":{"line":27,"column":6},"end":{"line":28,"column":null}},"16":{"start":{"line":30,"column":6},"end":{"line":30,"column":null}},"17":{"start":{"line":31,"column":6},"end":{"line":31,"column":null}},"18":{"start":{"line":33,"column":6},"end":{"line":33,"column":null}},"19":{"start":{"line":34,"column":6},"end":{"line":34,"column":null}},"20":{"start":{"line":38,"column":19},"end":{"line":56,"column":null}},"21":{"start":{"line":39,"column":4},"end":{"line":55,"column":null}},"22":{"start":{"line":40,"column":23},"end":{"line":44,"column":null}},"23":{"start":{"line":46,"column":6},"end":{"line":46,"column":null}},"24":{"start":{"line":47,"column":6},"end":{"line":47,"column":null}},"25":{"start":{"line":48,"column":6},"end":{"line":49,"column":null}},"26":{"start":{"line":50,"column":6},"end":{"line":50,"column":null}},"27":{"start":{"line":51,"column":6},"end":{"line":51,"column":null}},"28":{"start":{"line":53,"column":6},"end":{"line":53,"column":null}},"29":{"start":{"line":54,"column":6},"end":{"line":54,"column":null}},"30":{"start":{"line":58,"column":17},"end":{"line":66,"column":null}},"31":{"start":{"line":59,"column":4},"end":{"line":59,"column":null}},"32":{"start":{"line":60,"column":4},"end":{"line":60,"column":null}},"33":{"start":{"line":62,"column":4},"end":{"line":62,"column":null}},"34":{"start":{"line":63,"column":4},"end":{"line":63,"column":null}},"35":{"start":{"line":65,"column":4},"end":{"line":65,"column":null}},"36":{"start":{"line":68,"column":26},"end":{"line":68,"column":null}},"37":{"start":{"line":70,"column":16},"end":{"line":77,"column":null}},"38":{"start":{"line":79,"column":2},"end":{"line":79,"column":null}},"39":{"start":{"line":82,"column":0},"end":{"line":6,"column":28}},"40":{"start":{"line":6,"column":25},"end":{"line":null,"column":-1}},"41":{"start":{"line":83,"column":23},"end":{"line":85,"column":2}},"42":{"start":{"line":83,"column":29},"end":{"line":83,"column":null}},"43":{"start":{"line":84,"column":2},"end":{"line":84,"column":null}},"44":{"start":{"line":85,"column":2},"end":{"line":83,"column":23}},"45":{"start":{"line":83,"column":20},"end":{"line":83,"column":23}}},"fnMap":{"0":{"name":"(anonymous_0)","decl":{"start":{"line":6,"column":28},"end":{"line":6,"column":29}},"loc":{"start":{"line":6,"column":46},"end":{"line":80,"column":null}}},"1":{"name":"(anonymous_1)","decl":{"start":{"line":8,"column":4},"end":{"line":8,"column":10}},"loc":{"start":{"line":8,"column":10},"end":{"line":8,"column":null}}},"2":{"name":"(anonymous_2)","decl":{"start":{"line":11,"column":4},"end":{"line":11,"column":10}},"loc":{"start":{"line":11,"column":10},"end":{"line":11,"column":null}}},"3":{"name":"(anonymous_3)","decl":{"start":{"line":14,"column":12},"end":{"line":14,"column":18}},"loc":{"start":{"line":14,"column":18},"end":{"line":18,"column":5}}},"4":{"name":"(anonymous_4)","decl":{"start":{"line":20,"column":16},"end":{"line":20,"column":23}},"loc":{"start":{"line":20,"column":43},"end":{"line":36,"column":null}}},"5":{"name":"(anonymous_5)","decl":{"start":{"line":38,"column":19},"end":{"line":38,"column":26}},"loc":{"start":{"line":38,"column":52},"end":{"line":56,"column":null}}},"6":{"name":"(anonymous_6)","decl":{"start":{"line":58,"column":17},"end":{"line":58,"column":23}},"loc":{"start":{"line":58,"column":23},"end":{"line":66,"column":null}}},"7":{"name":"(anonymous_7)","decl":{"start":{"line":83,"column":23},"end":{"line":83,"column":29}},"loc":{"start":{"line":83,"column":29},"end":{"line":85,"column":2}}}},"branchMap":{"0":{"loc":{"start":{"line":8,"column":10},"end":{"line":8,"column":null}},"type":"binary-expr","locations":[{"start":{"line":8,"column":10},"end":{"line":8,"column":49}},{"start":{"line":8,"column":49},"end":{"line":8,"column":null}}]},"1":{"loc":{"start":{"line":11,"column":10},"end":{"line":11,"column":null}},"type":"binary-expr","locations":[{"start":{"line":11,"column":10},"end":{"line":11,"column":44}},{"start":{"line":11,"column":44},"end":{"line":11,"column":null}}]},"2":{"loc":{"start":{"line":15,"column":4},"end":{"line":17,"column":null}},"type":"if","locations":[{"start":{"line":15,"column":4},"end":{"line":17,"column":null}}]}},"s":{"0":2,"1":2,"2":0,"3":0,"4":0,"5":0,"6":0,"7":0,"8":0,"9":0,"10":0,"11":0,"12":0,"13":0,"14":0,"15":0,"16":0,"17":0,"18":0,"19":0,"20":0,"21":0,"22":0,"23":0,"24":0,"25":0,"26":0,"27":0,"28":0,"29":0,"30":0,"31":0,"32":0,"33":0,"34":0,"35":0,"36":0,"37":0,"38":0,"39":2,"40":2,"41":2,"42":58,"43":58,"44":2,"45":2},"f":{"0":0,"1":0,"2":0,"3":0,"4":0,"5":0,"6":0,"7":58},"b":{"0":[0,0],"1":[0,0],"2":[0]}}
,"C:/Users/Evald/repos/react/react_web_technologies/habit-tracker/src/hooks/useCompletions.jsx": {"path":"C:/Users/Evald/repos/react/react_web_technologies/habit-tracker/src/hooks/useCompletions.jsx","statementMap":{"0":{"start":{"line":9,"column":30},"end":{"line":48,"column":2}},"1":{"start":{"line":9,"column":40},"end":{"line":9,"column":null}},"2":{"start":{"line":10,"column":22},"end":{"line":10,"column":null}},"3":{"start":{"line":11,"column":21},"end":{"line":11,"column":null}},"4":{"start":{"line":13,"column":30},"end":{"line":13,"column":null}},"5":{"start":{"line":14,"column":28},"end":{"line":14,"column":null}},"6":{"start":{"line":16,"column":65},"end":{"line":20,"column":null}},"7":{"start":{"line":18,"column":19},"end":{"line":18,"column":null}},"8":{"start":{"line":22,"column":67},"end":{"line":28,"column":null}},"9":{"start":{"line":25,"column":6},"end":{"line":25,"column":null}},"10":{"start":{"line":26,"column":6},"end":{"line":26,"column":null}},"11":{"start":{"line":31,"column":4},"end":{"line":37,"column":null}},"12":{"start":{"line":34,"column":8},"end":{"line":34,"column":null}},"13":{"start":{"line":35,"column":8},"end":{"line":35,"column":null}},"14":{"start":{"line":40,"column":4},"end":{"line":40,"column":null}},"15":{"start":{"line":42,"column":2},"end":{"line":47,"column":null}},"16":{"start":{"line":48,"column":2},"end":{"line":31,"column":16}},"17":{"start":{"line":9,"column":27},"end":{"line":31,"column":16}}},"fnMap":{"0":{"name":"(anonymous_0)","decl":{"start":{"line":9,"column":30},"end":{"line":9,"column":31}},"loc":{"start":{"line":9,"column":40},"end":{"line":48,"column":2}}},"1":{"name":"(anonymous_1)","decl":{"start":{"line":18,"column":13},"end":{"line":18,"column":19}},"loc":{"start":{"line":18,"column":19},"end":{"line":18,"column":null}}},"2":{"name":"(anonymous_2)","decl":{"start":{"line":24,"column":15},"end":{"line":24,"column":21}},"loc":{"start":{"line":24,"column":21},"end":{"line":27,"column":null}}},"3":{"name":"(anonymous_3)","decl":{"start":{"line":33,"column":17},"end":{"line":33,"column":23}},"loc":{"start":{"line":33,"column":23},"end":{"line":36,"column":null}}},"4":{"name":"(anonymous_4)","decl":{"start":{"line":9,"column":27},"end":{"line":9,"column":30}},"loc":{"start":{"line":9,"column":27},"end":{"line":31,"column":16}}}},"branchMap":{"0":{"loc":{"start":{"line":19,"column":13},"end":{"line":19,"column":null}},"type":"binary-expr","locations":[{"start":{"line":19,"column":13},"end":{"line":19,"column":25}},{"start":{"line":19,"column":25},"end":{"line":19,"column":null}}]},"1":{"loc":{"start":{"line":40,"column":4},"end":{"line":40,"column":null}},"type":"binary-expr","locations":[{"start":{"line":40,"column":4},"end":{"line":40,"column":28}},{"start":{"line":40,"column":28},"end":{"line":40,"column":50}},{"start":{"line":40,"column":50},"end":{"line":40,"column":null}}]},"2":{"loc":{"start":{"line":43,"column":17},"end":{"line":43,"column":null}},"type":"binary-expr","locations":[{"start":{"line":43,"column":17},"end":{"line":43,"column":32}},{"start":{"line":43,"column":32},"end":{"line":43,"column":null}}]}},"s":{"0":2,"1":10,"2":10,"3":10,"4":10,"5":10,"6":10,"7":6,"8":10,"9":0,"10":0,"11":10,"12":0,"13":0,"14":10,"15":10,"16":2,"17":0},"f":{"0":10,"1":6,"2":0,"3":0,"4":0},"b":{"0":[10,10],"1":[10,8,8],"2":[10,2]}}
,"C:/Users/Evald/repos/react/react_web_technologies/habit-tracker/src/hooks/useHabits.jsx": {"path":"C:/Users/Evald/repos/react/react_web_technologies/habit-tracker/src/hooks/useHabits.jsx","statementMap":{"0":{"start":{"line":9,"column":25},"end":{"line":46,"column":2}},"1":{"start":{"line":9,"column":31},"end":{"line":9,"column":null}},"2":{"start":{"line":10,"column":22},"end":{"line":10,"column":null}},"3":{"start":{"line":11,"column":21},"end":{"line":11,"column":null}},"4":{"start":{"line":13,"column":55},"end":{"line":19,"column":null}},"5":{"start":{"line":16,"column":19},"end":{"line":16,"column":null}},"6":{"start":{"line":21,"column":57},"end":{"line":27,"column":null}},"7":{"start":{"line":25,"column":6},"end":{"line":25,"column":null}},"8":{"start":{"line":29,"column":62},"end":{"line":36,"column":null}},"9":{"start":{"line":32,"column":6},"end":{"line":32,"column":null}},"10":{"start":{"line":34,"column":6},"end":{"line":34,"column":null}},"11":{"start":{"line":38,"column":2},"end":{"line":45,"column":null}},"12":{"start":{"line":46,"column":2},"end":{"line":29,"column":74}},"13":{"start":{"line":9,"column":22},"end":{"line":29,"column":74}}},"fnMap":{"0":{"name":"(anonymous_0)","decl":{"start":{"line":9,"column":25},"end":{"line":9,"column":31}},"loc":{"start":{"line":9,"column":31},"end":{"line":46,"column":2}}},"1":{"name":"(anonymous_1)","decl":{"start":{"line":16,"column":13},"end":{"line":16,"column":19}},"loc":{"start":{"line":16,"column":19},"end":{"line":16,"column":null}}},"2":{"name":"(anonymous_2)","decl":{"start":{"line":24,"column":15},"end":{"line":24,"column":21}},"loc":{"start":{"line":24,"column":21},"end":{"line":26,"column":null}}},"3":{"name":"(anonymous_3)","decl":{"start":{"line":31,"column":15},"end":{"line":31,"column":21}},"loc":{"start":{"line":31,"column":21},"end":{"line":35,"column":null}}},"4":{"name":"(anonymous_4)","decl":{"start":{"line":9,"column":22},"end":{"line":9,"column":25}},"loc":{"start":{"line":9,"column":22},"end":{"line":29,"column":74}}}},"branchMap":{"0":{"loc":{"start":{"line":39,"column":12},"end":{"line":39,"column":null}},"type":"binary-expr","locations":[{"start":{"line":39,"column":12},"end":{"line":39,"column":22}},{"start":{"line":39,"column":22},"end":{"line":39,"column":null}}]}},"s":{"0":2,"1":16,"2":16,"3":16,"4":16,"5":8,"6":16,"7":0,"8":16,"9":0,"10":0,"11":16,"12":2,"13":0},"f":{"0":16,"1":8,"2":0,"3":0,"4":0},"b":{"0":[16,2]}}
,"C:/Users/Evald/repos/react/react_web_technologies/habit-tracker/src/hooks/useProgressData.jsx": {"path":"C:/Users/Evald/repos/react/react_web_technologies/habit-tracker/src/hooks/useProgressData.jsx","statementMap":{"0":{"start":{"line":8,"column":31},"end":{"line":51,"column":2}},"1":{"start":{"line":8,"column":37},"end":{"line":8,"column":null}},"2":{"start":{"line":9,"column":21},"end":{"line":9,"column":null}},"3":{"start":{"line":11,"column":38},"end":{"line":11,"column":null}},"4":{"start":{"line":12,"column":22},"end":{"line":12,"column":null}},"5":{"start":{"line":14,"column":68},"end":{"line":18,"column":null}},"6":{"start":{"line":16,"column":19},"end":{"line":16,"column":null}},"7":{"start":{"line":20,"column":23},"end":{"line":46,"column":null}},"8":{"start":{"line":21,"column":4},"end":{"line":23,"column":null}},"9":{"start":{"line":22,"column":6},"end":{"line":22,"column":null}},"10":{"start":{"line":25,"column":35},"end":{"line":25,"column":null}},"11":{"start":{"line":26,"column":4},"end":{"line":29,"column":null}},"12":{"start":{"line":27,"column":20},"end":{"line":27,"column":null}},"13":{"start":{"line":28,"column":6},"end":{"line":28,"column":null}},"14":{"start":{"line":31,"column":17},"end":{"line":31,"column":null}},"15":{"start":{"line":32,"column":18},"end":{"line":32,"column":null}},"16":{"start":{"line":34,"column":4},"end":{"line":43,"column":null}},"17":{"start":{"line":34,"column":17},"end":{"line":34,"column":21}},"18":{"start":{"line":35,"column":19},"end":{"line":35,"column":null}},"19":{"start":{"line":36,"column":6},"end":{"line":36,"column":null}},"20":{"start":{"line":38,"column":25},"end":{"line":38,"column":null}},"21":{"start":{"line":39,"column":20},"end":{"line":39,"column":null}},"22":{"start":{"line":41,"column":25},"end":{"line":41,"column":null}},"23":{"start":{"line":42,"column":6},"end":{"line":42,"column":null}},"24":{"start":{"line":45,"column":4},"end":{"line":45,"column":null}},"25":{"start":{"line":48,"column":20},"end":{"line":48,"column":null}},"26":{"start":{"line":50,"column":2},"end":{"line":50,"column":null}},"27":{"start":{"line":51,"column":2},"end":{"line":14,"column":77}},"28":{"start":{"line":8,"column":28},"end":{"line":14,"column":77}}},"fnMap":{"0":{"name":"(anonymous_0)","decl":{"start":{"line":8,"column":31},"end":{"line":8,"column":37}},"loc":{"start":{"line":8,"column":37},"end":{"line":51,"column":2}}},"1":{"name":"(anonymous_1)","decl":{"start":{"line":16,"column":13},"end":{"line":16,"column":19}},"loc":{"start":{"line":16,"column":19},"end":{"line":16,"column":null}}},"2":{"name":"(anonymous_2)","decl":{"start":{"line":20,"column":31},"end":{"line":20,"column":37}},"loc":{"start":{"line":20,"column":37},"end":{"line":46,"column":5}}},"3":{"name":"(anonymous_3)","decl":{"start":{"line":26,"column":27},"end":{"line":26,"column":28}},"loc":{"start":{"line":26,"column":37},"end":{"line":29,"column":5}}},"4":{"name":"(anonymous_4)","decl":{"start":{"line":8,"column":28},"end":{"line":8,"column":31}},"loc":{"start":{"line":8,"column":28},"end":{"line":14,"column":77}}}},"branchMap":{"0":{"loc":{"start":{"line":21,"column":4},"end":{"line":23,"column":null}},"type":"if","locations":[{"start":{"line":21,"column":4},"end":{"line":23,"column":null}}]},"1":{"loc":{"start":{"line":21,"column":8},"end":{"line":21,"column":46}},"type":"binary-expr","locations":[{"start":{"line":21,"column":8},"end":{"line":21,"column":27}},{"start":{"line":21,"column":27},"end":{"line":21,"column":46}}]},"2":{"loc":{"start":{"line":27,"column":20},"end":{"line":27,"column":null}},"type":"binary-expr","locations":[{"start":{"line":27,"column":20},"end":{"line":27,"column":61}},{"start":{"line":27,"column":61},"end":{"line":27,"column":null}}]},"3":{"loc":{"start":{"line":39,"column":20},"end":{"line":39,"column":null}},"type":"binary-expr","locations":[{"start":{"line":39,"column":20},"end":{"line":39,"column":62}},{"start":{"line":39,"column":62},"end":{"line":39,"column":null}}]},"4":{"loc":{"start":{"line":48,"column":20},"end":{"line":48,"column":null}},"type":"binary-expr","locations":[{"start":{"line":48,"column":20},"end":{"line":48,"column":39}},{"start":{"line":48,"column":39},"end":{"line":48,"column":null}}]}},"s":{"0":2,"1":6,"2":6,"3":6,"4":6,"5":6,"6":4,"7":6,"8":4,"9":2,"10":2,"11":2,"12":0,"13":0,"14":2,"15":2,"16":2,"17":2,"18":30,"19":30,"20":30,"21":30,"22":30,"23":30,"24":2,"25":6,"26":6,"27":2,"28":0},"f":{"0":6,"1":4,"2":4,"3":0,"4":0},"b":{"0":[2],"1":[4,2],"2":[0,0],"3":[30,30],"4":[6,6]}}
,"C:/Users/Evald/repos/react/react_web_technologies/habit-tracker/src/hooks/useUser.jsx": {"path":"C:/Users/Evald/repos/react/react_web_technologies/habit-tracker/src/hooks/useUser.jsx","statementMap":{"0":{"start":{"line":5,"column":18},"end":{"line":8,"column":null}},"1":{"start":{"line":6,"column":19},"end":{"line":6,"column":null}},"2":{"start":{"line":7,"column":2},"end":{"line":7,"column":null}},"3":{"start":{"line":10,"column":23},"end":{"line":20,"column":2}},"4":{"start":{"line":10,"column":29},"end":{"line":10,"column":null}},"5":{"start":{"line":11,"column":38},"end":{"line":11,"column":null}},"6":{"start":{"line":13,"column":2},"end":{"line":19,"column":null}},"7":{"start":{"line":16,"column":19},"end":{"line":16,"column":null}},"8":{"start":{"line":20,"column":2},"end":{"line":13,"column":18}},"9":{"start":{"line":10,"column":20},"end":{"line":13,"column":18}}},"fnMap":{"0":{"name":"(anonymous_0)","decl":{"start":{"line":5,"column":18},"end":{"line":5,"column":25}},"loc":{"start":{"line":5,"column":36},"end":{"line":8,"column":null}}},"1":{"name":"(anonymous_1)","decl":{"start":{"line":10,"column":23},"end":{"line":10,"column":29}},"loc":{"start":{"line":10,"column":29},"end":{"line":20,"column":2}}},"2":{"name":"(anonymous_2)","decl":{"start":{"line":16,"column":13},"end":{"line":16,"column":19}},"loc":{"start":{"line":16,"column":19},"end":{"line":16,"column":null}}},"3":{"name":"(anonymous_3)","decl":{"start":{"line":10,"column":20},"end":{"line":10,"column":23}},"loc":{"start":{"line":10,"column":20},"end":{"line":13,"column":18}}}},"branchMap":{},"s":{"0":2,"1":4,"2":4,"3":2,"4":16,"5":16,"6":16,"7":4,"8":2,"9":0},"f":{"0":4,"1":16,"2":4,"3":0},"b":{}}
,"C:/Users/Evald/repos/react/react_web_technologies/habit-tracker/src/pages/CalendarPage.jsx": {"path":"C:/Users/Evald/repos/react/react_web_technologies/habit-tracker/src/pages/CalendarPage.jsx","statementMap":{"0":{"start":{"line":10,"column":21},"end":{"line":81,"column":2}},"1":{"start":{"line":10,"column":50},"end":{"line":10,"column":null}},"2":{"start":{"line":11,"column":40},"end":{"line":11,"column":null}},"3":{"start":{"line":12,"column":21},"end":{"line":12,"column":null}},"4":{"start":{"line":13,"column":42},"end":{"line":13,"column":null}},"5":{"start":{"line":15,"column":29},"end":{"line":18,"column":null}},"6":{"start":{"line":16,"column":10},"end":{"line":16,"column":null}},"7":{"start":{"line":20,"column":51},"end":{"line":20,"column":null}},"8":{"start":{"line":22,"column":28},"end":{"line":30,"column":null}},"9":{"start":{"line":23,"column":4},"end":{"line":29,"column":null}},"10":{"start":{"line":28,"column":6},"end":{"line":28,"column":null}},"11":{"start":{"line":36,"column":6},"end":{"line":36,"column":null}},"12":{"start":{"line":38,"column":23},"end":{"line":47,"column":null}},"13":{"start":{"line":39,"column":27},"end":{"line":39,"column":null}},"14":{"start":{"line":40,"column":4},"end":{"line":40,"column":null}},"15":{"start":{"line":40,"column":31},"end":{"line":40,"column":66}},"16":{"start":{"line":42,"column":4},"end":{"line":46,"column":null}},"17":{"start":{"line":42,"column":34},"end":{"line":46,"column":6}},"18":{"start":{"line":49,"column":28},"end":{"line":59,"column":null}},"19":{"start":{"line":50,"column":4},"end":{"line":58,"column":null}},"20":{"start":{"line":51,"column":6},"end":{"line":51,"column":null}},"21":{"start":{"line":53,"column":6},"end":{"line":57,"column":null}},"22":{"start":{"line":61,"column":20},"end":{"line":61,"column":null}},"23":{"start":{"line":63,"column":2},"end":{"line":79,"column":null}},"24":{"start":{"line":81,"column":2},"end":{"line":36,"column":21}},"25":{"start":{"line":10,"column":18},"end":{"line":36,"column":21}},"26":{"start":{"line":36,"column":20},"end":{"line":10,"column":18}},"27":{"start":{"line":83,"column":28},"end":{"line":83,"column":null}}},"fnMap":{"0":{"name":"(anonymous_0)","decl":{"start":{"line":10,"column":21},"end":{"line":10,"column":22}},"loc":{"start":{"line":10,"column":50},"end":{"line":81,"column":2}}},"1":{"name":"(anonymous_1)","decl":{"start":{"line":16,"column":4},"end":{"line":16,"column":10}},"loc":{"start":{"line":16,"column":10},"end":{"line":16,"column":null}}},"2":{"name":"(anonymous_2)","decl":{"start":{"line":22,"column":28},"end":{"line":22,"column":29}},"loc":{"start":{"line":22,"column":52},"end":{"line":30,"column":null}}},"3":{"name":"(anonymous_3)","decl":{"start":{"line":38,"column":31},"end":{"line":38,"column":37}},"loc":{"start":{"line":38,"column":37},"end":{"line":47,"column":5}}},"4":{"name":"(anonymous_4)","decl":{"start":{"line":40,"column":24},"end":{"line":40,"column":25}},"loc":{"start":{"line":40,"column":31},"end":{"line":40,"column":66}}},"5":{"name":"(anonymous_5)","decl":{"start":{"line":42,"column":22},"end":{"line":42,"column":23}},"loc":{"start":{"line":42,"column":34},"end":{"line":46,"column":6}}},"6":{"name":"(anonymous_6)","decl":{"start":{"line":49,"column":28},"end":{"line":49,"column":29}},"loc":{"start":{"line":49,"column":39},"end":{"line":59,"column":null}}},"7":{"name":"(anonymous_7)","decl":{"start":{"line":10,"column":18},"end":{"line":10,"column":21}},"loc":{"start":{"line":10,"column":18},"end":{"line":36,"column":21}}}},"branchMap":{"0":{"loc":{"start":{"line":23,"column":4},"end":{"line":29,"column":null}},"type":"if","locations":[{"start":{"line":23,"column":4},"end":{"line":29,"column":null}}]},"1":{"loc":{"start":{"line":45,"column":20},"end":{"line":45,"column":null}},"type":"binary-expr","locations":[{"start":{"line":45,"column":20},"end":{"line":45,"column":52}},{"start":{"line":45,"column":52},"end":{"line":45,"column":null}}]},"2":{"loc":{"start":{"line":50,"column":4},"end":{"line":58,"column":null}},"type":"if","locations":[{"start":{"line":50,"column":4},"end":{"line":58,"column":null}},{"start":{"line":52,"column":11},"end":{"line":58,"column":null}}]},"3":{"loc":{"start":{"line":61,"column":20},"end":{"line":61,"column":null}},"type":"binary-expr","locations":[{"start":{"line":61,"column":20},"end":{"line":61,"column":39}},{"start":{"line":61,"column":39},"end":{"line":61,"column":null}}]}},"s":{"0":2,"1":2,"2":2,"3":2,"4":2,"5":2,"6":2,"7":2,"8":2,"9":0,"10":0,"11":2,"12":2,"13":2,"14":2,"15":0,"16":2,"17":2,"18":2,"19":0,"20":0,"21":0,"22":2,"23":2,"24":2,"25":2,"26":2,"27":2},"f":{"0":2,"1":2,"2":0,"3":2,"4":0,"5":2,"6":0,"7":2},"b":{"0":[0],"1":[2,2],"2":[0,0],"3":[2,2]}}
,"C:/Users/Evald/repos/react/react_web_technologies/habit-tracker/src/pages/DashboardPage.cy.jsx": {"path":"C:/Users/Evald/repos/react/react_web_technologies/habit-tracker/src/pages/DashboardPage.cy.jsx","statementMap":{"0":{"start":{"line":7,"column":20},"end":{"line":7,"column":null}},"1":{"start":{"line":9,"column":0},"end":{"line":50,"column":null}},"2":{"start":{"line":10,"column":2},"end":{"line":21,"column":null}},"3":{"start":{"line":11,"column":4},"end":{"line":11,"column":null}},"4":{"start":{"line":12,"column":4},"end":{"line":14,"column":null}},"5":{"start":{"line":16,"column":4},"end":{"line":18,"column":null}},"6":{"start":{"line":20,"column":4},"end":{"line":20,"column":null}},"7":{"start":{"line":23,"column":2},"end":{"line":49,"column":null}},"8":{"start":{"line":24,"column":21},"end":{"line":24,"column":null}},"9":{"start":{"line":26,"column":4},"end":{"line":34,"column":null}},"10":{"start":{"line":36,"column":4},"end":{"line":36,"column":null}},"11":{"start":{"line":37,"column":4},"end":{"line":37,"column":null}},"12":{"start":{"line":38,"column":4},"end":{"line":38,"column":null}},"13":{"start":{"line":40,"column":4},"end":{"line":40,"column":null}},"14":{"start":{"line":42,"column":4},"end":{"line":42,"column":null}},"15":{"start":{"line":43,"column":4},"end":{"line":43,"column":null}},"16":{"start":{"line":45,"column":4},"end":{"line":45,"column":null}},"17":{"start":{"line":47,"column":4},"end":{"line":47,"column":null}},"18":{"start":{"line":48,"column":4},"end":{"line":48,"column":null}}},"fnMap":{"0":{"name":"(anonymous_0)","decl":{"start":{"line":9,"column":30},"end":{"line":9,"column":36}},"loc":{"start":{"line":9,"column":36},"end":{"line":50,"column":1}}},"1":{"name":"(anonymous_1)","decl":{"start":{"line":10,"column":13},"end":{"line":10,"column":19}},"loc":{"start":{"line":10,"column":19},"end":{"line":21,"column":3}}},"2":{"name":"(anonymous_2)","decl":{"start":{"line":23,"column":50},"end":{"line":23,"column":56}},"loc":{"start":{"line":23,"column":56},"end":{"line":49,"column":3}}}},"branchMap":{},"s":{"0":2,"1":2,"2":2,"3":2,"4":2,"5":2,"6":2,"7":2,"8":2,"9":2,"10":2,"11":2,"12":2,"13":2,"14":2,"15":2,"16":2,"17":2,"18":2},"f":{"0":2,"1":2,"2":2},"b":{}}
,"C:/Users/Evald/repos/react/react_web_technologies/habit-tracker/src/pages/DashboardPage.jsx": {"path":"C:/Users/Evald/repos/react/react_web_technologies/habit-tracker/src/pages/DashboardPage.jsx","statementMap":{"0":{"start":{"line":8,"column":22},"end":{"line":34,"column":2}},"1":{"start":{"line":8,"column":28},"end":{"line":8,"column":null}},"2":{"start":{"line":9,"column":40},"end":{"line":9,"column":null}},"3":{"start":{"line":11,"column":46},"end":{"line":11,"column":null}},"4":{"start":{"line":13,"column":28},"end":{"line":13,"column":null}},"5":{"start":{"line":13,"column":34},"end":{"line":13,"column":null}},"6":{"start":{"line":14,"column":29},"end":{"line":14,"column":null}},"7":{"start":{"line":14,"column":35},"end":{"line":14,"column":null}},"8":{"start":{"line":16,"column":21},"end":{"line":23,"column":null}},"9":{"start":{"line":17,"column":4},"end":{"line":19,"column":null}},"10":{"start":{"line":18,"column":6},"end":{"line":18,"column":null}},"11":{"start":{"line":20,"column":4},"end":{"line":22,"column":null}},"12":{"start":{"line":21,"column":6},"end":{"line":21,"column":null}},"13":{"start":{"line":25,"column":2},"end":{"line":32,"column":null}},"14":{"start":{"line":34,"column":2},"end":{"line":8,"column":22}},"15":{"start":{"line":8,"column":19},"end":{"line":null,"column":-1}},"16":{"start":{"line":36,"column":29},"end":{"line":36,"column":null}}},"fnMap":{"0":{"name":"(anonymous_0)","decl":{"start":{"line":8,"column":22},"end":{"line":8,"column":28}},"loc":{"start":{"line":8,"column":28},"end":{"line":34,"column":2}}},"1":{"name":"(anonymous_1)","decl":{"start":{"line":13,"column":28},"end":{"line":13,"column":34}},"loc":{"start":{"line":13,"column":34},"end":{"line":13,"column":null}}},"2":{"name":"(anonymous_2)","decl":{"start":{"line":14,"column":29},"end":{"line":14,"column":35}},"loc":{"start":{"line":14,"column":35},"end":{"line":14,"column":null}}},"3":{"name":"(anonymous_3)","decl":{"start":{"line":16,"column":21},"end":{"line":16,"column":27}},"loc":{"start":{"line":16,"column":27},"end":{"line":23,"column":null}}}},"branchMap":{"0":{"loc":{"start":{"line":17,"column":4},"end":{"line":19,"column":null}},"type":"if","locations":[{"start":{"line":17,"column":4},"end":{"line":19,"column":null}}]},"1":{"loc":{"start":{"line":20,"column":4},"end":{"line":22,"column":null}},"type":"if","locations":[{"start":{"line":20,"column":4},"end":{"line":22,"column":null}}]},"2":{"loc":{"start":{"line":31,"column":7},"end":{"line":31,"column":null}},"type":"binary-expr","locations":[{"start":{"line":31,"column":7},"end":{"line":31,"column":25}},{"start":{"line":31,"column":25},"end":{"line":31,"column":null}}]}},"s":{"0":2,"1":6,"2":6,"3":6,"4":6,"5":0,"6":6,"7":0,"8":6,"9":6,"10":4,"11":2,"12":2,"13":6,"14":2,"15":2,"16":2},"f":{"0":6,"1":0,"2":0,"3":6},"b":{"0":[4],"1":[2],"2":[6,0]}}
,"C:/Users/Evald/repos/react/react_web_technologies/habit-tracker/src/pages/MainPage.jsx": {"path":"C:/Users/Evald/repos/react/react_web_technologies/habit-tracker/src/pages/MainPage.jsx","statementMap":{"0":{"start":{"line":13,"column":17},"end":{"line":95,"column":2}},"1":{"start":{"line":13,"column":46},"end":{"line":13,"column":null}},"2":{"start":{"line":14,"column":40},"end":{"line":14,"column":null}},"3":{"start":{"line":16,"column":21},"end":{"line":16,"column":null}},"4":{"start":{"line":18,"column":26},"end":{"line":18,"column":null}},"5":{"start":{"line":20,"column":51},"end":{"line":20,"column":null}},"6":{"start":{"line":22,"column":28},"end":{"line":30,"column":null}},"7":{"start":{"line":23,"column":4},"end":{"line":29,"column":null}},"8":{"start":{"line":28,"column":6},"end":{"line":28,"column":null}},"9":{"start":{"line":37,"column":6},"end":{"line":37,"column":null}},"10":{"start":{"line":39,"column":23},"end":{"line":48,"column":null}},"11":{"start":{"line":40,"column":27},"end":{"line":40,"column":null}},"12":{"start":{"line":41,"column":4},"end":{"line":41,"column":null}},"13":{"start":{"line":41,"column":31},"end":{"line":41,"column":66}},"14":{"start":{"line":43,"column":4},"end":{"line":47,"column":null}},"15":{"start":{"line":43,"column":34},"end":{"line":47,"column":6}},"16":{"start":{"line":50,"column":28},"end":{"line":60,"column":null}},"17":{"start":{"line":51,"column":4},"end":{"line":59,"column":null}},"18":{"start":{"line":52,"column":6},"end":{"line":52,"column":null}},"19":{"start":{"line":54,"column":6},"end":{"line":58,"column":null}},"20":{"start":{"line":62,"column":20},"end":{"line":62,"column":null}},"21":{"start":{"line":62,"column":26},"end":{"line":62,"column":null}},"22":{"start":{"line":63,"column":21},"end":{"line":63,"column":null}},"23":{"start":{"line":63,"column":27},"end":{"line":63,"column":null}},"24":{"start":{"line":65,"column":20},"end":{"line":65,"column":null}},"25":{"start":{"line":66,"column":2},"end":{"line":68,"column":null}},"26":{"start":{"line":67,"column":4},"end":{"line":67,"column":null}},"27":{"start":{"line":69,"column":2},"end":{"line":93,"column":null}},"28":{"start":{"line":95,"column":2},"end":{"line":37,"column":21}},"29":{"start":{"line":13,"column":14},"end":{"line":37,"column":21}},"30":{"start":{"line":37,"column":20},"end":{"line":13,"column":14}},"31":{"start":{"line":97,"column":24},"end":{"line":97,"column":null}}},"fnMap":{"0":{"name":"(anonymous_0)","decl":{"start":{"line":13,"column":17},"end":{"line":13,"column":18}},"loc":{"start":{"line":13,"column":46},"end":{"line":95,"column":2}}},"1":{"name":"(anonymous_1)","decl":{"start":{"line":22,"column":28},"end":{"line":22,"column":29}},"loc":{"start":{"line":22,"column":52},"end":{"line":30,"column":null}}},"2":{"name":"(anonymous_2)","decl":{"start":{"line":39,"column":31},"end":{"line":39,"column":37}},"loc":{"start":{"line":39,"column":37},"end":{"line":48,"column":5}}},"3":{"name":"(anonymous_3)","decl":{"start":{"line":41,"column":24},"end":{"line":41,"column":25}},"loc":{"start":{"line":41,"column":31},"end":{"line":41,"column":66}}},"4":{"name":"(anonymous_4)","decl":{"start":{"line":43,"column":22},"end":{"line":43,"column":23}},"loc":{"start":{"line":43,"column":34},"end":{"line":47,"column":6}}},"5":{"name":"(anonymous_5)","decl":{"start":{"line":50,"column":28},"end":{"line":50,"column":29}},"loc":{"start":{"line":50,"column":39},"end":{"line":60,"column":null}}},"6":{"name":"(anonymous_6)","decl":{"start":{"line":62,"column":20},"end":{"line":62,"column":26}},"loc":{"start":{"line":62,"column":26},"end":{"line":62,"column":null}}},"7":{"name":"(anonymous_7)","decl":{"start":{"line":63,"column":21},"end":{"line":63,"column":27}},"loc":{"start":{"line":63,"column":27},"end":{"line":63,"column":null}}},"8":{"name":"(anonymous_8)","decl":{"start":{"line":13,"column":14},"end":{"line":13,"column":17}},"loc":{"start":{"line":13,"column":14},"end":{"line":37,"column":21}}}},"branchMap":{"0":{"loc":{"start":{"line":23,"column":4},"end":{"line":29,"column":null}},"type":"if","locations":[{"start":{"line":23,"column":4},"end":{"line":29,"column":null}}]},"1":{"loc":{"start":{"line":46,"column":20},"end":{"line":46,"column":null}},"type":"binary-expr","locations":[{"start":{"line":46,"column":20},"end":{"line":46,"column":52}},{"start":{"line":46,"column":52},"end":{"line":46,"column":null}}]},"2":{"loc":{"start":{"line":51,"column":4},"end":{"line":59,"column":null}},"type":"if","locations":[{"start":{"line":51,"column":4},"end":{"line":59,"column":null}},{"start":{"line":53,"column":11},"end":{"line":59,"column":null}}]},"3":{"loc":{"start":{"line":65,"column":20},"end":{"line":65,"column":null}},"type":"binary-expr","locations":[{"start":{"line":65,"column":20},"end":{"line":65,"column":39}},{"start":{"line":65,"column":39},"end":{"line":65,"column":null}}]},"4":{"loc":{"start":{"line":66,"column":2},"end":{"line":68,"column":null}},"type":"if","locations":[{"start":{"line":66,"column":2},"end":{"line":68,"column":null}}]},"5":{"loc":{"start":{"line":84,"column":7},"end":{"line":90,"column":null}},"type":"binary-expr","locations":[{"start":{"line":84,"column":7},"end":{"line":84,"column":null}},{"start":{"line":85,"column":8},"end":{"line":90,"column":null}}]}},"s":{"0":2,"1":8,"2":8,"3":8,"4":8,"5":8,"6":8,"7":0,"8":0,"9":8,"10":8,"11":6,"12":6,"13":0,"14":6,"15":4,"16":8,"17":0,"18":0,"19":0,"20":8,"21":0,"22":8,"23":0,"24":8,"25":8,"26":2,"27":6,"28":2,"29":2,"30":2,"31":2},"f":{"0":8,"1":0,"2":6,"3":0,"4":4,"5":0,"6":0,"7":0,"8":2},"b":{"0":[0],"1":[4,4],"2":[0,0],"3":[8,6],"4":[2],"5":[6,0]}}
,"C:/Users/Evald/repos/react/react_web_technologies/habit-tracker/src/services/api.js": {"path":"C:/Users/Evald/repos/react/react_web_technologies/habit-tracker/src/services/api.js","statementMap":{"0":{"start":{"line":3,"column":18},"end":{"line":5,"column":2}},"1":{"start":{"line":7,"column":0},"end":{"line":18,"column":null}},"2":{"start":{"line":9,"column":18},"end":{"line":9,"column":53}},"3":{"start":{"line":10,"column":4},"end":{"line":12,"column":null}},"4":{"start":{"line":11,"column":6},"end":{"line":11,"column":null}},"5":{"start":{"line":13,"column":4},"end":{"line":13,"column":null}},"6":{"start":{"line":16,"column":4},"end":{"line":16,"column":null}}},"fnMap":{"0":{"name":"(anonymous_0)","decl":{"start":{"line":8,"column":2},"end":{"line":8,"column":3}},"loc":{"start":{"line":8,"column":14},"end":{"line":14,"column":3}}},"1":{"name":"(anonymous_1)","decl":{"start":{"line":15,"column":2},"end":{"line":15,"column":3}},"loc":{"start":{"line":15,"column":13},"end":{"line":17,"column":3}}}},"branchMap":{"0":{"loc":{"start":{"line":10,"column":4},"end":{"line":12,"column":null}},"type":"if","locations":[{"start":{"line":10,"column":4},"end":{"line":12,"column":null}}]}},"s":{"0":2,"1":2,"2":22,"3":22,"4":0,"5":22,"6":0},"f":{"0":22,"1":0},"b":{"0":[0]}}
,"C:/Users/Evald/repos/react/react_web_technologies/habit-tracker/src/services/habitService.js": {"path":"C:/Users/Evald/repos/react/react_web_technologies/habit-tracker/src/services/habitService.js","statementMap":{"0":{"start":{"line":3,"column":28},"end":{"line":6,"column":1}},"1":{"start":{"line":4,"column":19},"end":{"line":4,"column":66}},"2":{"start":{"line":5,"column":2},"end":{"line":5,"column":null}},"3":{"start":{"line":8,"column":27},"end":{"line":11,"column":1}},"4":{"start":{"line":9,"column":19},"end":{"line":9,"column":61}},"5":{"start":{"line":10,"column":2},"end":{"line":10,"column":null}},"6":{"start":{"line":13,"column":39},"end":{"line":18,"column":1}},"7":{"start":{"line":14,"column":19},"end":{"line":16,"column":3}},"8":{"start":{"line":17,"column":2},"end":{"line":17,"column":null}},"9":{"start":{"line":20,"column":32},"end":{"line":23,"column":1}},"10":{"start":{"line":21,"column":19},"end":{"line":21,"column":71}},"11":{"start":{"line":22,"column":2},"end":{"line":22,"column":null}},"12":{"start":{"line":25,"column":35},"end":{"line":28,"column":1}},"13":{"start":{"line":26,"column":19},"end":{"line":26,"column":73}},"14":{"start":{"line":27,"column":2},"end":{"line":27,"column":null}},"15":{"start":{"line":30,"column":36},"end":{"line":33,"column":1}},"16":{"start":{"line":31,"column":19},"end":{"line":31,"column":71}},"17":{"start":{"line":32,"column":2},"end":{"line":32,"column":null}},"18":{"start":{"line":35,"column":30},"end":{"line":38,"column":1}},"19":{"start":{"line":36,"column":19},"end":{"line":36,"column":63}},"20":{"start":{"line":37,"column":2},"end":{"line":37,"column":null}}},"fnMap":{"0":{"name":"(anonymous_0)","decl":{"start":{"line":3,"column":28},"end":{"line":3,"column":33}},"loc":{"start":{"line":3,"column":46},"end":{"line":6,"column":1}}},"1":{"name":"(anonymous_1)","decl":{"start":{"line":8,"column":27},"end":{"line":8,"column":32}},"loc":{"start":{"line":8,"column":48},"end":{"line":11,"column":1}}},"2":{"name":"(anonymous_2)","decl":{"start":{"line":13,"column":39},"end":{"line":13,"column":44}},"loc":{"start":{"line":13,"column":63},"end":{"line":18,"column":1}}},"3":{"name":"(anonymous_3)","decl":{"start":{"line":20,"column":32},"end":{"line":20,"column":37}},"loc":{"start":{"line":20,"column":58},"end":{"line":23,"column":1}}},"4":{"name":"(anonymous_4)","decl":{"start":{"line":25,"column":35},"end":{"line":25,"column":40}},"loc":{"start":{"line":25,"column":59},"end":{"line":28,"column":1}}},"5":{"name":"(anonymous_5)","decl":{"start":{"line":30,"column":36},"end":{"line":30,"column":41}},"loc":{"start":{"line":30,"column":54},"end":{"line":33,"column":1}}},"6":{"name":"(anonymous_6)","decl":{"start":{"line":35,"column":30},"end":{"line":35,"column":35}},"loc":{"start":{"line":35,"column":49},"end":{"line":38,"column":1}}}},"branchMap":{},"s":{"0":2,"1":8,"2":8,"3":2,"4":0,"5":0,"6":2,"7":6,"8":6,"9":2,"10":0,"11":0,"12":2,"13":0,"14":0,"15":2,"16":4,"17":4,"18":2,"19":0,"20":0},"f":{"0":8,"1":0,"2":6,"3":0,"4":0,"5":4,"6":0},"b":{}}
,"C:/Users/Evald/repos/react/react_web_technologies/habit-tracker/src/utils/dateUtils.js": {"path":"C:/Users/Evald/repos/react/react_web_technologies/habit-tracker/src/utils/dateUtils.js","statementMap":{"0":{"start":{"line":1,"column":34},"end":{"line":3,"column":1}},"1":{"start":{"line":2,"column":2},"end":{"line":2,"column":null}},"2":{"start":{"line":5,"column":32},"end":{"line":8,"column":1}},"3":{"start":{"line":6,"column":2},"end":{"line":6,"column":null}},"4":{"start":{"line":7,"column":2},"end":{"line":7,"column":null}}},"fnMap":{"0":{"name":"(anonymous_0)","decl":{"start":{"line":1,"column":34},"end":{"line":1,"column":35}},"loc":{"start":{"line":1,"column":40},"end":{"line":3,"column":1}}},"1":{"name":"(anonymous_1)","decl":{"start":{"line":5,"column":32},"end":{"line":5,"column":33}},"loc":{"start":{"line":5,"column":42},"end":{"line":8,"column":1}}}},"branchMap":{},"s":{"0":2,"1":8,"2":2,"3":42,"4":42},"f":{"0":8,"1":42},"b":{}}
}
