{"total": {"lines":{"total":369,"covered":262,"skipped":0,"pct":71},"statements":{"total":420,"covered":294,"skipped":0,"pct":70},"functions":{"total":117,"covered":58,"skipped":0,"pct":49.57},"branches":{"total":85,"covered":53,"skipped":0,"pct":62.35},"branchesTrue":{"total":0,"covered":0,"skipped":0,"pct":100}}
,"C:/Users/Evald/repos/react/react_web_technologies/habit-tracker/cypress/support/component.js": {"lines":{"total":1,"covered":1,"skipped":0,"pct":100},"functions":{"total":0,"covered":0,"skipped":0,"pct":100},"statements":{"total":1,"covered":1,"skipped":0,"pct":100},"branches":{"total":0,"covered":0,"skipped":0,"pct":100}}
,"C:/Users/Evald/repos/react/react_web_technologies/habit-tracker/src/components/AddHabitModal.jsx": {"lines":{"total":19,"covered":4,"skipped":0,"pct":21.05},"functions":{"total":6,"covered":0,"skipped":0,"pct":0},"statements":{"total":22,"covered":4,"skipped":0,"pct":18.18},"branches":{"total":3,"covered":0,"skipped":0,"pct":0}}
,"C:/Users/Evald/repos/react/react_web_technologies/habit-tracker/src/components/CalendarWidget.jsx": {"lines":{"total":40,"covered":33,"skipped":0,"pct":82.5},"functions":{"total":11,"covered":6,"skipped":0,"pct":54.54},"statements":{"total":44,"covered":37,"skipped":0,"pct":84.09},"branches":{"total":8,"covered":6,"skipped":0,"pct":75}}
,"C:/Users/Evald/repos/react/react_web_technologies/habit-tracker/src/components/DailyHabitList.jsx": {"lines":{"total":9,"covered":7,"skipped":0,"pct":77.77},"functions":{"total":5,"covered":3,"skipped":0,"pct":60},"statements":{"total":9,"covered":7,"skipped":0,"pct":77.77},"branches":{"total":2,"covered":1,"skipped":0,"pct":50}}
,"C:/Users/Evald/repos/react/react_web_technologies/habit-tracker/src/components/HabitModal.jsx": {"lines":{"total":9,"covered":3,"skipped":0,"pct":33.33},"functions":{"total":5,"covered":0,"skipped":0,"pct":0},"statements":{"total":9,"covered":3,"skipped":0,"pct":33.33},"branches":{"total":0,"covered":0,"skipped":0,"pct":100}}
,"C:/Users/Evald/repos/react/react_web_technologies/habit-tracker/src/components/ProgressChart.jsx": {"lines":{"total":13,"covered":13,"skipped":0,"pct":100},"functions":{"total":5,"covered":5,"skipped":0,"pct":100},"statements":{"total":16,"covered":16,"skipped":0,"pct":100},"branches":{"total":5,"covered":3,"skipped":0,"pct":60}}
,"C:/Users/Evald/repos/react/react_web_technologies/habit-tracker/src/components/TodaySummary.jsx": {"lines":{"total":10,"covered":8,"skipped":0,"pct":80},"functions":{"total":4,"covered":2,"skipped":0,"pct":50},"statements":{"total":10,"covered":8,"skipped":0,"pct":80},"branches":{"total":2,"covered":1,"skipped":0,"pct":50}}
,"C:/Users/Evald/repos/react/react_web_technologies/habit-tracker/src/components/common/AddHabitButton.jsx": {"lines":{"total":4,"covered":4,"skipped":0,"pct":100},"functions":{"total":1,"covered":1,"skipped":0,"pct":100},"statements":{"total":4,"covered":4,"skipped":0,"pct":100},"branches":{"total":0,"covered":0,"skipped":0,"pct":100}}
,"C:/Users/Evald/repos/react/react_web_technologies/habit-tracker/src/components/common/Button.jsx": {"lines":{"total":8,"covered":5,"skipped":0,"pct":62.5},"functions":{"total":2,"covered":1,"skipped":0,"pct":50},"statements":{"total":8,"covered":5,"skipped":0,"pct":62.5},"branches":{"total":1,"covered":0,"skipped":0,"pct":0}}
,"C:/Users/Evald/repos/react/react_web_technologies/habit-tracker/src/components/common/Checkbox.jsx": {"lines":{"total":10,"covered":6,"skipped":0,"pct":60},"functions":{"total":3,"covered":1,"skipped":0,"pct":33.33},"statements":{"total":10,"covered":6,"skipped":0,"pct":60},"branches":{"total":3,"covered":2,"skipped":0,"pct":66.66}}
,"C:/Users/Evald/repos/react/react_web_technologies/habit-tracker/src/components/common/UserMenu.jsx": {"lines":{"total":13,"covered":11,"skipped":0,"pct":84.61},"functions":{"total":6,"covered":3,"skipped":0,"pct":50},"statements":{"total":19,"covered":15,"skipped":0,"pct":78.94},"branches":{"total":8,"covered":3,"skipped":0,"pct":37.5}}
,"C:/Users/Evald/repos/react/react_web_technologies/habit-tracker/src/components/layout/BottomNav.jsx": {"lines":{"total":6,"covered":6,"skipped":0,"pct":100},"functions":{"total":3,"covered":3,"skipped":0,"pct":100},"statements":{"total":6,"covered":6,"skipped":0,"pct":100},"branches":{"total":8,"covered":8,"skipped":0,"pct":100}}
,"C:/Users/Evald/repos/react/react_web_technologies/habit-tracker/src/components/layout/Header.jsx": {"lines":{"total":5,"covered":5,"skipped":0,"pct":100},"functions":{"total":2,"covered":2,"skipped":0,"pct":100},"statements":{"total":8,"covered":8,"skipped":0,"pct":100},"branches":{"total":0,"covered":0,"skipped":0,"pct":100}}
,"C:/Users/Evald/repos/react/react_web_technologies/habit-tracker/src/components/layout/ProfileMenu.jsx": {"lines":{"total":5,"covered":4,"skipped":0,"pct":80},"functions":{"total":2,"covered":0,"skipped":0,"pct":0},"statements":{"total":8,"covered":4,"skipped":0,"pct":50},"branches":{"total":0,"covered":0,"skipped":0,"pct":100}}
,"C:/Users/Evald/repos/react/react_web_technologies/habit-tracker/src/hooks/useAuth.jsx": {"lines":{"total":42,"covered":6,"skipped":0,"pct":14.28},"functions":{"total":8,"covered":1,"skipped":0,"pct":12.5},"statements":{"total":46,"covered":9,"skipped":0,"pct":19.56},"branches":{"total":5,"covered":0,"skipped":0,"pct":0}}
,"C:/Users/Evald/repos/react/react_web_technologies/habit-tracker/src/hooks/useCompletions.jsx": {"lines":{"total":16,"covered":12,"skipped":0,"pct":75},"functions":{"total":5,"covered":2,"skipped":0,"pct":40},"statements":{"total":18,"covered":13,"skipped":0,"pct":72.22},"branches":{"total":7,"covered":7,"skipped":0,"pct":100}}
,"C:/Users/Evald/repos/react/react_web_technologies/habit-tracker/src/hooks/useHabits.jsx": {"lines":{"total":12,"covered":9,"skipped":0,"pct":75},"functions":{"total":5,"covered":2,"skipped":0,"pct":40},"statements":{"total":14,"covered":10,"skipped":0,"pct":71.42},"branches":{"total":2,"covered":2,"skipped":0,"pct":100}}
,"C:/Users/Evald/repos/react/react_web_technologies/habit-tracker/src/hooks/useProgressData.jsx": {"lines":{"total":26,"covered":24,"skipped":0,"pct":92.3},"functions":{"total":5,"covered":3,"skipped":0,"pct":60},"statements":{"total":29,"covered":26,"skipped":0,"pct":89.65},"branches":{"total":9,"covered":7,"skipped":0,"pct":77.77}}
,"C:/Users/Evald/repos/react/react_web_technologies/habit-tracker/src/hooks/useUser.jsx": {"lines":{"total":8,"covered":8,"skipped":0,"pct":100},"functions":{"total":4,"covered":3,"skipped":0,"pct":75},"statements":{"total":10,"covered":9,"skipped":0,"pct":90},"branches":{"total":0,"covered":0,"skipped":0,"pct":100}}
,"C:/Users/Evald/repos/react/react_web_technologies/habit-tracker/src/pages/CalendarPage.jsx": {"lines":{"total":23,"covered":18,"skipped":0,"pct":78.26},"functions":{"total":8,"covered":5,"skipped":0,"pct":62.5},"statements":{"total":28,"covered":22,"skipped":0,"pct":78.57},"branches":{"total":7,"covered":4,"skipped":0,"pct":57.14}}
,"C:/Users/Evald/repos/react/react_web_technologies/habit-tracker/src/pages/DashboardPage.cy.jsx": {"lines":{"total":19,"covered":19,"skipped":0,"pct":100},"functions":{"total":3,"covered":3,"skipped":0,"pct":100},"statements":{"total":19,"covered":19,"skipped":0,"pct":100},"branches":{"total":0,"covered":0,"skipped":0,"pct":100}}
,"C:/Users/Evald/repos/react/react_web_technologies/habit-tracker/src/pages/DashboardPage.jsx": {"lines":{"total":13,"covered":13,"skipped":0,"pct":100},"functions":{"total":4,"covered":2,"skipped":0,"pct":50},"statements":{"total":17,"covered":15,"skipped":0,"pct":88.23},"branches":{"total":4,"covered":3,"skipped":0,"pct":75}}
,"C:/Users/Evald/repos/react/react_web_technologies/habit-tracker/src/pages/MainPage.jsx": {"lines":{"total":25,"covered":20,"skipped":0,"pct":80},"functions":{"total":9,"covered":4,"skipped":0,"pct":44.44},"statements":{"total":32,"covered":24,"skipped":0,"pct":75},"branches":{"total":10,"covered":6,"skipped":0,"pct":60}}
,"C:/Users/Evald/repos/react/react_web_technologies/habit-tracker/src/services/api.js": {"lines":{"total":7,"covered":5,"skipped":0,"pct":71.42},"functions":{"total":2,"covered":1,"skipped":0,"pct":50},"statements":{"total":7,"covered":5,"skipped":0,"pct":71.42},"branches":{"total":1,"covered":0,"skipped":0,"pct":0}}
,"C:/Users/Evald/repos/react/react_web_technologies/habit-tracker/src/services/habitService.js": {"lines":{"total":21,"covered":13,"skipped":0,"pct":61.9},"functions":{"total":7,"covered":3,"skipped":0,"pct":42.85},"statements":{"total":21,"covered":13,"skipped":0,"pct":61.9},"branches":{"total":0,"covered":0,"skipped":0,"pct":100}}
,"C:/Users/Evald/repos/react/react_web_technologies/habit-tracker/src/utils/dateUtils.js": {"lines":{"total":5,"covered":5,"skipped":0,"pct":100},"functions":{"total":2,"covered":2,"skipped":0,"pct":100},"statements":{"total":5,"covered":5,"skipped":0,"pct":100},"branches":{"total":0,"covered":0,"skipped":0,"pct":100}}
}
