TN:
SF:cypress\support\component.js
FNF:0
FNH:0
DA:22,2
LF:1
LH:1
BRF:0
BRH:0
end_of_record
TN:
SF:src\components\AddHabitModal.jsx
FN:7,(anonymous_0)
FN:12,(anonymous_1)
FN:16,(anonymous_2)
FN:29,(anonymous_3)
FN:50,(anonymous_4)
FN:7,(anonymous_5)
FNF:6
FNH:0
FNDA:0,(anonymous_0)
FNDA:0,(anonymous_1)
FNDA:0,(anonymous_2)
FNDA:0,(anonymous_3)
FNDA:0,(anonymous_4)
FNDA:0,(anonymous_5)
DA:7,2
DA:8,0
DA:9,0
DA:10,2
DA:12,0
DA:13,0
DA:16,0
DA:17,0
DA:18,0
DA:19,0
DA:22,0
DA:23,0
DA:30,0
DA:35,0
DA:36,0
DA:40,0
DA:50,0
DA:60,2
DA:62,2
LF:19
LH:4
BRDA:17,0,0,0
BRDA:55,1,0,0
BRDA:55,1,1,0
BRF:3
BRH:0
end_of_record
TN:
SF:src\components\CalendarWidget.jsx
FN:6,(anonymous_0)
FN:10,(anonymous_1)
FN:33,(anonymous_2)
FN:42,(anonymous_3)
FN:50,(anonymous_4)
FN:52,(anonymous_5)
FN:56,(anonymous_6)
FN:58,(anonymous_7)
FN:77,(anonymous_8)
FN:86,(anonymous_9)
FN:110,(anonymous_10)
FNF:11
FNH:6
FNDA:2,(anonymous_0)
FNDA:2,(anonymous_1)
FNDA:2,(anonymous_2)
FNDA:124,(anonymous_3)
FNDA:0,(anonymous_4)
FNDA:0,(anonymous_5)
FNDA:0,(anonymous_6)
FNDA:0,(anonymous_7)
FNDA:14,(anonymous_8)
FNDA:62,(anonymous_9)
FNDA:0,(anonymous_10)
DA:4,2
DA:6,2
DA:7,2
DA:10,2
DA:11,2
DA:12,2
DA:14,2
DA:16,2
DA:18,2
DA:20,2
DA:22,2
DA:23,0
DA:26,2
DA:27,62
DA:30,2
DA:33,2
DA:39,2
DA:40,2
DA:42,2
DA:43,124
DA:50,2
DA:51,0
DA:52,0
DA:56,2
DA:57,0
DA:58,0
DA:62,2
DA:78,14
DA:87,62
DA:88,0
DA:93,62
DA:99,62
DA:100,62
DA:102,62
DA:103,62
DA:104,62
DA:106,62
DA:110,0
DA:119,2
DA:121,2
LF:40
LH:33
BRDA:16,0,0,0
BRDA:16,0,1,2
BRDA:44,1,0,124
BRDA:44,1,1,4
BRDA:44,1,2,4
BRDA:87,2,0,0
BRDA:103,3,0,2
BRDA:104,4,0,2
BRF:8
BRH:6
end_of_record
TN:
SF:src\components\DailyHabitList.jsx
FN:7,(anonymous_0)
FN:11,(anonymous_1)
FN:28,(anonymous_2)
FN:33,(anonymous_3)
FN:34,(anonymous_4)
FNF:5
FNH:3
FNDA:2,(anonymous_0)
FNDA:2,(anonymous_1)
FNDA:2,(anonymous_2)
FNDA:0,(anonymous_3)
FNDA:0,(anonymous_4)
DA:7,2
DA:8,2
DA:11,2
DA:19,2
DA:29,2
DA:33,0
DA:34,0
DA:43,2
DA:45,2
LF:9
LH:7
BRDA:25,0,0,0
BRDA:25,0,1,2
BRF:2
BRH:1
end_of_record
TN:
SF:src\components\HabitModal.jsx
FN:6,(anonymous_0)
FN:13,(anonymous_1)
FN:24,(anonymous_2)
FN:29,(anonymous_3)
FN:30,(anonymous_4)
FNF:5
FNH:0
FNDA:0,(anonymous_0)
FNDA:0,(anonymous_1)
FNDA:0,(anonymous_2)
FNDA:0,(anonymous_3)
FNDA:0,(anonymous_4)
DA:6,2
DA:13,0
DA:14,0
DA:17,0
DA:25,0
DA:29,0
DA:30,0
DA:39,2
DA:41,2
LF:9
LH:3
BRF:0
BRH:0
end_of_record
TN:
SF:src\components\ProgressChart.jsx
FN:9,(anonymous_0)
FN:12,(anonymous_1)
FN:29,(anonymous_2)
FN:41,(anonymous_3)
FN:12,(anonymous_4)
FNF:5
FNH:5
FNDA:6,(anonymous_0)
FNDA:6,(anonymous_1)
FNDA:30,(anonymous_2)
FNDA:6,(anonymous_3)
FNDA:2,(anonymous_4)
DA:5,2
DA:6,2
DA:7,2
DA:9,6
DA:12,6
DA:13,6
DA:15,6
DA:16,4
DA:23,2
DA:30,30
DA:42,6
DA:49,2
DA:51,2
LF:13
LH:13
BRDA:6,0,0,0
BRDA:6,0,1,2
BRDA:8,1,0,0
BRDA:8,1,1,2
BRDA:15,2,0,4
BRF:5
BRH:3
end_of_record
TN:
SF:src\components\TodaySummary.jsx
FN:8,(anonymous_0)
FN:23,(anonymous_1)
FN:28,(anonymous_2)
FN:29,(anonymous_3)
FNF:4
FNH:2
FNDA:6,(anonymous_0)
FNDA:6,(anonymous_1)
FNDA:0,(anonymous_2)
FNDA:0,(anonymous_3)
DA:6,2
DA:8,2
DA:15,6
DA:16,6
DA:18,6
DA:24,6
DA:28,0
DA:29,0
DA:38,2
DA:40,2
LF:10
LH:8
BRDA:32,0,0,6
BRDA:32,0,1,0
BRF:2
BRH:1
end_of_record
TN:
SF:src\components\common\AddHabitButton.jsx
FN:4,(anonymous_0)
FNF:1
FNH:1
FNDA:8,(anonymous_0)
DA:4,2
DA:5,8
DA:10,2
DA:12,2
LF:4
LH:4
BRF:0
BRH:0
end_of_record
TN:
SF:src\components\common\Button.jsx
FN:3,(anonymous_0)
FN:4,(anonymous_1)
FNF:2
FNH:1
FNDA:8,(anonymous_0)
FNDA:0,(anonymous_1)
DA:3,2
DA:4,8
DA:5,0
DA:7,0
DA:8,0
DA:12,8
DA:17,2
DA:19,2
LF:8
LH:5
BRDA:7,0,0,0
BRF:1
BRH:0
end_of_record
TN:
SF:src\components\common\Checkbox.jsx
FN:3,(anonymous_0)
FN:4,(anonymous_1)
FN:7,(anonymous_2)
FNF:3
FNH:1
FNDA:8,(anonymous_0)
FNDA:0,(anonymous_1)
FNDA:0,(anonymous_2)
DA:3,2
DA:4,8
DA:5,0
DA:7,8
DA:8,0
DA:10,0
DA:11,0
DA:15,8
DA:33,2
DA:35,2
LF:10
LH:6
BRDA:10,0,0,0
BRDA:22,1,0,8
BRDA:22,1,1,8
BRF:3
BRH:2
end_of_record
TN:
SF:src\components\common\UserMenu.jsx
FN:6,(anonymous_0)
FN:11,(anonymous_1)
FN:12,(anonymous_2)
FN:15,(anonymous_3)
FN:28,(anonymous_4)
FN:6,(anonymous_5)
FNF:6
FNH:3
FNDA:8,(anonymous_0)
FNDA:0,(anonymous_1)
FNDA:0,(anonymous_2)
FNDA:8,(anonymous_3)
FNDA:0,(anonymous_4)
FNDA:2,(anonymous_5)
DA:6,8
DA:7,8
DA:9,8
DA:11,8
DA:12,0
DA:15,8
DA:16,8
DA:17,4
DA:18,4
DA:21,8
DA:28,0
DA:43,2
DA:45,2
LF:13
LH:11
BRDA:16,0,0,4
BRDA:17,1,0,0
BRDA:18,2,0,4
BRDA:18,2,1,0
BRDA:28,3,0,0
BRDA:28,3,1,0
BRDA:40,4,0,8
BRDA:40,4,1,0
BRF:8
BRH:3
end_of_record
TN:
SF:src\components\layout\BottomNav.jsx
FN:3,(anonymous_0)
FN:11,(anonymous_1)
FN:20,(anonymous_2)
FNF:3
FNH:3
FNDA:6,(anonymous_0)
FNDA:2,(anonymous_1)
FNDA:2,(anonymous_2)
DA:3,2
DA:4,6
DA:11,2
DA:20,2
DA:26,2
DA:28,2
LF:6
LH:6
BRDA:9,0,0,4
BRDA:9,0,1,2
BRDA:13,1,0,6
BRDA:13,1,1,6
BRDA:18,2,0,2
BRDA:18,2,1,4
BRDA:22,3,0,6
BRDA:22,3,1,6
BRF:8
BRH:8
end_of_record
TN:
SF:src\components\layout\Header.jsx
FN:7,(anonymous_0)
FN:7,(anonymous_1)
FNF:2
FNH:2
FNDA:8,(anonymous_0)
FNDA:2,(anonymous_1)
DA:7,8
DA:8,8
DA:10,8
DA:28,2
DA:30,2
LF:5
LH:5
BRF:0
BRH:0
end_of_record
TN:
SF:src\components\layout\ProfileMenu.jsx
FN:6,(anonymous_0)
FN:6,(anonymous_1)
FNF:2
FNH:0
FNDA:0,(anonymous_0)
FNDA:0,(anonymous_1)
DA:6,2
DA:7,2
DA:9,0
DA:22,2
DA:24,2
LF:5
LH:4
BRF:0
BRH:0
end_of_record
TN:
SF:src\hooks\useAuth.jsx
FN:6,(anonymous_0)
FN:8,(anonymous_1)
FN:11,(anonymous_2)
FN:14,(anonymous_3)
FN:20,(anonymous_4)
FN:38,(anonymous_5)
FN:58,(anonymous_6)
FN:83,(anonymous_7)
FNF:8
FNH:1
FNDA:0,(anonymous_0)
FNDA:0,(anonymous_1)
FNDA:0,(anonymous_2)
FNDA:0,(anonymous_3)
FNDA:0,(anonymous_4)
FNDA:0,(anonymous_5)
FNDA:0,(anonymous_6)
FNDA:58,(anonymous_7)
DA:4,2
DA:6,2
DA:7,0
DA:8,0
DA:10,0
DA:11,0
DA:14,0
DA:15,0
DA:16,0
DA:20,0
DA:21,0
DA:22,0
DA:24,0
DA:25,0
DA:27,0
DA:30,0
DA:31,0
DA:33,0
DA:34,0
DA:38,0
DA:39,0
DA:40,0
DA:46,0
DA:47,0
DA:48,0
DA:50,0
DA:51,0
DA:53,0
DA:54,0
DA:58,0
DA:59,0
DA:60,0
DA:62,0
DA:63,0
DA:65,0
DA:68,0
DA:70,0
DA:79,0
DA:82,2
DA:83,58
DA:84,58
DA:85,2
LF:42
LH:6
BRDA:8,0,0,0
BRDA:8,0,1,0
BRDA:11,1,0,0
BRDA:11,1,1,0
BRDA:15,2,0,0
BRF:5
BRH:0
end_of_record
TN:
SF:src\hooks\useCompletions.jsx
FN:9,(anonymous_0)
FN:18,(anonymous_1)
FN:24,(anonymous_2)
FN:33,(anonymous_3)
FN:9,(anonymous_4)
FNF:5
FNH:2
FNDA:10,(anonymous_0)
FNDA:6,(anonymous_1)
FNDA:0,(anonymous_2)
FNDA:0,(anonymous_3)
FNDA:0,(anonymous_4)
DA:9,10
DA:10,10
DA:11,10
DA:13,10
DA:14,10
DA:16,10
DA:18,6
DA:22,10
DA:25,0
DA:26,0
DA:31,10
DA:34,0
DA:35,0
DA:40,10
DA:42,10
DA:48,2
LF:16
LH:12
BRDA:19,0,0,10
BRDA:19,0,1,10
BRDA:40,1,0,10
BRDA:40,1,1,8
BRDA:40,1,2,8
BRDA:43,2,0,10
BRDA:43,2,1,2
BRF:7
BRH:7
end_of_record
TN:
SF:src\hooks\useHabits.jsx
FN:9,(anonymous_0)
FN:16,(anonymous_1)
FN:24,(anonymous_2)
FN:31,(anonymous_3)
FN:9,(anonymous_4)
FNF:5
FNH:2
FNDA:16,(anonymous_0)
FNDA:8,(anonymous_1)
FNDA:0,(anonymous_2)
FNDA:0,(anonymous_3)
FNDA:0,(anonymous_4)
DA:9,16
DA:10,16
DA:11,16
DA:13,16
DA:16,8
DA:21,16
DA:25,0
DA:29,16
DA:32,0
DA:34,0
DA:38,16
DA:46,2
LF:12
LH:9
BRDA:39,0,0,16
BRDA:39,0,1,2
BRF:2
BRH:2
end_of_record
TN:
SF:src\hooks\useProgressData.jsx
FN:8,(anonymous_0)
FN:16,(anonymous_1)
FN:20,(anonymous_2)
FN:26,(anonymous_3)
FN:8,(anonymous_4)
FNF:5
FNH:3
FNDA:6,(anonymous_0)
FNDA:4,(anonymous_1)
FNDA:4,(anonymous_2)
FNDA:0,(anonymous_3)
FNDA:0,(anonymous_4)
DA:8,6
DA:9,6
DA:11,6
DA:12,6
DA:14,6
DA:16,4
DA:20,6
DA:21,4
DA:22,2
DA:25,2
DA:26,2
DA:27,0
DA:28,0
DA:31,2
DA:32,2
DA:34,2
DA:35,30
DA:36,30
DA:38,30
DA:39,30
DA:41,30
DA:42,30
DA:45,2
DA:48,6
DA:50,6
DA:51,2
LF:26
LH:24
BRDA:21,0,0,2
BRDA:21,1,0,4
BRDA:21,1,1,2
BRDA:27,2,0,0
BRDA:27,2,1,0
BRDA:39,3,0,30
BRDA:39,3,1,30
BRDA:48,4,0,6
BRDA:48,4,1,6
BRF:9
BRH:7
end_of_record
TN:
SF:src\hooks\useUser.jsx
FN:5,(anonymous_0)
FN:10,(anonymous_1)
FN:16,(anonymous_2)
FN:10,(anonymous_3)
FNF:4
FNH:3
FNDA:4,(anonymous_0)
FNDA:16,(anonymous_1)
FNDA:4,(anonymous_2)
FNDA:0,(anonymous_3)
DA:5,2
DA:6,4
DA:7,4
DA:10,16
DA:11,16
DA:13,16
DA:16,4
DA:20,2
LF:8
LH:8
BRF:0
BRH:0
end_of_record
TN:
SF:src\pages\CalendarPage.jsx
FN:10,(anonymous_0)
FN:16,(anonymous_1)
FN:22,(anonymous_2)
FN:38,(anonymous_3)
FN:40,(anonymous_4)
FN:42,(anonymous_5)
FN:49,(anonymous_6)
FN:10,(anonymous_7)
FNF:8
FNH:5
FNDA:2,(anonymous_0)
FNDA:2,(anonymous_1)
FNDA:0,(anonymous_2)
FNDA:2,(anonymous_3)
FNDA:0,(anonymous_4)
FNDA:2,(anonymous_5)
FNDA:0,(anonymous_6)
FNDA:2,(anonymous_7)
DA:10,2
DA:11,2
DA:12,2
DA:13,2
DA:15,2
DA:16,2
DA:20,2
DA:22,2
DA:23,0
DA:28,0
DA:36,2
DA:38,2
DA:39,2
DA:40,2
DA:42,2
DA:49,2
DA:50,0
DA:51,0
DA:53,0
DA:61,2
DA:63,2
DA:81,2
DA:83,2
LF:23
LH:18
BRDA:23,0,0,0
BRDA:45,1,0,2
BRDA:45,1,1,2
BRDA:50,2,0,0
BRDA:50,2,1,0
BRDA:61,3,0,2
BRDA:61,3,1,2
BRF:7
BRH:4
end_of_record
TN:
SF:src\pages\DashboardPage.cy.jsx
FN:9,(anonymous_0)
FN:10,(anonymous_1)
FN:23,(anonymous_2)
FNF:3
FNH:3
FNDA:2,(anonymous_0)
FNDA:2,(anonymous_1)
FNDA:2,(anonymous_2)
DA:7,2
DA:9,2
DA:10,2
DA:11,2
DA:12,2
DA:16,2
DA:20,2
DA:23,2
DA:24,2
DA:26,2
DA:36,2
DA:37,2
DA:38,2
DA:40,2
DA:42,2
DA:43,2
DA:45,2
DA:47,2
DA:48,2
LF:19
LH:19
BRF:0
BRH:0
end_of_record
TN:
SF:src\pages\DashboardPage.jsx
FN:8,(anonymous_0)
FN:13,(anonymous_1)
FN:14,(anonymous_2)
FN:16,(anonymous_3)
FNF:4
FNH:2
FNDA:6,(anonymous_0)
FNDA:0,(anonymous_1)
FNDA:0,(anonymous_2)
FNDA:6,(anonymous_3)
DA:8,6
DA:9,6
DA:11,6
DA:13,6
DA:14,6
DA:16,6
DA:17,6
DA:18,4
DA:20,2
DA:21,2
DA:25,6
DA:34,2
DA:36,2
LF:13
LH:13
BRDA:17,0,0,4
BRDA:20,1,0,2
BRDA:31,2,0,6
BRDA:31,2,1,0
BRF:4
BRH:3
end_of_record
TN:
SF:src\pages\MainPage.jsx
FN:13,(anonymous_0)
FN:22,(anonymous_1)
FN:39,(anonymous_2)
FN:41,(anonymous_3)
FN:43,(anonymous_4)
FN:50,(anonymous_5)
FN:62,(anonymous_6)
FN:63,(anonymous_7)
FN:13,(anonymous_8)
FNF:9
FNH:4
FNDA:8,(anonymous_0)
FNDA:0,(anonymous_1)
FNDA:6,(anonymous_2)
FNDA:0,(anonymous_3)
FNDA:4,(anonymous_4)
FNDA:0,(anonymous_5)
FNDA:0,(anonymous_6)
FNDA:0,(anonymous_7)
FNDA:2,(anonymous_8)
DA:13,8
DA:14,8
DA:16,8
DA:18,8
DA:20,8
DA:22,8
DA:23,0
DA:28,0
DA:37,8
DA:39,8
DA:40,6
DA:41,6
DA:43,6
DA:50,8
DA:51,0
DA:52,0
DA:54,0
DA:62,8
DA:63,8
DA:65,8
DA:66,8
DA:67,2
DA:69,6
DA:95,2
DA:97,2
LF:25
LH:20
BRDA:23,0,0,0
BRDA:46,1,0,4
BRDA:46,1,1,4
BRDA:51,2,0,0
BRDA:51,2,1,0
BRDA:65,3,0,8
BRDA:65,3,1,6
BRDA:66,4,0,2
BRDA:84,5,0,6
BRDA:84,5,1,0
BRF:10
BRH:6
end_of_record
TN:
SF:src\services\api.js
FN:8,(anonymous_0)
FN:15,(anonymous_1)
FNF:2
FNH:1
FNDA:22,(anonymous_0)
FNDA:0,(anonymous_1)
DA:3,2
DA:7,2
DA:9,22
DA:10,22
DA:11,0
DA:13,22
DA:16,0
LF:7
LH:5
BRDA:10,0,0,0
BRF:1
BRH:0
end_of_record
TN:
SF:src\services\habitService.js
FN:3,(anonymous_0)
FN:8,(anonymous_1)
FN:13,(anonymous_2)
FN:20,(anonymous_3)
FN:25,(anonymous_4)
FN:30,(anonymous_5)
FN:35,(anonymous_6)
FNF:7
FNH:3
FNDA:8,(anonymous_0)
FNDA:0,(anonymous_1)
FNDA:6,(anonymous_2)
FNDA:0,(anonymous_3)
FNDA:0,(anonymous_4)
FNDA:4,(anonymous_5)
FNDA:0,(anonymous_6)
DA:3,2
DA:4,8
DA:5,8
DA:8,2
DA:9,0
DA:10,0
DA:13,2
DA:14,6
DA:17,6
DA:20,2
DA:21,0
DA:22,0
DA:25,2
DA:26,0
DA:27,0
DA:30,2
DA:31,4
DA:32,4
DA:35,2
DA:36,0
DA:37,0
LF:21
LH:13
BRF:0
BRH:0
end_of_record
TN:
SF:src\utils\dateUtils.js
FN:1,(anonymous_0)
FN:5,(anonymous_1)
FNF:2
FNH:2
FNDA:8,(anonymous_0)
FNDA:42,(anonymous_1)
DA:1,2
DA:2,8
DA:5,2
DA:6,42
DA:7,42
LF:5
LH:5
BRF:0
BRH:0
end_of_record
